<response xmlns="FBox/XMLSchema" xmlns:xsi="http://www.w3.org/2001/XMLSchema-instance" xsi:type="response_err" state="-1">
  <error code="-20001" msg="doc/ordrow[@ordrow_id=1105188-1105188A_895895/022/5]ORA-20001: Для позиции заказа не найден товар @good_id=022" backtrace="ORA-06512: на  &quot;ANP.FBR&quot;, line 654 ORA-06512: на  &quot;ANP.FBR&quot;, line 1907 ORA-06512: на  &quot;ANP.FBR&quot;, line 3588 " request_id="129616520"/>
</response>

<response xmlns="FBox/XMLSchema" xmlns:xsi="http://www.w3.org/2001/XMLSchema-instance" xsi:type="response_err" state="-1">
  <error code="-20001" msg="doc/ordrow[@ordrow_id=1105188-1105188A_895895/022/5]ORA-20001: Для позиции заказа не найден товар @good_id=022" backtrace="ORA-06512: на  &quot;ANP.FBR&quot;, line 654 ORA-06512: на  &quot;ANP.FBR&quot;, line 1907 ORA-06512: на  &quot;ANP.FBR&quot;, line 3588 " request_id="129616744"/>
</response>

<response xmlns="FBox/XMLSchema" xmlns:xsi="http://www.w3.org/2001/XMLSchema-instance" xsi:type="response_err" state="-1">
  <error code="-20001" msg="doc/ordrow[@ordrow_id=1105188-1105188A_895895/022/5]ORA-20001: Для позиции заказа не найден товар @good_id=022" backtrace="ORA-06512: на  &quot;ANP.FBR&quot;, line 654 ORA-06512: на  &quot;ANP.FBR&quot;, line 1907 ORA-06512: на  &quot;ANP.FBR&quot;, line 3588 " request_id="129616825"/>
</response>

<response xmlns="FBox/XMLSchema" xmlns:xsi="http://www.w3.org/2001/XMLSchema-instance" xsi:type="response_err" state="-1">
  <error code="-20001" msg="doc/ordrow[@ordrow_id=1105188-1105188A_895895/022/5]ORA-20001: Для позиции заказа не найден товар @good_id=022" backtrace="ORA-06512: на  &quot;ANP.FBR&quot;, line 654 ORA-06512: на  &quot;ANP.FBR&quot;, line 1907 ORA-06512: на  &quot;ANP.FBR&quot;, line 3588 " request_id="129616832"/>
</response>

<response xmlns="FBox/XMLSchema" xmlns:xsi="http://www.w3.org/2001/XMLSchema-instance" xsi:type="response_err" state="-1">
  <error code="-20001" msg="doc/ordrow[@ordrow_id=1105188-1105188A_895895/022/5]ORA-20001: Для позиции заказа не найден товар @good_id=022" backtrace="ORA-06512: на  &quot;ANP.FBR&quot;, line 654 ORA-06512: на  &quot;ANP.FBR&quot;, line 1907 ORA-06512: на  &quot;ANP.FBR&quot;, line 3588 " request_id="129617415"/>
</response>

<response xmlns="FBox/XMLSchema" xmlns:xsi="http://www.w3.org/2001/XMLSchema-instance" xsi:type="response" state="0"/>

<response xmlns="FBox/XMLSchema" xmlns:xsi="http://www.w3.org/2001/XMLSchema-instance" xsi:type="response_err" state="-1">
  <error code="-20001" msg="Документ c таким номером уже зарегистрирован /request/doc/@zdoc_id=1113341A-1113341A_895" backtrace="ORA-06512: на  &quot;ANP.ASSERT&quot;, line 11 ORA-06512: на  &quot;ANP.FBR&quot;, line 1890 ORA-06512: на  &quot;ANP.FBR&quot;, line 3588 " request_id="129628920"/>
</response>

<response xmlns="FBox/XMLSchema" xmlns:xsi="http://www.w3.org/2001/XMLSchema-instance" xsi:type="response_err" state="-1">
  <error code="-20001" msg="Документ c таким номером уже зарегистрирован /request/doc/@zdoc_id=1113341A-1113341A_895" backtrace="ORA-06512: на  &quot;ANP.ASSERT&quot;, line 11 ORA-06512: на  &quot;ANP.FBR&quot;, line 1890 ORA-06512: на  &quot;ANP.FBR&quot;, line 3588 " request_id="129629124"/>
</response>

<response xmlns="FBox/XMLSchema" xmlns:xsi="http://www.w3.org/2001/XMLSchema-instance" xsi:type="response_err" state="-1">
  <error code="-20001" msg="doc/ordrow[@ordrow_id=1113341-1113341A_896896/003/1]ORA-20001: Для позиции заказа не найдена шапка заказа @order_id=1113341-1113341A_" backtrace="ORA-06512: на  &quot;ANP.FBR&quot;, line 654 ORA-06512: на  &quot;ANP.FBR&quot;, line 1907 ORA-06512: на  &quot;ANP.FBR&quot;, line 3588 " request_id="129629843"/>
</response>

<response xmlns="FBox/XMLSchema" xmlns:xsi="http://www.w3.org/2001/XMLSchema-instance" xsi:type="response" state="0"/>

<response xmlns="FBox/XMLSchema" xmlns:xsi="http://www.w3.org/2001/XMLSchema-instance" xsi:type="response" state="0"/>

<response xmlns="FBox/XMLSchema" xmlns:xsi="http://www.w3.org/2001/XMLSchema-instance" xsi:type="response_err" state="-1">
  <error code="-20001" msg="doc/ordrow[@ordrow_id=1113341_898/003/1]ORA-20001: Для позиции заказа не найдена шапка заказа @order_id=1113341_898" backtrace="ORA-06512: на  &quot;ANP.FBR&quot;, line 654 ORA-06512: на  &quot;ANP.FBR&quot;, line 1907 ORA-06512: на  &quot;ANP.FBR&quot;, line 3588 " request_id="129632839"/>
</response>

<response xmlns="FBox/XMLSchema" xmlns:xsi="http://www.w3.org/2001/XMLSchema-instance" xsi:type="response_err" state="-1">
  <error code="-20001" msg="doc/ordrow[@ordrow_id=1113341_898/003/1]ORA-20001: Для позиции заказа не найдена шапка заказа @order_id=1113341_898" backtrace="ORA-06512: на  &quot;ANP.FBR&quot;, line 654 ORA-06512: на  &quot;ANP.FBR&quot;, line 1907 ORA-06512: на  &quot;ANP.FBR&quot;, line 3588 " request_id="129632921"/>
</response>

<response xmlns="FBox/XMLSchema" xmlns:xsi="http://www.w3.org/2001/XMLSchema-instance" xsi:type="response_err" state="-1">
  <error code="-20001" msg="doc/ordrow[@ordrow_id=1030594_899/003/1]ORA-20001: Для позиции заказа не найдена шапка заказа @order_id=1030594_899" backtrace="ORA-06512: на  &quot;ANP.FBR&quot;, line 654 ORA-06512: на  &quot;ANP.FBR&quot;, line 1907 ORA-06512: на  &quot;ANP.FBR&quot;, line 3588 " request_id="129634294"/>
</response>

<response xmlns="FBox/XMLSchema" xmlns:xsi="http://www.w3.org/2001/XMLSchema-instance" xsi:type="response" state="0"/>

<response xmlns="FBox/XMLSchema" xmlns:xsi="http://www.w3.org/2001/XMLSchema-instance" xsi:type="response" state="0"/>

<response xmlns="FBox/XMLSchema" xmlns:xsi="http://www.w3.org/2001/XMLSchema-instance" xsi:type="response" state="0"/>

