<?xml version="1.0" encoding="UTF-8"?>
<request partner_id="267" password="u5/*yf;9O2]" request_type="104"/>


<?xml version="1.0" encoding="UTF-8"?>
<request partner_id="267" password="u5/*yf;9O2]" from_date="2017-05-26" request_type="104"/>


<?xml version="1.0" encoding="UTF-8"?>
<request partner_id="267" password="u5/*yf;9O2]" from_date="2017-05-26" doc_type="6" request_type="104"/>


<?xml version="1.0" encoding="UTF-8"?>
<request partner_id="267" password="u5/*yf;9O2]" from_date="2017-05-31" doc_type="6" request_type="104"/>


<?xml version="1.0" encoding="UTF-8"?>
<request partner_id="267" password="u5/*yf;9O2]" from_date="2017-05-31" doc_type="6" request_type="104"/>


<?xml version="1.0" encoding="UTF-8"?>
<request partner_id="267" password="u5/*yf;9O2]" from_date="2017-05-31" doc_type="6" request_type="104"/>


<?xml version="1.0" encoding="UTF-8"?>
<request partner_id="267" password="u5/*yf;9O2]" from_date="2017-05-31" doc_type="6" request_type="104"/>


<?xml version="1.0" encoding="UTF-8"?>
<request partner_id="267" password="u5/*yf;9O2]" from_date="2017-05-31" doc_type="6" request_type="104"/>


<?xml version="1.0" encoding="UTF-8"?>
<request partner_id="267" password="u5/*yf;9O2]" from_date="2017-05-31" doc_type="6" request_type="104"/>


<?xml version="1.0" encoding="UTF-8"?>
<request partner_id="267" password="u5/*yf;9O2]" from_date="2017-05-31" doc_type="6" request_type="104"/>


<?xml version="1.0" encoding="UTF-8"?>
<request partner_id="267" password="u5/*yf;9O2]" from_date="2017-05-31" doc_type="6" request_type="104"/>


<?xml version="1.0" encoding="UTF-8"?>
<request partner_id="267" password="u5/*yf;9O2]" from_date="2017-05-31" doc_type="6" request_type="104"/>


<?xml version="1.0" encoding="UTF-8"?>
<request partner_id="267" password="u5/*yf;9O2]" from_date="2017-05-31" doc_type="6" request_type="104"/>


<?xml version="1.0" encoding="UTF-8"?>
<request partner_id="267" password="u5/*yf;9O2]" from_date="2017-05-31" doc_type="6" request_type="104"/>


<?xml version="1.0" encoding="UTF-8"?>
<request partner_id="267" password="u5/*yf;9O2]" from_date="2017-05-31" doc_type="6" request_type="104"/>


<?xml version="1.0" encoding="UTF-8"?>
<request partner_id="267" password="u5/*yf;9O2]" from_date="2017-05-31" doc_type="6" request_type="104"/>


<?xml version="1.0" encoding="UTF-8"?>
<request partner_id="267" password="u5/*yf;9O2]" from_date="2017-05-31" doc_type="6" request_type="104"/>


<?xml version="1.0" encoding="UTF-8"?>
<request partner_id="267" password="u5/*yf;9O2]" from_date="2017-05-31" doc_type="6" request_type="104"/>


<?xml version="1.0" encoding="UTF-8"?>
<request partner_id="267" password="u5/*yf;9O2]" from_date="2017-05-31" doc_type="6" request_type="104"/>


<?xml version="1.0" encoding="UTF-8"?>
<request partner_id="267" password="u5/*yf;9O2]" from_date="2017-05-31" doc_type="6" request_type="104"/>


<?xml version="1.0" encoding="UTF-8"?>
<request partner_id="267" password="u5/*yf;9O2]" from_date="2017-05-31" doc_type="6" request_type="104"/>


<?xml version="1.0" encoding="UTF-8"?>
<request partner_id="267" password="u5/*yf;9O2]" from_date="2017-05-31" doc_type="6" request_type="104"/>


<?xml version="1.0" encoding="UTF-8"?>
<request partner_id="267" password="u5/*yf;9O2]" from_date="2017-05-31" doc_type="6" request_type="104"/>


<?xml version="1.0" encoding="UTF-8"?>
<request partner_id="267" password="u5/*yf;9O2]" from_date="2017-05-31" doc_type="6" request_type="104"/>


<?xml version="1.0" encoding="UTF-8"?>
<request partner_id="267" password="u5/*yf;9O2]" from_date="2017-05-31" doc_type="6" request_type="104"/>


<?xml version="1.0" encoding="UTF-8"?>
<request partner_id="267" password="u5/*yf;9O2]" from_date="2017-05-31" doc_type="6" request_type="104"/>


<?xml version="1.0" encoding="UTF-8"?>
<request partner_id="267" password="u5/*yf;9O2]" from_date="2017-05-31" doc_type="6" request_type="104"/>


<?xml version="1.0" encoding="UTF-8"?>
<request partner_id="267" password="u5/*yf;9O2]" from_date="2017-05-31" doc_type="6" request_type="104"/>


<?xml version="1.0" encoding="UTF-8"?>
<request partner_id="267" password="u5/*yf;9O2]" from_date="2017-05-31" doc_type="6" request_type="104"/>


<?xml version="1.0" encoding="UTF-8"?>
<request partner_id="267" password="u5/*yf;9O2]" from_date="2017-05-31" doc_type="6" request_type="104"/>


<?xml version="1.0" encoding="UTF-8"?>
<request partner_id="267" password="u5/*yf;9O2]" from_date="17-06-01" doc_type="6" request_type="104"/>


<?xml version="1.0" encoding="UTF-8"?>
<request partner_id="267" password="u5/*yf;9O2]" from_date="2017-06-01" doc_type="6" request_type="104"/>


<?xml version="1.0" encoding="UTF-8"?>
<request partner_id="267" password="u5/*yf;9O2]" from_date="2017-06-01" doc_type="6" request_type="104"/>


<?xml version="1.0" encoding="UTF-8"?>
<request partner_id="267" password="u5/*yf;9O2]" from_date="2017-06-01" doc_type="6" request_type="104"/>


<?xml version="1.0" encoding="UTF-8"?>
<request partner_id="267" password="u5/*yf;9O2]" from_date="2017-05-27" doc_type="6" request_type="104"/>


<?xml version="1.0" encoding="UTF-8"?>
<request partner_id="267" password="u5/*yf;9O2]" from_date="2017-04-18" doc_type="6" request_type="104"/>


<?xml version="1.0" encoding="UTF-8"?>
<request partner_id="267" password="u5/*yf;9O2]" from_date="2017-04-18" doc_type="6" request_type="104"/>


<?xml version="1.0" encoding="UTF-8"?>
<request partner_id="267" password="u5/*yf;9O2]" from_date="2017-04-18" doc_type="6" request_type="104"/>


<?xml version="1.0" encoding="UTF-8"?>
<request partner_id="267" password="u5/*yf;9O2]" from_date="2017-04-18" doc_type="6" request_type="104"/>


<?xml version="1.0" encoding="UTF-8"?>
<request partner_id="267" password="u5/*yf;9O2]" from_date="2017-04-18" doc_type="6" request_type="104"/>


<?xml version="1.0" encoding="UTF-8"?>
<request partner_id="267" password="u5/*yf;9O2]" from_date="2017-04-18" doc_type="6" request_type="104"/>


<?xml version="1.0" encoding="UTF-8"?>
<request partner_id="267" password="u5/*yf;9O2]" from_date="2017-04-18" doc_type="6" request_type="104"/>


<?xml version="1.0" encoding="UTF-8"?>
<request partner_id="267" password="u5/*yf;9O2]" from_date="2017-04-18" doc_type="6" request_type="104"/>


<?xml version="1.0" encoding="UTF-8"?>
<request partner_id="267" password="u5/*yf;9O2]" from_date="2017-06-02" doc_type="6" request_type="104"/>


<?xml version="1.0" encoding="UTF-8"?>
<request partner_id="267" password="u5/*yf;9O2]" from_date="2017-06-02" doc_type="6" request_type="104"/>


<?xml version="1.0" encoding="UTF-8"?>
<request partner_id="267" password="u5/*yf;9O2]" from_date="2017-06-03" doc_type="6" request_type="104"/>


<?xml version="1.0" encoding="UTF-8"?>
<request partner_id="267" password="u5/*yf;9O2]" from_date="2017-06-04" doc_type="6" request_type="104"/>


<?xml version="1.0" encoding="UTF-8"?>
<request partner_id="267" password="u5/*yf;9O2]" from_date="2017-06-05" doc_type="6" request_type="104"/>


<?xml version="1.0" encoding="UTF-8"?>
<request partner_id="267" password="u5/*yf;9O2]" from_date="2017-06-01" doc_type="6" request_type="104"/>


<?xml version="1.0" encoding="UTF-8"?>
<request partner_id="267" password="u5/*yf;9O2]" from_date="2017-06-05" doc_type="6" request_type="104"/>


<?xml version="1.0" encoding="UTF-8"?>
<request partner_id="267" password="u5/*yf;9O2]" from_date="2017-06-05" doc_type="6" request_type="104"/>


<?xml version="1.0" encoding="UTF-8"?>
<request partner_id="267" password="u5/*yf;9O2]" from_date="2017-06-06" doc_type="6" request_type="104"/>


<?xml version="1.0" encoding="UTF-8"?>
<request partner_id="267" password="u5/*yf;9O2]" from_date="2017-06-07" doc_type="6" request_type="104"/>


<?xml version="1.0" encoding="UTF-8"?>
<request partner_id="267" password="u5/*yf;9O2]" from_date="2017-06-08" doc_type="6" request_type="104"/>


<?xml version="1.0" encoding="UTF-8"?>
<request partner_id="868" password="jhi308qr" from_date="2017-06-10" doc_type="6" request_type="104"/>


<?xml version="1.0" encoding="UTF-8"?>
<request partner_id="868" password="jhi308qr" from_date="2017-06-15" doc_type="6" request_type="104"/>


