<?xml version="1.0" encoding="UTF-8"?>
<request partner_id="267" password="u5/*yf;9O2]" request_type="153">
 <order order_id="1153901_1027"/>
 <order order_id="1130395_1028"/>
 <order order_id="870229_1042"/>
 <order order_id="1162799_1042"/>
 <order order_id="1164493_1042"/>
 <order order_id="1167390_1042"/>
 <order order_id="1172370_1042"/>
 <order order_id="1175997_1042"/>
 <order order_id="1193517_1042"/>
 <order order_id="1194414_1042"/>
 <order order_id="1197225_1044"/>
 <order order_id="1203831_1044"/>
 <order order_id="1207889_1044"/>
</request>


<?xml version="1.0" encoding="UTF-8"?>
<request partner_id="267" password="u5/*yf;9O2]" request_type="153">
 <order order_id="1153901_1027"/>
 <order order_id="1130395_1028"/>
 <order order_id="870229_1042"/>
 <order order_id="1162799_1042"/>
 <order order_id="1164493_1042"/>
 <order order_id="1167390_1042"/>
 <order order_id="1172370_1042"/>
 <order order_id="1175997_1042"/>
 <order order_id="1193517_1042"/>
 <order order_id="1194414_1042"/>
 <order order_id="1197225_1044"/>
 <order order_id="1203831_1044"/>
 <order order_id="1207889_1044"/>
</request>


<?xml version="1.0" encoding="UTF-8"?>
<request partner_id="868" password="jhi308qr" request_type="153">
 <order order_id="1306282_1107"/>
</request>


<?xml version="1.0" encoding="UTF-8"?>
<request partner_id="868" password="jhi308qr" request_type="153">
 <order order_id="1306282_1107"/>
</request>


<?xml version="1.0" encoding="UTF-8"?>
<request partner_id="868" password="jhi308qr" request_type="153">
 <order order_id="1319742_1107"/>
 <order order_id="1321716_1107"/>
</request>


<?xml version="1.0" encoding="UTF-8"?>
<request partner_id="868" password="jhi308qr" request_type="153">
 <order order_id="1321838_1107"/>
 <order order_id="1323460_1107"/>
 <order order_id="1324746_1107"/>
 <order order_id="1328197_1107"/>
 <order order_id="1330275_1107"/>
 <order order_id="1330567_1107"/>
 <order order_id="1331859_1107"/>
 <order order_id="1335202_1107"/>
 <order order_id="1335278_1107"/>
 <order order_id="1335329_1107"/>
 <order order_id="1335349_1107"/>
 <order order_id="1335365_1107"/>
 <order order_id="1335491_1107"/>
 <order order_id="1335501_1107"/>
 <order order_id="1335778_1107"/>
 <order order_id="1335812_1107"/>
 <order order_id="1335827_1107"/>
 <order order_id="1335901_1107"/>
 <order order_id="1336048_1107"/>
 <order order_id="1336104_1107"/>
 <order order_id="1336437_1107"/>
 <order order_id="1336753_1107"/>
 <order order_id="1336895_1107"/>
 <order order_id="1337209_1107"/>
 <order order_id="1337228_1107"/>
 <order order_id="1337292_1107"/>
 <order order_id="1337293_1107"/>
 <order order_id="1337325_1107"/>
 <order order_id="1338001_1107"/>
 <order order_id="1338164_1107"/>
 <order order_id="1338517_1107"/>
 <order order_id="1338975_1107"/>
 <order order_id="1338982_1107"/>
 <order order_id="1339200_1107"/>
 <order order_id="1339785_1107"/>
 <order order_id="1339826_1107"/>
 <order order_id="1339855_1107"/>
 <order order_id="1340408_1107"/>
 <order order_id="1340561_1107"/>
 <order order_id="1340579_1107"/>
 <order order_id="1340921_1107"/>
 <order order_id="1340929_1107"/>
 <order order_id="1341206_1107"/>
 <order order_id="1341276_1107"/>
 <order order_id="1341290_1107"/>
 <order order_id="1341338_1107"/>
 <order order_id="1341396_1107"/>
 <order order_id="1341499_1107"/>
 <order order_id="1341567_1107"/>
 <order order_id="1341613_1107"/>
 <order order_id="1341855_1107"/>
 <order order_id="1342130_1107"/>
 <order order_id="1342198_1107"/>
 <order order_id="1342268_1107"/>
 <order order_id="1342421_1107"/>
 <order order_id="1342452_1107"/>
 <order order_id="1342630_1107"/>
 <order order_id="1343115_1107"/>
 <order order_id="1343197_1107"/>
 <order order_id="1343682_1107"/>
 <order order_id="1343859_1107"/>
 <order order_id="1344051_1107"/>
 <order order_id="1344655_1107"/>
 <order order_id="1344693_1107"/>
 <order order_id="1345016_1107"/>
 <order order_id="1345624_1107"/>
 <order order_id="1345721_1107"/>
 <order order_id="1345779_1107"/>
 <order order_id="1345846_1107"/>
 <order order_id="1346080_1107"/>
 <order order_id="1346258_1107"/>
 <order order_id="1346267_1107"/>
 <order order_id="1346390_1107"/>
 <order order_id="1346819_1107"/>
 <order order_id="1346837_1107"/>
 <order order_id="1346984_1107"/>
 <order order_id="1347093_1107"/>
 <order order_id="1347218_1107"/>
 <order order_id="1347294_1107"/>
 <order order_id="1347501_1107"/>
 <order order_id="1347618_1107"/>
 <order order_id="1347758_1107"/>
 <order order_id="1348101_1107"/>
 <order order_id="1348308_1107"/>
 <order order_id="1348438_1107"/>
 <order order_id="1348467_1107"/>
 <order order_id="1348543_1107"/>
 <order order_id="1348606_1107"/>
 <order order_id="1348896_1107"/>
 <order order_id="1348906_1107"/>
 <order order_id="1349110_1107"/>
 <order order_id="1349568_1107"/>
 <order order_id="1349572_1107"/>
 <order order_id="1349696_1107"/>
 <order order_id="1349891_1107"/>
 <order order_id="1349935_1107"/>
 <order order_id="1349978_1107"/>
 <order order_id="1350844_1107"/>
 <order order_id="1350987_1107"/>
 <order order_id="1351152_1107"/>
 <order order_id="1351768_1107"/>
 <order order_id="1351879_1107"/>
</request>


<?xml version="1.0" encoding="UTF-8"?>
<request partner_id="868" password="jhi308qr" request_type="153">
 <order order_id="1321838_1107"/>
 <order order_id="1323460_1107"/>
 <order order_id="1324746_1107"/>
 <order order_id="1328197_1107"/>
 <order order_id="1330275_1107"/>
 <order order_id="1330567_1107"/>
 <order order_id="1331859_1107"/>
 <order order_id="1335202_1107"/>
 <order order_id="1335278_1107"/>
 <order order_id="1335329_1107"/>
 <order order_id="1335349_1107"/>
 <order order_id="1335365_1107"/>
 <order order_id="1335491_1107"/>
 <order order_id="1335501_1107"/>
 <order order_id="1335778_1107"/>
 <order order_id="1335812_1107"/>
 <order order_id="1335827_1107"/>
 <order order_id="1335901_1107"/>
 <order order_id="1336048_1107"/>
 <order order_id="1336104_1107"/>
 <order order_id="1336437_1107"/>
 <order order_id="1336753_1107"/>
 <order order_id="1336895_1107"/>
 <order order_id="1337209_1107"/>
 <order order_id="1337228_1107"/>
 <order order_id="1337292_1107"/>
 <order order_id="1337293_1107"/>
 <order order_id="1337325_1107"/>
 <order order_id="1338001_1107"/>
 <order order_id="1338164_1107"/>
 <order order_id="1338517_1107"/>
 <order order_id="1338975_1107"/>
 <order order_id="1338982_1107"/>
 <order order_id="1339200_1107"/>
 <order order_id="1339785_1107"/>
 <order order_id="1339826_1107"/>
 <order order_id="1339855_1107"/>
 <order order_id="1340408_1107"/>
 <order order_id="1340561_1107"/>
 <order order_id="1340579_1107"/>
 <order order_id="1340921_1107"/>
 <order order_id="1340929_1107"/>
 <order order_id="1341206_1107"/>
 <order order_id="1341276_1107"/>
 <order order_id="1341290_1107"/>
 <order order_id="1341338_1107"/>
 <order order_id="1341396_1107"/>
 <order order_id="1341499_1107"/>
 <order order_id="1341567_1107"/>
 <order order_id="1341613_1107"/>
 <order order_id="1341855_1107"/>
 <order order_id="1342130_1107"/>
 <order order_id="1342198_1107"/>
 <order order_id="1342268_1107"/>
 <order order_id="1342421_1107"/>
 <order order_id="1342452_1107"/>
 <order order_id="1342630_1107"/>
 <order order_id="1343115_1107"/>
 <order order_id="1343197_1107"/>
 <order order_id="1343682_1107"/>
 <order order_id="1343859_1107"/>
 <order order_id="1344051_1107"/>
 <order order_id="1344655_1107"/>
 <order order_id="1344693_1107"/>
 <order order_id="1345016_1107"/>
 <order order_id="1345624_1107"/>
 <order order_id="1345721_1107"/>
 <order order_id="1345779_1107"/>
 <order order_id="1345846_1107"/>
 <order order_id="1346080_1107"/>
 <order order_id="1346258_1107"/>
 <order order_id="1346267_1107"/>
 <order order_id="1346390_1107"/>
 <order order_id="1346819_1107"/>
 <order order_id="1346837_1107"/>
 <order order_id="1346984_1107"/>
 <order order_id="1347093_1107"/>
 <order order_id="1347218_1107"/>
 <order order_id="1347294_1107"/>
 <order order_id="1347501_1107"/>
 <order order_id="1347618_1107"/>
 <order order_id="1347758_1107"/>
 <order order_id="1348101_1107"/>
 <order order_id="1348308_1107"/>
 <order order_id="1348438_1107"/>
 <order order_id="1348467_1107"/>
 <order order_id="1348543_1107"/>
 <order order_id="1348606_1107"/>
 <order order_id="1348896_1107"/>
 <order order_id="1348906_1107"/>
 <order order_id="1349110_1107"/>
 <order order_id="1349568_1107"/>
 <order order_id="1349572_1107"/>
 <order order_id="1349696_1107"/>
 <order order_id="1349891_1107"/>
 <order order_id="1349935_1107"/>
 <order order_id="1349978_1107"/>
 <order order_id="1350844_1107"/>
 <order order_id="1350987_1107"/>
 <order order_id="1351152_1107"/>
 <order order_id="1351768_1107"/>
 <order order_id="1351879_1107"/>
</request>


<?xml version="1.0" encoding="UTF-8"?>
<request partner_id="868" password="jhi308qr" request_type="153">
 <order order_id="1347539_1114"/>
 <order order_id="1342761_1114"/>
</request>


<?xml version="1.0" encoding="UTF-8"?>
<request partner_id="868" password="jhi308qr" request_type="153">
 <order order_id="1343428_1114"/>
 <order order_id="1347539_1114"/>
 <order order_id="1349893_1114"/>
 <order order_id="1351663_1114"/>
 <order order_id="1353334_1114"/>
 <order order_id="1353492_1114"/>
 <order order_id="1354098_1114"/>
 <order order_id="1354679_1114"/>
 <order order_id="1355314_1114"/>
 <order order_id="1356181_1114"/>
 <order order_id="1357437_1114"/>
 <order order_id="1357796_1114"/>
 <order order_id="1359870_1114"/>
 <order order_id="1360939_1114"/>
 <order order_id="1361815_1114"/>
 <order order_id="1361878_1114"/>
 <order order_id="1363923_1114"/>
 <order order_id="1364231_1114"/>
 <order order_id="1364302_1114"/>
 <order order_id="1364614_1114"/>
 <order order_id="1364672_1114"/>
 <order order_id="1365522_1114"/>
 <order order_id="1365730_1114"/>
 <order order_id="1367657_1114"/>
 <order order_id="1367852_1114"/>
 <order order_id="1373905_1114"/>
 <order order_id="1374396_1114"/>
 <order order_id="1374412_1114"/>
 <order order_id="1374504_1114"/>
 <order order_id="1375197_1114"/>
 <order order_id="1375547_1114"/>
 <order order_id="1376491_1114"/>
 <order order_id="1376672_1114"/>
 <order order_id="1376943_1114"/>
 <order order_id="1377606_1114"/>
 <order order_id="1378726_1114"/>
 <order order_id="1378748_1114"/>
 <order order_id="1381035_1114"/>
 <order order_id="1381060_1114"/>
 <order order_id="1381120_1114"/>
 <order order_id="1382001_1114"/>
 <order order_id="1382128_1114"/>
 <order order_id="1382954_1114"/>
 <order order_id="1384062_1114"/>
 <order order_id="1384970_1114"/>
 <order order_id="1385281_1114"/>
 <order order_id="1385908_1114"/>
 <order order_id="1386138_1114"/>
 <order order_id="1387433_1114"/>
 <order order_id="1389127_1114"/>
 <order order_id="1389222_1114"/>
 <order order_id="1390547_1114"/>
 <order order_id="1390738_1114"/>
 <order order_id="1391376_1114"/>
 <order order_id="1391381_1114"/>
 <order order_id="1391667_1114"/>
 <order order_id="1392041_1114"/>
 <order order_id="1394207_1114"/>
 <order order_id="1395255_1114"/>
 <order order_id="1396094_1114"/>
 <order order_id="1396973_1114"/>
 <order order_id="1396985_1114"/>
 <order order_id="1397060_1114"/>
 <order order_id="1397259_1114"/>
 <order order_id="1399996_1114"/>
 <order order_id="1401100_1114"/>
 <order order_id="1401230_1114"/>
 <order order_id="1401441_1114"/>
 <order order_id="1401726_1114"/>
 <order order_id="1402018_1114"/>
 <order order_id="1402125_1114"/>
 <order order_id="1402227_1114"/>
 <order order_id="1402468_1114"/>
 <order order_id="1402633_1114"/>
 <order order_id="1402852_1114"/>
 <order order_id="1403540_1114"/>
 <order order_id="1238604_1115"/>
 <order order_id="1238604_1115"/>
 <order order_id="1274348_1115"/>
 <order order_id="1322570_1115"/>
 <order order_id="1330779_1115"/>
 <order order_id="1335629_1115"/>
 <order order_id="1339981_1115"/>
 <order order_id="1342287_1115"/>
 <order order_id="1344091_1115"/>
 <order order_id="1344436_1115"/>
 <order order_id="1345768_1115"/>
 <order order_id="1345868_1115"/>
 <order order_id="1346159_1115"/>
 <order order_id="1347209_1115"/>
 <order order_id="1347733_1115"/>
 <order order_id="1349145_1115"/>
 <order order_id="1349482_1115"/>
 <order order_id="1349700_1115"/>
 <order order_id="1349785_1115"/>
 <order order_id="1349944_1115"/>
 <order order_id="1350247_1115"/>
 <order order_id="1350330_1115"/>
 <order order_id="1350370_1115"/>
 <order order_id="1350482_1115"/>
 <order order_id="1350505_1115"/>
 <order order_id="1350624_1115"/>
 <order order_id="1350717_1115"/>
 <order order_id="1351039_1115"/>
 <order order_id="1351054_1115"/>
 <order order_id="1351251_1115"/>
 <order order_id="1351596_1115"/>
 <order order_id="1351681_1115"/>
 <order order_id="1351750_1115"/>
 <order order_id="1351786_1115"/>
 <order order_id="1351855_1115"/>
 <order order_id="1351900_1115"/>
 <order order_id="1352026_1115"/>
 <order order_id="1352221_1115"/>
 <order order_id="1352437_1115"/>
 <order order_id="1352644_1115"/>
 <order order_id="1352824_1115"/>
 <order order_id="1353412_1115"/>
 <order order_id="1353501_1115"/>
 <order order_id="1353584_1115"/>
 <order order_id="1353637_1115"/>
 <order order_id="1353870_1115"/>
 <order order_id="1353988_1115"/>
 <order order_id="1354193_1115"/>
 <order order_id="1354476_1115"/>
 <order order_id="1354716_1115"/>
 <order order_id="1355169_1115"/>
 <order order_id="1355179_1115"/>
 <order order_id="1355196_1115"/>
 <order order_id="1355310_1115"/>
 <order order_id="1355553_1115"/>
 <order order_id="1355798_1115"/>
 <order order_id="1356560_1115"/>
 <order order_id="1356750_1115"/>
 <order order_id="1357057_1115"/>
 <order order_id="1357214_1115"/>
 <order order_id="1357233_1115"/>
 <order order_id="1357278_1115"/>
 <order order_id="1357337_1115"/>
 <order order_id="1357505_1115"/>
 <order order_id="1357738_1115"/>
 <order order_id="1357929_1115"/>
 <order order_id="1357991_1115"/>
 <order order_id="1358147_1115"/>
 <order order_id="1358263_1115"/>
 <order order_id="1358677_1115"/>
 <order order_id="1358811_1115"/>
 <order order_id="1359757_1115"/>
 <order order_id="1359939_1115"/>
 <order order_id="1360183_1115"/>
 <order order_id="1360526_1115"/>
 <order order_id="1360634_1115"/>
 <order order_id="1360794_1115"/>
 <order order_id="1360878_1115"/>
 <order order_id="1361100_1115"/>
 <order order_id="1361181_1115"/>
 <order order_id="1361216_1115"/>
 <order order_id="1361260_1115"/>
 <order order_id="1362222_1115"/>
 <order order_id="1362375_1115"/>
 <order order_id="1362434_1115"/>
 <order order_id="1362502_1115"/>
 <order order_id="1362667_1115"/>
 <order order_id="1362700_1115"/>
 <order order_id="1362723_1115"/>
 <order order_id="1362930_1115"/>
 <order order_id="1363223_1115"/>
 <order order_id="1363410_1115"/>
 <order order_id="1363598_1115"/>
 <order order_id="1363645_1115"/>
 <order order_id="1363759_1115"/>
 <order order_id="1363775_1115"/>
 <order order_id="1363886_1115"/>
 <order order_id="1363895_1115"/>
 <order order_id="1363903_1115"/>
 <order order_id="1364291_1115"/>
 <order order_id="1364336_1115"/>
 <order order_id="1364423_1115"/>
 <order order_id="1364624_1115"/>
 <order order_id="1364660_1115"/>
 <order order_id="1364666_1115"/>
 <order order_id="1364692_1115"/>
 <order order_id="1364792_1115"/>
 <order order_id="1364823_1115"/>
 <order order_id="1364892_1115"/>
 <order order_id="1365034_1115"/>
 <order order_id="1365065_1115"/>
 <order order_id="1365464_1115"/>
 <order order_id="1365467_1115"/>
 <order order_id="1365764_1115"/>
 <order order_id="1365825_1115"/>
 <order order_id="1366127_1115"/>
 <order order_id="1366206_1115"/>
 <order order_id="1366333_1115"/>
 <order order_id="1366526_1115"/>
 <order order_id="1367004_1115"/>
 <order order_id="1367150_1115"/>
 <order order_id="1367176_1115"/>
 <order order_id="1367410_1115"/>
 <order order_id="1367550_1115"/>
 <order order_id="1367600_1115"/>
 <order order_id="1367673_1115"/>
 <order order_id="1367737_1115"/>
 <order order_id="1368264_1115"/>
 <order order_id="1368361_1115"/>
 <order order_id="1368636_1115"/>
 <order order_id="1368771_1115"/>
 <order order_id="1369428_1115"/>
 <order order_id="1369694_1115"/>
 <order order_id="1370005_1115"/>
 <order order_id="1370079_1115"/>
 <order order_id="1370311_1115"/>
 <order order_id="1370316_1115"/>
 <order order_id="1370970_1115"/>
 <order order_id="1371378_1115"/>
 <order order_id="1371600_1115"/>
 <order order_id="1371604_1115"/>
 <order order_id="1371783_1115"/>
 <order order_id="1371806_1115"/>
 <order order_id="1371931_1115"/>
 <order order_id="1372126_1115"/>
 <order order_id="1372214_1115"/>
 <order order_id="1372411_1115"/>
 <order order_id="1372744_1115"/>
 <order order_id="1372966_1115"/>
 <order order_id="1373375_1115"/>
 <order order_id="1373530_1115"/>
 <order order_id="1373610_1115"/>
 <order order_id="1373704_1115"/>
 <order order_id="1373744_1115"/>
 <order order_id="1373765_1115"/>
 <order order_id="1374107_1115"/>
 <order order_id="1374140_1115"/>
 <order order_id="1374186_1115"/>
 <order order_id="1374430_1115"/>
 <order order_id="1374527_1115"/>
 <order order_id="1374744_1115"/>
 <order order_id="1375225_1115"/>
 <order order_id="1375402_1115"/>
 <order order_id="1375853_1115"/>
 <order order_id="1376093_1115"/>
 <order order_id="1376114_1115"/>
 <order order_id="1376423_1115"/>
 <order order_id="1376503_1115"/>
 <order order_id="1376658_1115"/>
 <order order_id="1376800_1115"/>
 <order order_id="1377347_1115"/>
 <order order_id="1377367_1115"/>
 <order order_id="1377378_1115"/>
 <order order_id="1377383_1115"/>
 <order order_id="1377391_1115"/>
 <order order_id="1377413_1115"/>
 <order order_id="1377474_1115"/>
 <order order_id="1377697_1115"/>
 <order order_id="1377792_1115"/>
 <order order_id="1377869_1115"/>
 <order order_id="1377924_1115"/>
 <order order_id="1378243_1115"/>
 <order order_id="1378330_1115"/>
 <order order_id="1378766_1115"/>
 <order order_id="1378773_1115"/>
 <order order_id="1378806_1115"/>
 <order order_id="1378872_1115"/>
 <order order_id="1378964_1115"/>
 <order order_id="1379011_1115"/>
 <order order_id="1379102_1115"/>
 <order order_id="1379330_1115"/>
 <order order_id="1379468_1115"/>
 <order order_id="1379542_1115"/>
 <order order_id="1379704_1115"/>
 <order order_id="1379776_1115"/>
 <order order_id="1379903_1115"/>
 <order order_id="1380052_1115"/>
 <order order_id="1380104_1115"/>
 <order order_id="1380479_1115"/>
 <order order_id="1380501_1115"/>
 <order order_id="1380523_1115"/>
 <order order_id="1380552_1115"/>
 <order order_id="1380609_1115"/>
 <order order_id="1380680_1115"/>
 <order order_id="1380836_1115"/>
 <order order_id="1380890_1115"/>
 <order order_id="1381024_1115"/>
 <order order_id="1381085_1115"/>
 <order order_id="1381178_1115"/>
 <order order_id="1381190_1115"/>
 <order order_id="1381198_1115"/>
 <order order_id="1381397_1115"/>
 <order order_id="1381521_1115"/>
 <order order_id="1381560_1115"/>
 <order order_id="1381620_1115"/>
 <order order_id="1381768_1115"/>
 <order order_id="1381961_1115"/>
 <order order_id="1382019_1115"/>
 <order order_id="1382586_1115"/>
 <order order_id="1382626_1115"/>
 <order order_id="1383464_1115"/>
 <order order_id="1384084_1115"/>
 <order order_id="1384394_1115"/>
 <order order_id="1384481_1115"/>
 <order order_id="1384578_1115"/>
 <order order_id="1384968_1115"/>
 <order order_id="1385261_1115"/>
 <order order_id="1385349_1115"/>
 <order order_id="1385407_1115"/>
 <order order_id="1385605_1115"/>
 <order order_id="1385773_1115"/>
 <order order_id="1385778_1115"/>
 <order order_id="1385796_1115"/>
 <order order_id="1385855_1115"/>
 <order order_id="1385875_1115"/>
 <order order_id="1385981_1115"/>
 <order order_id="1386032_1115"/>
 <order order_id="1386180_1115"/>
 <order order_id="1386382_1115"/>
 <order order_id="1386400_1115"/>
 <order order_id="1386532_1115"/>
 <order order_id="1386806_1115"/>
 <order order_id="1387047_1115"/>
 <order order_id="1387818_1115"/>
 <order order_id="1387851_1115"/>
 <order order_id="1387963_1115"/>
 <order order_id="1388042_1115"/>
 <order order_id="1388132_1115"/>
 <order order_id="1388353_1115"/>
 <order order_id="1388504_1115"/>
 <order order_id="1388759_1115"/>
 <order order_id="1388884_1115"/>
 <order order_id="1389041_1115"/>
 <order order_id="1389067_1115"/>
 <order order_id="1389151_1115"/>
 <order order_id="1389173_1115"/>
 <order order_id="1389195_1115"/>
 <order order_id="1389262_1115"/>
 <order order_id="1389268_1115"/>
 <order order_id="1389417_1115"/>
 <order order_id="1389431_1115"/>
 <order order_id="1389454_1115"/>
 <order order_id="1389583_1115"/>
 <order order_id="1389649_1115"/>
 <order order_id="1389710_1115"/>
 <order order_id="1389776_1115"/>
 <order order_id="1389808_1115"/>
 <order order_id="1390093_1115"/>
 <order order_id="1390336_1115"/>
 <order order_id="1390398_1115"/>
 <order order_id="1390719_1115"/>
 <order order_id="1390765_1115"/>
 <order order_id="1390930_1115"/>
 <order order_id="1391218_1115"/>
 <order order_id="1391398_1115"/>
 <order order_id="1391443_1115"/>
 <order order_id="1391510_1115"/>
 <order order_id="1391994_1115"/>
 <order order_id="1392357_1115"/>
 <order order_id="1392444_1115"/>
 <order order_id="1393243_1115"/>
 <order order_id="1393690_1115"/>
 <order order_id="1394005_1115"/>
 <order order_id="1394329_1115"/>
 <order order_id="1394350_1115"/>
 <order order_id="1394461_1115"/>
 <order order_id="1394910_1115"/>
 <order order_id="1395521_1115"/>
 <order order_id="1395781_1115"/>
 <order order_id="1395973_1115"/>
 <order order_id="1395993_1115"/>
 <order order_id="1396028_1115"/>
 <order order_id="1396345_1115"/>
 <order order_id="1396987_1115"/>
 <order order_id="1397028_1115"/>
 <order order_id="1397113_1115"/>
 <order order_id="1397136_1115"/>
 <order order_id="1397171_1115"/>
 <order order_id="1397587_1115"/>
 <order order_id="1397944_1115"/>
 <order order_id="1398037_1115"/>
 <order order_id="1398359_1115"/>
 <order order_id="1398368_1115"/>
 <order order_id="1398625_1115"/>
 <order order_id="1398824_1115"/>
 <order order_id="1399254_1115"/>
 <order order_id="1399308_1115"/>
 <order order_id="1399489_1115"/>
 <order order_id="1399652_1115"/>
 <order order_id="1400065_1115"/>
 <order order_id="1400231_1115"/>
 <order order_id="1400775_1115"/>
 <order order_id="1400778_1115"/>
 <order order_id="1400956_1115"/>
 <order order_id="1400986_1115"/>
 <order order_id="1401112_1115"/>
 <order order_id="1401129_1115"/>
 <order order_id="1401719_1115"/>
 <order order_id="1401823_1115"/>
 <order order_id="1401918_1115"/>
 <order order_id="1402078_1115"/>
 <order order_id="1402156_1115"/>
 <order order_id="1402315_1115"/>
 <order order_id="1402609_1115"/>
 <order order_id="1402726_1115"/>
 <order order_id="1402728_1115"/>
 <order order_id="1402840_1115"/>
 <order order_id="1403171_1115"/>
 <order order_id="1403405_1115"/>
 <order order_id="1403580_1115"/>
 <order order_id="1404201_1115"/>
</request>


