--2016-10-20 07:00:00--  http://localsite/beta_post/update_operation_attr.php
Распознаётся localsite... 192.168.0.27
Устанавливается соединение с localsite|192.168.0.27|:80... соединение установлено.
Запрос HTTP послан, ожидается ответ... --2016-10-20 07:00:00--  http://localsite/beta_post/update_performer_doc.php
Распознаётся localsite... 192.168.0.27
Устанавливается соединение с localsite|192.168.0.27|:80... соединение установлено.
Запрос HTTP послан, ожидается ответ... 200 OK
Длина: 207 [text/html]
Сохраняется в каталог: `wget_log/beta_16-10-20_ 7.00.00.03_update_performer_doc.txt'.

     0K                                                       100% 19,5M=0s

2016-10-20 07:00:03 (19,5 MB/s) - `wget_log/beta_16-10-20_ 7.00.00.03_update_performer_doc.txt' сохранён [207/207]

--2016-10-20 07:00:08--  http://localsite/beta_post/update_performer_doc6.php
Распознаётся localsite... 192.168.0.27
Устанавливается соединение с localsite|192.168.0.27|:80... соединение установлено.
Запрос HTTP послан, ожидается ответ... 200 OK
Длина: нет информации [text/html]
Сохраняется в каталог: `wget_log/beta_16-10-20_ 7.00.00.03_update_performer_doc6.txt'.

     0K .......... .......... .......... .......... .......... 14,1K
    50K .......... .......... .......... .......... .......... 11,7K
   100K .......... .......... .......... .......... .......... 11,8K
   150K .......... .......... .......... .......... ..........  931K
   200K .......... .......... .......... .......... .......... 6,44K
   250K .......... .......... .......... .......... ..........  848K
   300K .......... .......... .......... .......... ..........  935K
   350K .......... .......... .......... .......... .......... 5,49K
   400K .......... .......... .......... .......... ..........  960K
   450K .......... .......... .......... .......... ..........  904K
   500K .......... .......... .......... .......... .......... 9,60K
   550K .......... .......... .......... .......... .......... 14,2K
   600K .......... .......... .......... .......... .......... 22,8K
   650K .......... .......... .......... .......... .......... 12,4K
   700K .......... .......... .......... .......... ..........  905K
   750K .......... .......... .......... .......... .......... 7,83K
   800K .......... .......... .......... .......... ..........  881K
   850K .......... .......... .......... .......... .......... 7,75K
   900K .......... .......... .......... .......... .......... 19,9K
   950K .......... .......... .......... .......... .......... 21,5K
  1000K .......... .......... .......... .......... .......... 15,7K
  1050K .......... .......... .......... .......... .......... 14,9K
  1100K .......... .......... .......... .......... .......... 13,9K
  1150K .......... .......... .......... .......... .......... 16,5K
  1200K .......... .......... .......... .......... .......... 24,6K
  1250K .......... .......... .......... .......... .......... 10,1K
  1300K .......... .......... .......... .......... ..........  967K
  1350K .......... .......... .......... .......... .......... 11,3K
  1400K .......... .......... .......... .......... .......... 14,6K
  1450K .......... .......... .......... .......... .......... 24,3K
  1500K .......... .......... .......... .......... .......... 16,0K
  1550K .......... .......... .......... .......... .......... 26,8K
  1600K .......... .......... .......... .......... .......... 10,1K
  1650K .......... .......... .......... .......... ..........  808K
  1700K .......... .......... .......... .......... .......... 7,45K
  1750K .......... .......... .......... .......... ..........  851K
  1800K .......... .......... .......... .......... .......... 7,10K
  1850K .......... .......... .......... .......... ..........  995K
  1900K .......... .......... .......... .......... ..........  849K
  1950K .......... .......... .......... .......... .......... 12,7K
  2000K .......... .......... .......... .......... .......... 12,7K
  2050K .......... .......... .......... .......... .......... 1002K
  2100K .......... .......... .......... .......... .......... 9,88K
  2150K .......... .......... .......... .......... .......... 13,0K
  2200K .......... .......... .......... .......... .......... 39,3K
  2250K .......... .......... .......... .......... .......... 16,4K
  2300K .......... .......... .......... .......... .......... 21,1K
  2350K .......... .......... .......... .......... .......... 16,0K
  2400K .......... .......... .......... .......... .......... 11,4K
  2450K .......... .......... .......... .......... .......... 19,1K
  2500K .......... .......... .......... .......... .......... 14,4K
  2550K .......... .......... .......... .......... .......... 17,8K
  2600K .......... .......... .......... .......... .......... 12,6K
  2650K .......... .......... .......... .......... .......... 17,8K
  2700K .......... .......... .......... .......... .......... 14,5K
  2750K .......... .......... .......... .......... .......... 22,2K
  2800K .......... .......... .......... .......... .......... 19,2K
  2850K .......... .......... .......... .......... .......... 11,3K
  2900K .......... .......... .......... .......... .......... 21,8K
  2950K .......... .......... .......... .......... .......... 13,6K
  3000K .......... .......... .......... .......... .......... 10,4K
  3050K .......... .......... .......... .......... .......... 22,8K
  3100K .......... .......... .......... .......... .......... 10,6K
  3150K .......... .......... .......... .......... .......... 17,5K
  3200K .......... .......... .......... .......... .......... 16,3K
  3250K .......... .......... .......... .......... .......... 9,86K
  3300K .......... .......... .......... .......... .......... 9,40K
  3350K .......... .......... .......... .......... .......... 16,7K
  3400K .......... .......... .......... .......... .......... 10,9K
  3450K .......... .......... .......... .......... .......... 16,9K
  3500K .......... .......... .......... .......... .......... 12,7K
  3550K .......... .......... .......... .......... .......... 12,3K
  3600K .......... .......... .......... .......... ..........  973K
  3650K .......... .......... .......... .......... .......... 11,4K
  3700K .......... .......... .......... .......... .......... 12,6K
  3750K .......... .......... .......... .......... .......... 14,1K
  3800K .......... .......... .......... .......... .......... 12,3K
  3850K .......... .......... .......... .......... .......... 16,1K
  3900K .......... .......... .......... .......... .......... 8,59K
  3950K .......... .......... .......... .......... .......... 18,6K
  4000K .......... .......... .......... .......... .......... 20,9K
  4050K .......... .......... .......... .......... .......... 11,4K
  4100K .......... .......... .......... .......... ..........  943K
  4150K .......... .......... .......... .......... .......... 9,77K
  4200K .......... .......... .......... .......... .......... 17,9K
  4250K .......... .......... .......... .......... .......... 11,5K
  4300K .......... .......... .......... .......... .......... 20,5K
  4350K .......... .......... .......... .......... .......... 9,33K
  4400K .......... .......... .......... .......... .......... 11,3K
  4450K .......... .......... .......... .......... .......... 25,6K
  4500K .......... .......... .......... .......... .......... 13,7K
  4550K .......... .......... .......... .......... .......... 10,8K
  4600K .......... .......... .......... .......... .......... 13,3K
  4650K .......... .......... .......... .......... .......... 18,7K
  4700K .......... .......... .......... .......... .......... 17,8K
  4750K .......... .......... .......... .......... .......... 7,90K
  4800K .......... .......... .......... .......... .......... 18,2K
  4850K .......... .......... .......... .......... .......... 22,4K
  4900K .......... .......... .......... .......... .......... 10,9K
  4950K .......... .......... .......... .......... ..........  930K
  5000K .......... .......... .......... .......... .......... 8,51K
  5050K .......... .......... .......... .......... .......... 11,6K
  5100K .......... .......... .......... .......... .......... 15,1K
  5150K .......... .......... .......... .......... .......... 14,6K
  5200K .......... .......... .......... .......... .......... 12,7K
  5250K .......... .......... .......... .......... ..........  916K
  5300K .......... .......... .......... .......... .......... 8,59K
  5350K .......... .......... .......... .......... .......... 12,3K
  5400K .......... .......... .......... .......... .......... 16,0K
  5450K .......... .......... .......... .......... .......... 8,09K
  5500K .......... .......... .......... .......... ..........  976K
  5550K .......... .......... .......... .......... .......... 16,0K
  5600K .......... .......... .......... .......... .......... 8,79K
  5650K .......... .......... .......... .......... .......... 18,2K
  5700K .......... .......... .......... .......... .......... 11,2K
  5750K .......... .......... .......... .......... .......... 27,1K
  5800K .......... .......... .......... .......... .......... 14,4K
  5850K .......... .......... .......... .......... ..........  918K
  5900K .......... .......... .......... .......... .......... 7,45K
  5950K .......... .......... .......... .......... .......... 17,4K
  6000K .......... .......... .......... .......... .......... 14,3K
  6050K .......... .......... .......... .......... .......... 13,3K
  6100K .......... .......... .......... .......... ..........  992K
  6150K .......... .......... .......... .......... .......... 8,88K
  6200K .......... .......... .......... .......... .......... 19,4K
  6250K .......... .......... .......... .......... .......... 12,9K
  6300K .......... .......... .......... .......... .......... 10,3K
  6350K .......... .......... .......... .......... .......... 12,6K
  6400K .......... .......... .......... .......... ..........  989K
  6450K .......... .......... .......... .......... .......... 9,71K
  6500K .......... .......... .......... .......... .......... 13,2K
  6550K .......... .......... .......... .......... .......... 18,3K
  6600K .......... .......... .......... .......... .......... 10,6K
  6650K .......... .......... .......... .......... .......... 13,4K
  6700K .......... .......... .......... .......... .......... 9,39K
  6750K .......... .......... .......... .......... ..........  942K
  6800K .......... .......... .......... .......... .......... 9,37K
  6850K .......... .......... .......... .......... .......... 11,7K
  6900K .......... .......... .......... .......... .......... 9,98K
  6950K .......... .......... .......... .......... .......... 10,9K
  7000K .......... .......... .......... .......... .......... 13,3K
  7050K .......... .......... .......... .......... .......... 12,2K
  7100K .......... .......... .......... .......... .......... 15,3K
  7150K .......... .......... .......... .......... .......... 11,9K
  7200K .......... .......... .......... .......... .......... 12,2K
  7250K .......... .......... .......... .......... .......... 11,1K
  7300K .......... .......... .......... .......... .......... 15,6K
  7350K .......... .......... .......... .......... .......... 14,6K
  7400K .......... .......... .......... .......... .......... 12,7K
  7450K .......... .......... .......... .......... .......... 11,1K
  7500K .......... .......... .......... .......... .......... 14,3K
  7550K .......... .......... .......... .......... .......... 16,9K
  7600K .......... .......... .......... .......... .......... 8,16K
  7650K .......... .......... .......... .......... .......... 25,5K
  7700K .......... .......... .......... .......... .......... 7,87K
  7750K .......... .......... .......... .......... .......... 9,70K
  7800K .......... .......... .......... .......... ..........  979K
  7850K .......... .......... .......... .......... .......... 10,3K
  7900K .......... .......... .......... .......... .......... 12,2K
  7950K .......... .......... .......... .......... ..........  840K
  8000K .......... .......... .......... .......... .......... 10,1K
  8050K .......... .........200 OK
Длина: нет информации [text/html]
Сохраняется в каталог: `wget_log/beta_16-10-20_ 7.00.00.03_operation_attr.txt'.

     0K ........ .......... .......... .......... 14,6K
  8100K .......... .......... .......... .......... .......... 12,8K
  8150K .......... .......... .......... .......... .......... 13,2K
  8200K .......... .......... .......... .......... .......... 11,0K
  8250K .......... .......... .......... .......... ..........  961K
  8300K .......... .......... .......... .......... .......... 10,8K
  8350K .......... .......... .......... .......... .......... 12,5K
  8400K .......... .......... .......... .......... .......... 21,0K
  8450K .......... .......... .......... .......... .......... 9,05K
  8500K .......... .......... .......... .......... .......... 20,0K
  8550K .......... .......... .......... .......... .......... 15,0K
  8600K .......... .......... .......... .......... .......... 11,3K
  8650K .......... .......... .......... .......... .......... 25,2K
  8700K .......... .......... .......... .......... .......... 8,75K
  8750K .......... .......... .......... .......... .......... 14,6K
  8800K .......... .......... .......... .......... ..........  939K
  8850K .......... .......... .......... .......... ..........  727K
  8900K .......... .......... .......... .......... .......... 7,39K
  8950K .......... .......... .......... .......... .......... 8,34K
  9000K .......... .......... .......... .......... .......... 17,2K
  9050K .......... .......... .......... .......... .......... 9,99K
  9100K .......... .......... .......... .......... .......... 11,7K
  9150K .......... .......... .......... .......... .......... 7,15K
  9200K .......... .......... .......... .......... ..........  978K
  9250K .......... .......... .......... .......... ..........  799K
  9300K .......... .......... .......... .......... .......... 8,02K
  9350K .......... .......... .......... .......... .......... 10,1K
  9400K .......... .......... .......... .......... .......... 9,14K
  9450K .......... .......... .......... .......... ..........  987K
  9500K .......... .......... .......... .......... .......... 7,62K
  9550K .......... .......... .......... .......... ..........  964K
  9600K .......... .......... .......... .......... .......... 5,94K
  9650K .......... .......... .......... .......... ..........  985K
  9700K .......... .......... .......... .......... ..........  960K
  9750K .......... .......... .......... .......... .......... 8,61K
  9800K .......... .......... .......... .......... .......... 11,0K
  9850K .......... .......... .......... .......... .......... 8,75K
  9900K .......... .......... .......... .......... ..........  951K
  9950K .......... .......... .......... .......... .......... 9,61K
 10000K .......... .......... .......... .......... .......... 12,7K
 10050K .......... .......... .......... .......... .......... 6,67K
 10100K .......... .......... .......... .......... ..........  977K
 10150K .......... .......... .......... .......... .......... 10,4K
 10200K .......... .......... .......... .......... .......... 16,5K
 10250K .......... .......... .......... .......... .......... 10,9K
 10300K .......... .......... .......... .......... .......... 11,5K
 10350K .......... .......... .......... .......... .......... 10,7K
 10400K .......... .......... .......... .......... .......... 8,65K
 10450K .......... .......... .......... .......... ..........  989K
 10500K .......... .......... .......... .......... .......... 8,67K
 10550K .......... .......... .......... .......... .......... 15,7K
 10600K .......... .......... .......... .......... .......... 9,29K
 10650K .......... .......... .......... .......... .......... 11,5K
 10700K .......... .......... .......... .......... .......... 10,1K
 10750K .......... .......... .......... .......... .......... 8,82K
 10800K .......... .......... .......... .......... .......... 16,1K
 10850K .......... .......... .......... .......... .......... 12,0K
 10900K .......... .......... .......... .......... .......... 8,48K
 10950K .......... .......... .......... .......... ..........  982K
 11000K .......... .......... .......... .......... .......... 8,53K
 11050K .......... .......... .......... .......... .......... 16,6K
 11100K .......... .......... .......... .......... .......... 11,2K
 11150K .......... .......... .......... .......... .......... 7,32K
 11200K .......... .......... .......... .......... .......... 7,48K
 11250K .......... .......... .......... .......... ..........  844K
 11300K .......... .......... .......... .......... ..........  982K
 11350K .......... .......... .......... .......... .......... 7,42K
 11400K .......... .......... .......... .......... .......... 12,6K
 11450K .......... .......... .......... .......... .......... 12,7K
 11500K .......... .......... .......... .......... .......... 11,0K
 11550K .......... .......... .......... .......... .......... 12,1K
 11600K .......... .......... .......... .......... ..........  972K
 11650K .......... .......... .......... .......... .......... 8,27K
 11700K .......... .......... .......... .......... .......... 8,62K
 11750K .......... .......... .......... .......... .......... 12,1K
 11800K .......... .......... .......... .......... .......... 15,6K
 11850K .......... .......... .......... .......... .......... 11,3K
 11900K .......... .......... .......... .......... ......     16,2K=14m2s

2016-10-20 07:14:14 (14,2 KB/s) - `wget_log/beta_16-10-20_ 7.00.00.03_update_performer_doc6.txt' сохранён [12233559]

--2016-10-20 07:14:19--  http://localsite/beta_post/update_performer_doc8.php
Распознаётся localsite... 192.168.0.27
Устанавливается соединение с localsite|192.168.0.27|:80... соединение установлено.
Запрос HTTP послан, ожидается ответ... 200 OK
Длина: нет информации [text/html]
Сохраняется в каталог: `wget_log/beta_16-10-20_ 7.00.00.03_update_performer_doc8.txt'.

     0K .......... .......... .......... .......... .......... 3,87K
    50K .......... .......... .......... .......... .......... 4,89K
   100K .......... .......... .......... .......... .......... 3,21K
   150K .......... .......... .......... .......... .......... 3,20K
   200K .......... .......... .......... .......... .......... 4,09K
   250K .......... .......... .......... .......... .......... 3,68K
   300K .......... .......... ........                         5,29K=85s

2016-10-20 07:30:49 (3,84 KB/s) - Ошибка чтения, позиция 336149 (Connection timed out).Повтор.

--2016-10-20 07:30:50--  (попытка: 2)  http://localsite/beta_post/update_performer_doc8.php
Устанавливается соединение с localsite|192.168.0.27|:80... соединение установлено.
Запрос HTTP послан, ожидается ответ... 200 OK
Длина: нет информации [text/html]
Сохраняется в каталог: `wget_log/beta_16-10-20_ 7.00.00.03_update_performer_doc8.txt'.

     0K .......... .......... .......... .......... .......... 15% 3,90K 71s
    50K .......... .......... .......... .......... .......... 30% 4,85K 53s
   100K .......... .......... .......... .......... .......... 45% 3,22K 46s
   150K .......... .......... .......... .......... .......... 60% 3,22K 35s
   200K .......... .......... .......... .......... .......... 76% 4,21K 21s
   250K .......... .......... .......... .......... .......... 91% 3,69K 8s
   300K .......... .......... .......... .......... ..........106% 3,93K -5s
   350K .......... .......... .......... .......... ..........121% 4,55K -18s
   400K .......... .......... .......... .......... ..........137% 3,42K -31s
   450K .......... .......... .......... .......... ..........152% 3,79K -44s
   500K .......... .......... .......... .......... ..........167% 4,20K -57s
   550K .......... .......... .......... .......... ..........182% 4,75K -69s
   600K .                                                 352M=0s

2016-10-20 07:24:17 (352 MB/s) - Ошибка чтения, позиция 8080 (Connection timed out).Повтор.

--2016-10-20 07:24:18--  (попытка: 2)  http://localsite/beta_post/update_operation_attr.php
Устанавливается соединение с localsite|192.168.0.27|:80... соединение установлено.
Запрос HTTP послан, ожидается ответ... 200 OK
Длина: нет информации [text/html]
Сохраняется в каталог: `wget_log/beta_16-10-20_ 7.00.00.03_operation_attr.txt'.

     0K ................ .......... .......... .......... ..........198% 3,80K -82s
   650K .......... .......... .......... .......... ..........213% 3,97K -94s
   700K .......... .......... .......... .......... ..........228% 3,86K -107s
   750K ........                                              230% 3,50K=3m15s

2016-10-20 07:34:09 (3,90 KB/s) - `wget_log/beta_16-10-20_ 7.00.00.03_update_performer_doc8.txt' сохранён [776267]

                                               100%  383M=0s

2016-10-20 07:48:29 (383 MB/s) - Ошибка чтения, позиция 8080 (Connection timed out).Повтор.

--2016-10-20 07:48:31--  (попытка: 3)  http://localsite/beta_post/update_operation_attr.php
Устанавливается соединение с localsite|192.168.0.27|:80... соединение установлено.
Запрос HTTP послан, ожидается ответ... 200 OK
Длина: нет информации [text/html]
Сохраняется в каталог: `wget_log/beta_16-10-20_ 7.00.00.03_operation_attr.txt'.

     0K .......... .......... ...                             299% 20,9 =19m15s

2016-10-20 08:32:01 (20,9 B/s) - Ошибка чтения, позиция 24180 (Connection timed out).Повтор.

--2016-10-20 08:32:04--  (попытка: 4)  http://localsite/beta_post/update_operation_attr.php
Устанавливается соединение с localsite|192.168.0.27|:80... соединение установлено.
Запрос HTTP послан, ожидается ответ... Ошибка чтения (Connection timed out) в заголовках.
Повтор.

--2016-10-20 08:47:08--  (попытка: 5)  http://localsite/beta_post/update_operation_attr.php
Устанавливается соединение с localsite|192.168.0.27|:80... соединение установлено.
Запрос HTTP послан, ожидается ответ... Ошибка чтения (Connection timed out) в заголовках.
Повтор.

--2016-10-20 09:02:13--  (попытка: 6)  http://localsite/beta_post/update_operation_attr.php
Устанавливается соединение с localsite|192.168.0.27|:80... соединение установлено.
Запрос HTTP послан, ожидается ответ... Ошибка чтения (Connection timed out) в заголовках.
Повтор.

--2016-10-20 09:17:19--  (попытка: 7)  http://localsite/beta_post/update_operation_attr.php
Устанавливается соединение с localsite|192.168.0.27|:80... соединение установлено.
Запрос HTTP послан, ожидается ответ... 200 OK
Длина: нет информации [text/html]
Сохраняется в каталог: `wget_log/beta_16-10-20_ 7.00.00.03_operation_attr.txt'.

     0K .......... .....                                       28,1 =9m34s

2016-10-20 09:51:23 (28,1 B/s) - Ошибка чтения, позиция 16130 (Connection timed out).Повтор.

--2016-10-20 09:51:30--  (попытка: 8)  http://localsite/beta_post/update_operation_attr.php
Устанавливается соединение с localsite|192.168.0.27|:80... соединение установлено.
Запрос HTTP послан, ожидается ответ... Ошибка чтения (Connection timed out) в заголовках.
Повтор.

--2016-10-20 10:06:38--  (попытка: 9)  http://localsite/beta_post/update_operation_attr.php
Устанавливается соединение с localsite|192.168.0.27|:80... соединение установлено.
Запрос HTTP послан, ожидается ответ... 200 OK
Длина: нет информации [text/html]
Сохраняется в каталог: `wget_log/beta_16-10-20_ 7.00.00.03_operation_attr.txt'.

     0K .......... .......... ...                              21,3 =18m56s

2016-10-20 10:49:45 (21,3 B/s) - Ошибка чтения, позиция 24180 (Connection timed out).Повтор.

--2016-10-20 10:49:54--  (попытка:10)  http://localsite/beta_post/update_operation_attr.php
Устанавливается соединение с localsite|192.168.0.27|:80... соединение установлено.
Запрос HTTP послан, ожидается ответ... Ошибка чтения (Connection timed out) в заголовках.
Повтор.

--2016-10-20 11:05:04--  (попытка:11)  http://localsite/beta_post/update_operation_attr.php
Устанавливается соединение с localsite|192.168.0.27|:80... соединение установлено.
Запрос HTTP послан, ожидается ответ... 200 OK
Длина: нет информации [text/html]
Сохраняется в каталог: `wget_log/beta_16-10-20_ 7.00.00.03_operation_attr.txt'.

     0K .......... .......... .......... .......... .......    16,9 =47m32s

2016-10-20 12:17:17 (16,9 B/s) - Ошибка чтения, позиция 48330 (Connection timed out).Повтор.

--2016-10-20 12:17:27--  (попытка:12)  http://localsite/beta_post/update_operation_attr.php
Устанавливается соединение с localsite|192.168.0.27|:80... соединение установлено.
Запрос HTTP послан, ожидается ответ... Ошибка чтения (Connection timed out) в заголовках.
Повтор.

--2016-10-20 12:32:37--  (попытка:13)  http://localsite/beta_post/update_operation_attr.php
Устанавливается соединение с localsite|192.168.0.27|:80... соединение установлено.
Запрос HTTP послан, ожидается ответ... 200 OK
Длина: нет информации [text/html]
Сохраняется в каталог: `wget_log/beta_16-10-20_ 7.00.00.03_operation_attr.txt'.

     0K .......--2016-10-20 13:00:00--  http://localsite/beta_post/update_performer_doc.php
Распознаётся localsite... 192.168.0.27
Устанавливается соединение с localsite|192.168.0.27|:80... соединение установлено.
Запрос HTTP послан, ожидается ответ... 200 OK
Длина: 207 [text/html]
Сохраняется в каталог: `wget_log/beta_16-10-20_13.00.00.02_update_performer_doc.txt'.

     0K                                                       100% 20,2M=0s

2016-10-20 13:00:03 (20,2 MB/s) - `wget_log/beta_16-10-20_13.00.00.02_update_performer_doc.txt' сохранён [207/207]

--2016-10-20 13:00:08--  http://localsite/beta_post/update_performer_doc6.php
Распознаётся localsite... 192.168.0.27
Устанавливается соединение с localsite|192.168.0.27|:80... соединение установлено.
Запрос HTTP послан, ожидается ответ... 200 OK
Длина: нет информации [text/html]
Сохраняется в каталог: `wget_log/beta_16-10-20_13.00.00.02_update_performer_doc6.txt'.

     0K .......... .......... .......... .......... .......... 10,3K
    50K .......... .......... .......... .......... .......... 9,79K
   100K .......... .......... .......... .......... .......... 10,7K
   150K .......... .......... .......... .......... ..........  888K
   200K .......... .......... .......... .......... .......... 6,00K
   250K .......... .......... .......... .......... ..........  792K
   300K .......... .......... .......... .......... ..........  890K
   350K .......... .......... .......... .......... .......... 5,41K
   400K .......... .......... .......... .......... ..........  933K
   450K .......... .......... .......... .......... ..........  817K
   500K .......... .......... .......... .......... .......... 9,16K
   550K .......... .......... .......... .......... .......... 14,2K
   600K .......... .......... .......... .......... .......... 22,9K
   650K .......... .......... .......... .......... .......... 11,9K
   700K .......... .......... .......... .......... ..........  809K
   750K .......... .......... .......... .......... .......... 7,59K
   800K .......... .......... .......... .......... ..........  909K
   850K .......... .......... .......... .......... .......... 7,32K
   900K .......... .......... .......... .......... .......... 19,1K
   950K .......... .......... .......... .......... .......... 20,3K
  1000K .......... .......... .......... .......... .......... 15,4K
  1050K .......... .......... .......... .......... .......... 14,3K
  1100K .......... .......... .......... .......... .......... 13,7K
  1150K .......... .......... .......... .......... .......... 13,7K
  1200K .......... .......... .......... .......... .......... 21,8K
  1250K .......... .......... .......... .......... .......... 9,96K
  1300K .......... .......... .......... .......... ..........  688K
  1350K .......... .......... .......... .......... .......... 10,7K
  1400K .......... .......... .......... .......... .......... 12,2K
  1450K .......... .......... .......... .......... .......... 22,3K
  1500K .......... .......... .......... .......... .......... 15,6K
  1550K .......... .......... .......... .......... .......... 26,4K
  1600K .......... .......... .......... .......... .......... 9,75K
  1650K .......... .......... .......... .......... ..........  729K
  1700K .......... .......... .......... .......... .......... 7,30K
  1750K .......... .......... .......... .......... ..........  809K
  1800K .......... .......... .......... .......... .......... 7,27K
  1850K .......... .......... .......... .......... ..........  895K
  1900K .......... .......... .......... .......... ..........  781K
  1950K .......... .......... .......... .......... .......... 12,1K
  2000K .......... .......... .......... .......... .......... 12,2K
  2050K .......... .......... .......... .......... ..........  804K
  2100K .......... .......... .......... .......... .......... 9,34K
  2150K .......... .......... .......... .......... .......... 12,5K
  2200K .......... .......... .......... .......... .......... 23,8K
  2250K .......... .......... .......... .......... .......... 14,5K
  2300K .......... .......... .......... .......... .......... 20,2K
  2350K .......... .......... .......... .......... .......... 15,4K
  2400K .......... .......... .......... .......... .......... 10,8K
  2450K .......... .......... .......... .......... .......... 17,9K
  2500K .......... .......... .......... .......... .......... 13,5K
  2550K .......... .......... .......... .......... .......... 16,9K
  2600K .......... .......... .......... .......... .......... 12,0K
  2650K .......... .......... .......... .......... .......... 16,9K
  2700K .......... .......... .......... .......... .......... 14,0K
  2750K .......... .......... .......... .......... .......... 21,7K
  2800K .......... .......... .......... .......... .......... 18,7K
  2850K .......... .......... .......... .......... .......... 10,9K
  2900K .......... .......... .......... .......... .......... 21,1K
  2950K .......... .......... .......... .......... .......... 13,4K
  3000K .......... .......... .......... .......... .......... 10,3K
  3050K .......... .......... .......... .......... .......... 20,8K
  3100K .......... .......... .......... .......... .......... 9,08K
  3150K .......... .......... .......... .......... .......... 16,2K
  3200K .......... .......... .......... .......... .......... 15,1K
  3250K .......... .......... .......... .......... .......... 9,66K
  3300K .......... .......... .......... .......... .......... 9,40K
  3350K .......... .......... .......... .......... .......... 15,9K
  3400K .......... .......... .......... .......... .......... 9,35K
  3450K .......... .......... .......... .......... .......... 14,7K
  3500K .......... .......... .......... .......... .......... 10,8K
  3550K .......... .......... .......... .......... .......... 11,6K
  3600K .......... .......... .......... .......... ..........  889K
  3650K .......... .......... .......... .......... .......... 10,5K
  3700K .......... .......... .......... .......... .......... 12,2K
  3750K .......... .......... .......... .......... .......... 13,4K
  3800K .......... .......... .......... .......... .......... 12,0K
  3850K .......... .......... .......... .......... .......... 16,5K
  3900K .......... .......... .......... .......... .......... 7,83K
  3950K .......... .......... .......... .......... .......... 18,7K
  4000K .......... .......... .......... .......... .......... 21,4K
  4050K .......... .......... .......... .......... .......... 11,4K
  4100K .......... .......... .......... .......... ..........  892K
  4150K .......... .......... .......... .......... .......... 9,69K
  4200K .......... .......... .......... .......... .......... 16,7K
  4250K .......... .......... .......... .......... .......... 10,8K
  4300K .......... .......... .......... .......... .......... 20,3K
  4350K .......... .......... .......... .......... .......... 8,66K
  4400K .......... .......... .......... .......... .......... 10,8K
  4450K .......... .......... .......... .......... .......... 25,2K
  4500K .......... .......... .......... .......... .......... 12,6K
  4550K .......... .......... .......... .......... .......... 10,5K
  4600K .......... .......... .......... .......... .......... 13,2K
  4650K .......... .......... .......... .......... .......... 18,6K
  4700K .......... .......... .......... .......... .......... 17,7K
  4750K .......... .......... .......... .......... .......... 7,92K
  4800K .......... .......... .......... .......... .......... 17,0K
  4850K .......... .......... .......... .......... .......... 22,0K
  4900K .......... .......... .......... .......... .......... 10,8K
  4950K .......... .......... .......... .......... ..........  900K
  5000K .......... .......... .......... .......... .......... 7,81K
  5050K .......... .......... .......... .......... .......... 11,0K
  5100K .......... .......... .......... .......... .......... 13,7K
  5150K .......... .......... .......... .......... .......... 14,1K
  5200K .......... .......... .......... .......... .......... 12,5K
  5250K .......... .......... .......... .......... ..........  896K
  5300K .......... .......... .......... .......... .......... 8,19K
  5350K .......... .......... .......... .......... .......... 12,0K
  5400K .......... .......... .......... .......... .......... 15,0K
  5450K .......... .......... .......... .......... .......... 7,84K
  5500K .......... .......... .......... .......... ..........  901K
  5550K .......... .......... .......... .......... .......... 15,2K
  5600K .......... .......... .......... .......... .......... 8,57K
  5650K .......... .......... .......... .......... .......... 17,2K
  5700K .......... .......... .......... .......... .......... 10,9K
  5750K .......... .......... .......... .......... .......... 26,0K
  5800K ..                                                 368M=0s

2016-10-20 12:57:08 (368 MB/s) - Ошибка чтения, позиция 8080 (Connection timed out).Повтор.

--2016-10-20 12:57:18--  (попытка:14)  http://localsite/beta_post/update_operation_attr.php
Устанавливается соединение с localsite|192.168.0.27|:80... соединение установлено.
Запрос HTTP послан, ожидается ответ... 200 OK
Длина: нет информации [text/html]
Сохраняется в каталог: `wget_log/beta_16-10-20_ 7.00.00.03_operation_attr.txt'.

     0K ............... .......... .......... .......... .......... 13,4K
  5850K .......... .......... .......... .......... ..........  893K
  5900K .......... .......... .......... .......... .......... 7,26K
  5950K .......... .......... .......... .......... .......... 17,1K
  6000K .......... .......... .......... .......... .......... 13,1K
  6050K .......... .......... .......... .......... .......... 13,0K
  6100K .......... .......... .......... .......... ..........  975K
  6150K .......... .......... .......... .......... .......... 8,58K
  6200K .......... .......... .......... .......... .......... 18,3K
  6250K .......... .......... .......... .......... .......... 12,0K
  6300K .......... .......... .......... .......... .......... 9,53K
  6350K .......... .......... .......... .......... .......... 12,6K
  6400K .......... .......... .......... .......... ..........  956K
  6450K .......... .......... .......... .......... .......... 8,99K
  6500K .......... .......... .......... .......... .......... 12,6K
  6550K .......... .......... .......... .......... .......... 17,4K
  6600K .......... .......... .......... .......... .......... 10,1K
  6650K .......... .......... .......... .......... .......... 13,0K
  6700K .......... .......... .......... .......... .......... 9,00K
  6750K .......... .......... .......... .......... ..........  923K
  6800K .......... .......... .......... .......... .......... 9,31K
  6850K .......... .......... .......... .......... .......... 11,3K
  6900K .......... .......... .......... .......... .......... 9,82K
  6950K .......... .......... .......... .......... .......... 10,6K
  7000K .......... .......... .......... .......... .......... 12,8K
  7050K .......... .......... .......... .......... .......... 10,3K
  7100K .......... .......... .......... .......... .......... 12,7K
  7150K .......... .......... .......... .......... .......... 10,2K
  7200K .......... .......... .......... .......... .......... 11,2K
  7250K .......... .......... .......... .......... .......... 10,6K
  7300K .......... .......... .......... .......... .......... 15,0K
  7350K .......... .......... .......... .......... .......... 12,6K
  7400K .......... .......... .......... .......... .......... 10,4K
  7450K .......... .......... .......... .......... .......... 9,99K
  7500K .......... .......... .......... .......... .......... 14,8K
  7550K .......... .......... .......... .......... .......... 15,8K
  7600K .......... .......... .......... .......... .......... 7,49K
  7650K .......... .......... .......... .......... .......... 24,6K
  7700K .......... .......... .......... .......... .......... 7,17K
  7750K .......... .......... .......... .......... .......... 9,17K
  7800K .......... .......... .......... .......... ..........  816K
  7850K .......... .......... .......... .......... .......... 9,30K
  7900K .......... .......... .......... .......... .......... 11,4K
  7950K .......... .......... .......... .......... ..........  774K
  8000K .......... .......... .......... .......... .......... 10,5K
  8050K .......... .......... .......... .......... .......... 14,3K
  8100K .......... .......... .......... .......... .......... 12,3K
  8150K .......... .......... .......... .......... .......... 15,0K
  8200K .......... .......... .......... .......... .......... 10,9K
  8250K .......... .......... .......... .......... ..........  927K
  8300K .......... .......... .......... .......... .......... 10,3K
  8350K .......... .......... .......... .......... .......... 11,5K
  8400K .......... .......... .......... .......... .......... 19,0K
  8450K .......... .......... .......... .......... .......... 8,16K
  8500K .......... .......... .......... .......... .......... 15,2K
  8550K .......... .......... .......... .......... .......... 12,5K
  8600K .......... .......... .......... .......... .......... 9,04K
  8650K .......... .......... .......... .......... .......... 22,3K
  8700K .......... .......... .......... .......... .......... 7,93K
  8750K .......... .......... .......... .......... .......... 13,2K
  8800K .......... .......... .......... .......... ..........  700K
  8850K .......... .......... .......... .......... ..........  397K
  8900K .......... .......... .......... .......... .......... 6,34K
  8950K .......... .......... .......... .......... .......... 7,49K
  9000K .......... .......... .......... .......... .......... 14,6K
  9050K .......... .......... .......... .......... .......... 9,24K
  9100K .......... .......... .......... .......... .......... 10,5K
  9150K .......... .......... .......... .......... .......... 6,76K
  9200K .......... .......... .......... .......... ..........  785K
  9250K .......... .......... .......... .......... ..........  637K
  9300K .......... .......... .......... .......... .......... 7,40K
  9350K .......... .......... .......... .......... .......... 8,94K
  9400K .......... .......... .......... .......... .......... 8,59K
  9450K .......... .......... .......... .......... ..........  767K
  9500K .......... .......... .......... .......... .......... 6,99K
  9550K .......... .......... .......... .......... ..........  872K
  9600K .......... .......... .......... .......... .......... 5,50K
  9650K .......... .......... .......... .......... ..........  816K
  9700K .......... .......... .......... .......... ..........  694K
  9750K .......... .......... .......... .......... .......... 8,14K
  9800K .......... .......... .......... .......... .......... 9,96K
  9850K .......... .......... .......... .......... .......... 8,28K
  9900K .......... .......... .......... .......... ..........  764K
  9950K .......... .......... .......... .......... .......... 9,17K
 10000K .......... .......... .......... .......... .......... 12,5K
 10050K .......... .......... .......... .......... .......... 6,50K
 10100K .......... .......... .......... .......... ..........  921K
 10150K .......... .......... .......... .......... .......... 9,95K
 10200K .......... .......... .......... .......... .......... 14,8K
 10250K .......... .......... .......... .......... .......... 10,2K
 10300K .......... .......... .......... .......... .......... 10,5K
 10350K .......... .......... .......... .......... .......... 10,2K
 10400K .......... .......... .......... .......... .......... 8,55K
 10450K .......... .......... .......... .......... ..........  755K
 10500K .......... .......... .......... .......... .......... 7,59K
 10550K .......... .......... .......... .......... .......... 14,8K
 10600K .......... .......... .......... .......... .......... 8,51K
 10650K .......... .......... .......... .......... .......... 10,5K
 10700K .......... .......... .......... .......... .......... 9,47K
 10750K .......... .......... .......... .......... .......... 8,22K
 10800K .......... .......... .......... .......... .....      17,9K=13m24s

2016-10-20 13:28:36 (13,5 KB/s) - Ошибка чтения, позиция 11106260 (Connection timed out).Повтор.

--2016-10-20 13:28:37--  (попытка: 2)  http://localsite/beta_post/update_performer_doc6.php
Устанавливается соединение с localsite|192.168.0.27|:80... соединение установлено.
Запрос HTTP послан, ожидается ответ... 200 OK
Длина: нет информации [text/html]
Сохраняется в каталог: `wget_log/beta_16-10-20_13.00.00.02_update_performer_doc6.txt'.

     0K .......... .......... .......... .......... ..........  0% 13,2K 13m38s
    50K .......... .......... .......... .......... ..........  0% 9,22K 16m30s
   100K .......... .......... .......... .......... ..........  1% 12,5K 15m43s
   150K .......... .......... .......... .......... ..........  1%  570K 11m49s
   200K .......... .......... .......... .......... ..........  2% 6,47K 14m52s
   250K .......... .......... .......... .......... ..........  2%  781K 12m22s
   300K .......... .......... .......... .......... ..........  3%  714K 10m35s
   350K .......... .......... .......... .......... ..........  3% 4,95K 13m37s
   400K .......... .......... .......... .......... ..........  4%  507K 12m5s
   450K .......... .......... .......... .......... ..........  4%  606K 10m51s
   500K .......... .......... .......... .......... ..........  5% 6,64K 12m10s
   550K .......... .......... .......... .......... ..........  5% 11,4K 12m21s
   600K .......... .......... .......... .......... ..........  5% 18,8K 12m2s
   650K .......... .......... .......... .......... ..........  6% 9,69K 12m22s
   700K .......... .......... .......... .......... ..........  6%  663K 11m30s
   750K .......... .......... .......... .......... ..........  7% 6,84K 12m16s
   800K .......... .......... .......... .......... ..........  7%  698K 11m30s
   850K .......... .......... .......... .......... ..........  8% 6,83K 12m9s
   900K .......... .......... .......... .......... ..........  8% 18,6K 11m55s
   950K .......... .......... .......... .......... ..........  9% 18,8K 11m42s
  1000K .......... .......... .......... .......... ..........  9% 14,4K 11m38s
  1050K .......... .......... .......... .......... .......... 10% 13,3K 11m36s
  1100K .......... .......... .......... .......... .......... 10% 12,3K 11m37s
  1150K .......... .......... .......... .......... .......... 11% 13,8K 11m33s
  1200K .......... .......... .......... .......... .......... 11% 22,4K 11m19s
  1250K .......... .......... .......... .......... .......... 11% 8,82K 11m31s
  1300K .......... .......... .......... .......... .......... 12%  795K 11m3s
  1350K .......... .......... .......... .......... .......... 12% 8,91K 11m14s
  1400K .......... .......... .......... .......... .......... 13% 13,4K 11m11s
  1450K .......... .......... .......... .......... .......... 13% 20,5K 11m0s
  1500K .......... .......... .......... .......... .......... 14% 14,8K 10m56s
  1550K .......... .......... .......... .......... .......... 14% 25,4K 10m43s
  1600K .......... .......... .......... .......... .......... 15% 9,33K 10m50s
  1650K .......... .......... .......... .......... .......... 15%  716K 10m28s
  1700K .......... .......... .......... .......... .......... 16% 6,99K 10m44s
  1750K .......... .......... .......... .......... .......... 16%  643K 10m23s
  1800K .......... .......... .......... .......... .......... 17% 6,90K 10m38s
  1850K .......... .......... .......... .......... .......... 17%  900K 10m18s
  1900K .......... .......... .......... .......... .......... 17%  727K 9m59s
  1950K .......... .......... .......... .......... .......... 18% 11,1K 10m1s
  2000K .......... .......... .......... .......... .......... 18% 12,0K 10m1s
  2050K .......... .......... .......... .......... .......... 19%  761K 9m44s
  2100K .......... .......... .......... .......... .......... 19% 9,01K 9m49s
  2150K .......... .......... .......... .......... .......... 20% 12,3K 9m48s
  2200K .......... .......... .......... .......... ....       20%  758K=2m30s

2016-10-20 13:46:10 (15,0 KB/s) - Ошибка чтения, позиция 11106260 (Connection timed out).Повтор.

--2016-10-20 13:46:12--  (попытка: 3)  http://localsite/beta_post/update_performer_doc6.php
Устанавливается соединение с localsite|192.168.0.27|:80... соединение установлено.
Запрос HTTP послан, ожидается ответ... 200 OK
Длина: нет информации [text/html]
Сохраняется в каталог: `wget_log/beta_16-10-20_13.00.00.02_update_performer_doc6.txt'.

     0K .......... .......... .......... .......... ..........  0% 15,0K 11m58s
    50K .......... .......... .......... .......... ..........  0% 11,8K 13m35s
   100K .......... .......... .......... .......... ..........  1% 13,9K 13m17s
   150K .......... .......... .......... .......... ..........  1%  924K 9m58s
   200K .......... ........                                               100%  584M=0s

2016-10-20 13:21:56 (584 MB/s) - Ошибка чтения, позиция 8080 (Connection timed out).Повтор.

--2016-10-20 13:22:06--  (попытка:15)  http://localsite/beta_post/update_operation_attr.php
Устанавливается соединение с localsite|192.168.0.27|:80... соединение установлено.
Запрос HTTP послан, ожидается ответ... Ошибка чтения (Connection timed out) в заголовках.
Повтор.

--2016-10-20 13:37:16--  (попытка:16)  http://localsite/beta_post/update_operation_attr.php
Устанавливается соединение с localsite|192.168.0.27|:80... соединение установлено.
Запрос HTTP послан, ожидается ответ... 200 OK
Длина: нет информации [text/html]
Сохраняется в каталог: `wget_log/beta_16-10-20_ 7.00.00.03_operation_attr.txt'.

     0K ......... .......... .......... ..........  2% 6,51K 13m22s
   250K .......... .......... .......... .......... ..........  2%  800K 11m7s
   300K .......... .......... .......... .......... ..........  3%  843K 9m31s
   350K .......... .......... .......... .......... ..........  3% 5,67K 12m8s
   400K .......... .......... .......... .......... ..........  4%  913K 10m45s
   450K .......... .......... .......... .......... ..........  4%  862K 9m39s
   500K .......... .......... .......... .......... ..........  5% 9,53K 10m22s
   550K .......... .......... .......... .......... ..........  5% 14,7K 10m25s
   600K .......... .......... .......... .......... ..........  5% 23,3K 10m8s
   650K .......... .......... .......... .......... ..........  6% 12,1K 10m22s
   700K .......... .......... .......... .......... ..........  6%  860K 9m38s
   750K .......... .......... .......... .......... ..........  7% 8,19K 10m16s
   800K .......... .......... .......... .......... ..........  7%  921K 9m38s
   850K .......... .......... .......... .......... ..........  8% 7,65K 10m15s
   900K .......... .......... .......... .......... ..........  8% 19,1K 10m7s
   950K .......... .......... .......... .......... ..........  9% 21,0K 9m57s
  1000K .......... .......... .......... .......... ..........  9% 15,3K 9m56s
  1050K .......... .......... .......... .......... .......... 10% 14,9K 9m56s
  1100K .......... .......... .......... .......... .......... 10% 14,0K 9m58s
  1150K .......... .......... .......... .......... .......... 11% 16,3K 9m54s
  1200K .......... .......... .......... .......... .......... 11% 25,5K 9m43s
  1250K .......... .......... .......... .......... .......... 11% 10,5K 9m52s
  1300K .......... .......... .......... .......... .......... 12%  948K 9m28s
  1350K .......... .......... .......... .......... .......... 12% 11,4K 9m34s
  1400K .......... .......... .......... .......... .......... 13% 14,8K 9m33s
  1450K .......... .......... .......... .......... .......... 13% 23,2K 9m25s
  1500K .......... .......... .......... .......... .......... 14% 15,6K 9m23s
  1550K .......... .......... .......... .......... .......... 14% 26,8K 9m13s
  1600K .......... .......... .......... .......... .......... 15% 10,2K 9m21s
  1650K .......... .......... .......... .......... .......... 15%  715K 9m2s
  1700K .......... .......... .......... .......... .......... 16% 7,55K 9m18s
  1750K .......... .......... .......... .......... .......... 16%  810K 8m59s
  1800K .......... .......... .......... .......... .......... 17% 7,39K 9m15s
  1850K .......... .......... .......... .......... .......... 17%  978K 8m58s
  1900K .......... .......... .......... .......... .......... 17%  700K 8m41s
  1950K .......... .......... .......... .......... .......... 18% 12,6K 8m43s
  2000K .......... .......... .......... .......... .......... 18% 12,9K 8m44s
  2050K .......... .......... .......... .......... .......... 19%  911K 8m29s
  2100K .......... .......... .......... .......... .......... 19% 9,73K 8m35s
  2150K .......... .......... .......... .......... .......... 20% 14,0K 8m34s
  2200K .......... .......... .......... .......... .......... 20% 38,0K 8m25s
  2250K .......... .......... .......... .......... .......... 21% 14,8K 8m24s
  2300K .......... .......... .......... .......... .......... 21% 19,9K 8m19s
  2350K .......... .......... .......... .......... .......... 22% 15,0K 8m18s
  2400K .......... .......... .......... .......... .......... 22% 10,6K 8m21s
  2450K .......... .......... .......... .......... .......... 23% 17,4K 8m17s
  2500K .......... .......... .......... .......... .......... 23% 13,2K 8m17s
  2550K .......... .......... .......... .......... .......... 23% 16,0K 8m14s
  2600K .......... .......... .......... .......... .......... 24% 11,0K 8m16s
  2650K .......... .......... .......... .......... .......... 24% 17,2K 8m13s
  2700K .......... .......... .......... .......... .......... 25% 13,6K 8m12s
  2750K .......... .......... .......... .......... .......... 25% 22,4K 8m6s
  2800K .......... .......... .......... .......... .......... 26% 18,7K 8m2s
  2850K .......... .......... .......... .......... .......... 26% 10,8K 8m4s
  2900K .......... .......... .......... .......... .......... 27% 21,7K 7m59s
  2950K .......... .......... .......... .......... .......... 27% 13,2K 7m58s
  3000K .......... .......... .......... .......... .......... 28% 10,3K 7m59s
  3050K .......... .......... .......... .......... .......... 28% 21,3K 7m54s
  3100K .......... .......... .......... .......... .......... 29% 9,65K 7m57s
  3150K .......... .......... .......... .......... .......... 29% 16,0K 7m53s
  3200K .......... .......... .......... .......... .......... 29% 15,1K 7m51s
  3250K .......... .......... .......... .......... .......... 30% 9,20K 7m53s
  3300K .......... .......... .......... .......... .......... 30% 9,29K 7m55s
  3350K .......... .......... .......... .......... .......... 31% 15,3K 7m52s
  3400K .......... .......... .......... .......... .......... 31% 10,1K 7m53s
  3450K .......... .......... .......... .......... .......... 32% 16,1K 7m49s
  3500K .......... .......... .......... .......... .......... 32% 10,3K 7m50s
  3550K .......... .......... .......... .......... .......... 33% 11,1K 7m49s
  3600K .......... .......... .......... .......... .......... 33%  593K 7m39s
  3650K .......... .......... .......... .......... .......... 34% 10,6K 7m39s
  3700K .......... .......... .......... .......... .......... 34% 11,0K 7m39s
  3750K .......... .......... .......... .......... .......... 35% 12,5K 7m37s
  3800K .......... .......... .......... .......... .......... 35% 11,2K 7m36s
  3850K .......... .......... .......... .......... .......... 35% 15,6K 7m32s
  3900K .......... .......... .......... .......... .......... 36% 7,67K 7m35s
  3950K .......... .......... .......... .......... .......... 36% 18,2K 7m31s
  4000K .......... .......... .......... .......... .......... 37% 20,0K 7m26s
  4050K .......... .......... .......... .......... .......... 37% 10,8K 7m25s
  4100K .......... .......... .......... .......... .......... 38%  890K 7m16s
  4150K .......... .......... .......... .......... .......... 38% 9,15K 7m17s
  4200K .......... .......... .......... .......... .......... 39% 16,0K 7m13s
  4250K .......... .......... .......... .......... .......... 39% 11,2K 7m12s
  4300K .......... .......... .......... .......... .......... 40% 20,5K 7m7s
  4350K .......... .......... .......... .......... .......... 40% 9,02K 7m7s
  4400K .......... .......... .......... .......... .......... 41% 10,9K 7m6s
  4450K .......... .......... .......... .......... .......... 41% 26,7K 7m0s
  4500K .......... .......... .......... .......... .......... 41% 13,3K 6m58s
  4550K .......... .......... .......... .......... .......... 42% 10,5K 6m56s
  4600K .......... .......... .......... .......... .......... 42% 13,3K 6m53s
  4650K .......... .......... .......... .......... .......... 43% 18,7K 6m49s
  4700K .......... .......... .......... .......... .......... 43% 16,6K 6m46s
  4750K .......... .......... .......... .......... .......... 44% 7,20K 6m47s
  4800K .......... .......... .......... .......... .......... 44% 16,4K 6m43s
  4850K .......... .......... .......... .......... .......... 45% 21,1K 6m38s
  4900K .......... .......... .......... .......... .......... 45% 10,4K 6m37s
  4950K .......... .......... .......... .......... .......... 46%  772K 6m30s
  5000K .......... .......... .......... .......... .......... 46% 7,25K 6m30s
  5050K .......... .......... .......... .......... .......... 47% 10,7K 6m28s
  5100K .......... .......... .......... .......... .......... 47% 12,8K 6m26s
  5150K .......... .......... .......... .......... .......... 47% 13,4K 6m23s
  5200K .......... .......... .......... .......... .......... 48% 12,0K 6m20s
  5250K .......... .......... .......... .......... .......... 48%  691K 6m13s
  5300K .......... .......... .......... .......... .......... 49% 7,57K 6m13s
  5350K .......... .......... .......... .......... .......... 49% 11,0K 6m11s
  5400K .......... .......... .......... .......... .......... 50% 13,7K 6m8s
  5450K .......... .......... .......... .......... .......... 50% 7,51K 6m8s
  5500K .......... .......... .......... .......... .......... 51%  810K 6m1s
  5550K .......... .......... .......... .......... .......... 51% 13,7K 5m58s
  5600K .......... .......... .......... .......... .......... 52% 7,96K 5m57s
  5650K .......... .......... .......... .......... .......... 52% 16,0K 5m53s
  5700K .......... .......... .......... .......... .......... 53% 9,99K 5m51s
  5750K .......... .......... .......... .......... .......... 53% 22,8K 5m47s
  5800K .......... .......... .......... .......... .......... 53% 13,2K 5m44s
  5850K .......... .......... .......... .......... .......... 54%  724K 5m37s
  5900K .......... .......... .......... .......... .......... 54% 6,57K 5m37s
  5950K .......... .......... .......... .......... .......... 55% 18,0K 5m33s
  6000K .......... .......... .......... .......... .......... 55% 12,8K 5m30s
  6050K .......... .......... .......... .......... .......... 56% 12,6K 5m27s
  6100K .......... .......... .......... .......... .......... 56%  796K 5m21s
  6150K .......... .......... .......... .......... ...                                                 431M=0s

2016-10-20 14:01:29 (431 MB/s) - Ошибка чтения, позиция 8080 (Connection timed out).Повтор.

--2016-10-20 14:01:39--  (попытка:17)  http://localsite/beta_post/update_operation_attr.php
Устанавливается соединение с localsite|192.168.0.27|:80... соединение установлено.
Запрос HTTP послан, ожидается ответ... 200 OK
Длина: нет информации [text/html]
Сохраняется в каталог: `wget_log/beta_16-10-20_ 7.00.00.03_operation_attr.txt'.

     0K .......... .......... ...        57%  866K=7m1s

2016-10-20 14:08:16 (14,7 KB/s) - Ошибка чтения, позиция 11106260 (Connection timed out).Повтор.

--2016-10-20 14:08:19--  (попытка: 4)  http://localsite/beta_post/update_performer_doc6.php
Устанавливается соединение с localsite|192.168.0.27|:80... соединение установлено.
Запрос HTTP послан, ожидается ответ... Ошибка чтения (Connection timed out) в заголовках.
Повтор.

--2016-10-20 14:23:23--  (попытка: 5)  http://localsite/beta_post/update_performer_doc6.php
Устанавливается соединение с localsite|192.168.0.27|:80... соединение установлено.
Запрос HTTP послан, ожидается ответ... Ошибка чтения (Connection timed out) в заголовках.
Повтор.

--2016-10-20 14:38:28--  (попытка: 6)  http://localsite/beta_post/update_performer_doc6.php
Устанавливается соединение с localsite|192.168.0.27|:80... соединение установлено.
Запрос HTTP послан, ожидается ответ... Ошибка чтения (Connection timed out) в заголовках.
Повтор.

--2016-10-20 14:53:34--  (попытка: 7)  http://localsite/beta_post/update_performer_doc6.php
Устанавливается соединение с localsite|192.168.0.27|:80... соединение установлено.
Запрос HTTP послан, ожидается ответ... Ошибка чтения (Connection timed out) в заголовках.
Повтор.

--2016-10-20 15:08:41--  (попытка: 8)  http://localsite/beta_post/update_performer_doc6.php
Устанавливается соединение с localsite|192.168.0.27|:80... соединение установлено.
Запрос HTTP послан, ожидается ответ...                              299% 21,5 =18m47s

2016-10-20 14:47:42 (21,5 B/s) - Ошибка чтения, позиция 24180 (Connection timed out).Повтор.

--2016-10-20 14:47:52--  (попытка:18)  http://localsite/beta_post/update_operation_attr.php
Устанавливается соединение с localsite|192.168.0.27|:80... соединение установлено.
Запрос HTTP послан, ожидается ответ... Ошибка чтения (Connection timed out) в заголовках.
Повтор.

--2016-10-20 15:03:02--  (попытка:19)  http://localsite/beta_post/update_operation_attr.php
Устанавливается соединение с localsite|192.168.0.27|:80... соединение установлено.
Запрос HTTP послан, ожидается ответ... Ошибка чтения (Connection timed out) в заголовках.
Повтор.

--2016-10-20 15:18:13--  (попытка:20)  http://localsite/beta_post/update_operation_attr.php
Устанавливается соединение с localsite|192.168.0.27|:80... соединение установлено.
Запрос HTTP послан, ожидается ответ... --2016-10-20 16:00:00--  http://localsite/beta_post/update_operation_attr.php
Распознаётся localsite... 192.168.0.27
Устанавливается соединение с localsite|192.168.0.27|:80... соединение установлено.
Запрос HTTP послан, ожидается ответ... 200 OK
Длина: нет информации [text/html]
Сохраняется в каталог: `wget_log/beta_16-10-20_16.00.00.08_operation_attr.txt'.

     0K .......... .......... .......... .......... .......... 15,4 
    50K .......... .......... .......... ......                16,9 =92m23s

2016-10-20 17:56:19 (16,0 B/s) - Ошибка чтения, позиция 88717 (Connection timed out).Повтор.

--2016-10-20 17:56:20--  (попытка: 2)  http://localsite/beta_post/update_operation_attr.php
Устанавливается соединение с localsite|192.168.0.27|:80... соединение установлено.
Запрос HTTP послан, ожидается ответ... 200 OK
Длина: нет информации [text/html]
Сохраняется в каталог: `wget_log/beta_16-10-20_16.00.00.08_operation_attr.txt'.

     0K .......... .....                                       18% 28,6 =9m24s

2016-10-20 18:30:17 (28,6 B/s) - Ошибка чтения, позиция 88717 (Connection timed out).Повтор.

--2016-10-20 18:30:19--  (попытка: 3)  http://localsite/beta_post/update_operation_attr.php
Устанавливается соединение с localsite|192.168.0.27|:80... соединение установлено.
Запрос HTTP послан, ожидается ответ... Ошибка чтения (Connection timed out) в заголовках.
Повтор.

--2016-10-20 18:45:22--  (попытка: 4)  http://localsite/beta_post/update_operation_attr.php
Устанавливается соединение с localsite|192.168.0.27|:80... соединение установлено.
Запрос HTTP послан, ожидается ответ... 200 OK
Длина: нет информации [text/html]
Сохраняется в каталог: `wget_log/beta_16-10-20_16.00.00.08_operation_attr.txt'.

     0K .......... .....                                       27,3 =9m52s

2016-10-20 19:20:05 (27,3 B/s) - Ошибка чтения, позиция 16157 (Connection timed out).Повтор.

--2016-10-20 19:20:09--  (попытка: 5)  http://localsite/beta_post/update_operation_attr.php
Устанавливается соединение с localsite|192.168.0.27|:80... соединение установлено.
Запрос HTTP послан, ожидается ответ... 200 OK
Длина: нет информации [text/html]
Сохраняется в каталог: `wget_log/beta_16-10-20_16.00.00.08_operation_attr.txt'.

     0K .......... .....                                      100% 28,6 =9m26s

2016-10-20 19:54:03 (28,6 B/s) - Ошибка чтения, позиция 16157 (Connection timed out).Повтор.

--2016-10-20 19:54:08--  (попытка: 6)  http://localsite/beta_post/update_operation_attr.php
Устанавливается соединение с localsite|192.168.0.27|:80... соединение установлено.
Запрос HTTP послан, ожидается ответ... 200 OK
Длина: нет информации [text/html]
Сохраняется в каталог: `wget_log/beta_16-10-20_16.00.00.08_operation_attr.txt'.

     0K .......... .......... .......... .......... ..........316% 15,0  -2333s
    50K .......... .......... .......... .......... ..........633% 15,1  -5726s
   100K .......... ..........                                 764% 16,3 =2h14m

2016-10-20 22:18:29 (15,3 B/s) - `wget_log/beta_16-10-20_16.00.00.08_operation_attr.txt' сохранён [123487]

--2016-10-20 22:18:34--  http://localsite/beta_post/update_tracker_crm.php
Распознаётся localsite... 192.168.0.27
Устанавливается соединение с localsite|192.168.0.27|:80... соединение установлено.
Запрос HTTP послан, ожидается ответ... 200 OK
Длина: нет информации [text/html]
Сохраняется в каталог: `wget_log/beta_16-10-20_16.00.00.08_tracker_crm.txt'.

     0K .......... .......... .......... .......... .......... 1,54K
    50K .......... .......... .......... ..........            58,7 =12m14s

2016-10-20 22:31:13 (126 B/s) - `wget_log/beta_16-10-20_16.00.00.08_tracker_crm.txt' сохранён [92356]

--2016-10-20 22:31:18--  http://localsite/beta_post/update_status_get_tracking.php
Распознаётся localsite... 192.168.0.27
Устанавливается соединение с localsite|192.168.0.27|:80... соединение установлено.
Запрос HTTP послан, ожидается ответ... 200 OK
Длина: нет информации [text/html]
Сохраняется в каталог: `wget_log/beta_16-10-20_16.00.00.08_get_tracking.txt'.

     0K .......... .......... .......... .......... .......... 1019 
    50K .......... .......... .......... .......... .......... 1010 
   100K .......... .....                                       1,12K=1m54s

2016-10-20 22:33:26 (1,01 KB/s) - `wget_log/beta_16-10-20_16.00.00.08_get_tracking.txt' сохранён [117987]

--2016-10-20 22:33:31--  http://localsite/beta_post/update_status_crm.php
Распознаётся localsite... 192.168.0.27
Устанавливается соединение с localsite|192.168.0.27|:80... соединение установлено.
Запрос HTTP послан, ожидается ответ... 200 OK
Длина: нет информации [text/html]
Сохраняется в каталог: `wget_log/beta_16-10-20_16.00.00.08_status_crm.txt'.

     0K .......... .......... .......... .                     7,10K=4,4s

2016-10-20 22:33:37 (7,10 KB/s) - `wget_log/beta_16-10-20_16.00.00.08_status_crm.txt' сохранён [32278]

