--2016-10-19 07:00:00--  http://localsite/beta_post/update_operation_attr.php
Распознаётся localsite... 192.168.0.27
Устанавливается соединение с localsite|192.168.0.27|:80... соединение установлено.
Запрос HTTP послан, ожидается ответ... --2016-10-19 07:00:00--  http://localsite/beta_post/update_performer_doc.php
Распознаётся localsite... 192.168.0.27
Устанавливается соединение с localsite|192.168.0.27|:80... соединение установлено.
Запрос HTTP послан, ожидается ответ... 200 OK
Длина: 207 [text/html]
Сохраняется в каталог: `wget_log/beta_16-10-19_ 7.00.00.02_update_performer_doc.txt'.

     0K                                                       100% 21,6M=0s

2016-10-19 07:00:03 (21,6 MB/s) - `wget_log/beta_16-10-19_ 7.00.00.02_update_performer_doc.txt' сохранён [207/207]

--2016-10-19 07:00:08--  http://localsite/beta_post/update_performer_doc6.php
Распознаётся localsite... 192.168.0.27
Устанавливается соединение с localsite|192.168.0.27|:80... соединение установлено.
Запрос HTTP послан, ожидается ответ... 200 OK
Длина: нет информации [text/html]
Сохраняется в каталог: `wget_log/beta_16-10-19_ 7.00.00.02_update_performer_doc6.txt'.

     0K .......... .......... .......... .......... .......... 14,2K
    50K .......... .......... .......... .......... .......... 11,7K
   100K .......... .......... .......... .......... .......... 13,1K
   150K .......... .......... .......... .......... ..........  880K
   200K .......... ........200 OK
Длина: нет информации [text/html]
Сохраняется в каталог: `wget_log/beta_16-10-19_ 7.00.00.02_operation_attr.txt'.

     0K ......... .......... .......... .......... 7,14K
   250K .......... .......... .......... .......... ..........  845K
   300K .......... .......... .......... .......... ..........  937K
   350K .......... .......... .......... .......... .......... 5,80K
   400K .......... .......... .......... .......... ..........  985K
   450K .......... .......... .......... .......... ..........  899K
   500K .......... .......... .......... .......... .......... 9,78K
   550K .......... .......... .......... .......... .......... 15,3K
   600K .......... .......... .......... .......... .......... 23,5K
   650K .......... .......... .......... .......... .......... 12,6K
   700K .......... .......... .......... .......... ..........  920K... .....
   750K .......... .......... .......... .......... .......... 7,98K
   800K .......... .......... .......... .......... ..........  936K
   850K .......... .......... .......... .......... .......... 7,91K
   900K .......... .......... .......... .......... .......... 19,4K
   950K .......... .......... .......... .......... .......... 21,8K
  1000K .......... .......... .......... .......... .......... 16,4K
  1050K .......... .......... .......... .......... .......... 15,0K
  1100K .......... .......... .......... .......... .......... 14,1K
  1150K .......... .......... .......... ............. ..... .......... 15,9K
  1200K .......... .......... .......... .......... .......... 25,6K
  1250K .......... .......... .......... .......... .......... 10,3K
  1300K .......... .......... .......... .......... ..........  958K
  1350K .......... .......... .......... .......... .......... 10,9K
  1400K .......... .......... .......... .......... .......... 14,5K
  1450K .......... .......... .......... .......... .......... 21,8K
  1500K .......... .......... .......... .......... .......... 15,3K
  1550K .......... .......... .......... .......... .......... 25,8K
  1600K .......... ........ .......... .......... .......... .......... 10,0K
  1650K .......... .......... .......... .......... ..........  787K
  1700K .......... .......... .......... .......... .......... 7,77K
  1750K .......... .......... .......... .......... ..........  841K
  1800K .......... .......... .......... .......... .......... 7,36K
  1850K .......... .......... .......... .......... ..........  980K
  1900K .......... .......... .......... .......... ..........  837K
  1950K .......... .......... .......... .......... .......... 12,8K
  2000K .......... .......... .......... .......... .......... 12,7K
  2050K .......... .......... .......... .......... ..........  992K
  2100K .......... .......... .......... .................. .......... 9,86K
  2150K .......... .......... .......... .......... .......... 13,9K
  2200K .......... .......... .......... .......... .......... 39,4K
  2250K .......... .......... .......... .......... .......... 17,1K
  2300K .......... .......... .......... .......... .......... 22,5K
  2350K .......... .......... .......... .......... .......... 16,7K
  2400K .......... .......... .......... .......... .......... 11,6K
  2450K .......... .......... .......... .......... .......... 19,5K
  2500K .......... .......... .......... .......... .......... 14,6K
  2550K .......... .......... .......... .......... .......... 18,4K
  2600K .......... .......... ........ .......... .......... .......... 12,6K
  2650K .......... .......... .......... .......... .......... 17,8K
  2700K .......... .......... .......... .......... .......... 15,0K
  2750K .......... .......... .......... .......... .......... 22,8K
  2800K .......... .......... .......... .......... .......... 19,7K
  2850K .......... .......... .......... .......... .......... 11,7K
  2900K .......... .......... .......... .......... .......... 21,5K
  2950K .......... .......... .......... .......... .......... 14,1K
  3000K .......... .......... .......... .......  313 
    50K ........... .......... 10,7K
  3050K .......... .......... .......... .......... .......... 22,4K
  3100K .......... .......... .......... .......... .......... 10,6K
  3150K .......... .......... .......... .......... .......... 17,8K
  3200K .......... .......... .......... .......... .......... 16,6K
  3250K .......... .......... .......... .......... .......... 10,3K
  3300K .......... .......... .......... .......... .......... 9,51K
  3350K .......... .......... .......... .......... ........ .......... 16,9K
  3400K .......... .......... .......... .......... .......... 11,3K
  3450K .......... .......... .......... .......... .......... 17,7K
  3500K .......... .......... .......... .......... .......... 13,0K
  3550K .......... .......... .......... .......... .......... 12,8K
  3600K .......... .......... .......... .......... ..........  968K
  3650K .......... .......... .......... .......... .......... 11,5K
  3700K .......... .......... .......... .......... .......... 12,7K
  3750K .......... ........ .......... .......... .......... .......... 14,6K
  3800K .......... .......... .......... .......... .......... 12,7K
  3850K .......... .......... .......... .......... .......... 17,1K
  3900K .......... .......... .......... .......... .......... 8,38K
  3950K .......... .......... .......... .......... .......... 18,8K
  4000K .......... .......... .......... .......... .......... 21,8K
  4050K .......... .......... .......... .......... .......... 11,8K
  4100K .......... .......... .......... .......... ..........  948K
  4150K .......... ................. .......... .......... .......... 10,3K
  4200K .......... .......... .......... .......... .......... 18,0K
  4250K .......... .......... .......... .......... .......... 11,8K
  4300K .......... .......... .......... .......... .......... 6,80K
  4350K .......... .......... .......... .......... .......... 9,56K
  4400K .......... .......... .......... .......... .......... 11,5K
  4450K ......... ......... .......... .......... .......... .......... 26,5K
  4500K .......... .......... .......... .......... .......... 14,4K
  4550K .......... .......... .......... .......... .......... 11,0K
  4600K .......... .......... .......... .......... .......... 13,5K
  4650K .......... .......... .......... .......... .......... 15,9K
  4700K .......... .......... .......... .......... .......... 14,9K
  4750K .......... .......... .......... .......... .......... 7,98K
  4800K .......... .......... .......... ...... ............ .......... 17,7K
  4850K .......... .......... .......... .......... .......... 22,6K
  4900K .......... .......... .......... .......... .......... 11,3K
  4950K .......... .......... .......... .......... ..........  931K
  5000K .......... .......... .......... .......... .......... 8,47K
  5050K .......... .......... .......... .......... .......... 12,1K
  5100K .......... .......... .......... .......... .......... 15,1K
  5150K .......... .......... .......... .......... .......... 14,6K
  5200K .............  324 
   100K ..... .......... .......... .......... .......... 13,0K
  5250K .......... .......... .......... .......... ..........  920K
  5300K .......... .......... .......... .......... .......... 8,48K
  5350K .......... .......... .......... .......... .......... 12,3K
  5400K .......... .......... .......... .......... .......... 16,1K
  5450K .......... .......... .......... .......... .......... 8,02K
  5500K .......... .......... .......... .......... ..........  965K
  5550K .......... .......... .......... .......... .......... 16,3K
  5600K .................. .......... .......... .......... .......... 8,99K
  5650K .......... .......... .......... .......... .......... 18,1K
  5700K .......... .......... .......... .......... .......... 11,3K
  5750K .......... .......... .......... .......... .......... 27,6K
  5800K .......... .......... .......... .......... .......... 14,4K
  5850K .......... .......... .......... .......... ..........  925K
  5900K .......... .......... .......... .......... .......... 7,56K
  5950K .......... .......... .......... .......... .......... 18,4K
  6000K .......... .......... .......... ...... ............ .......... 14,4K
  6050K .......... .......... .......... .......... .......... 13,8K
  6100K .......... .......... .......... .......... ..........  941K
  6150K .......... .......... .......... .......... .......... 8,98K
  6200K .......... .......... .......... .......... .......... 19,4K
  6250K .......... .......... .......... .......... .......... 13,7K
  6300K .......... .......... .......... .......... .......... 10,5K
  6350K .......... .......... .......... .......... .......... 12,8K
  6400K .......... .......... .......... .......... ..........  976K
  6450K .......... ........ .......... .......... .......... .......... 9,57K
  6500K .......... .......... .......... .......... .......... 13,1K
  6550K .......... .......... ........                          320 =6m53s

2016-10-19 07:07:21 (318 B/s) - `wget_log/beta_16-10-19_ 7.00.00.02_operation_attr.txt' сохранён [131489]

.... .......... .......... 17,9K
  6600K .......... .......... .......... .--2016-10-19 07:07:26--  http://localsite/beta_post/update_tracker_crm.php
Распознаётся localsite... 192.168.0.27
Устанавливается соединение с localsite|192.168.0.27|:80... соединение установлено.
Запрос HTTP послан, ожидается ответ... ......... .......... 10,4K
  6650K .......... .......... .......... .......... .......... 13,7K
  6700K .......... .......... .......... .......... .......... 9,25K
  6750K .......... .......... .......... .......... ..........  761K
  6800K .......... .......... .......... .......... .......... 9,27K
  6850K .......... .......... .......... .......... .......... 12,2K
  6900K .......... .......... .......... .......... .......... 10,3K
  6950K .......... .......... .......... .......... .......... 11,2K
  7000K .......... .......... .......... .......... .......... 13,6K
  7050K .......... .......... .......... .......... .......... 12,1K
  7100K .......... .......... .......... .......... .......... 15,6K
  7150K .......... .......... .......... .......... .......... 12,2K
  7200K .......... .......... .......... .......... .......... 12,4K
  7250K .......... .......... .......... .......... .......... 11,3K
  7300K .......... .......... .......... .......... .......... 16,0K
  7350K .......... .......... .......... .......... .......... 12,8K
  7400K .......... .......... .......... .......... .......... 12,6K
  7450K .......... .......... .......... .......... .......... 11,5K
  7500K .......... .......... .......... .......... .......... 14,0K
  7550K .......... .......... .......... .......... .......... 16,6K
  7600K .......... .......... .......... .......... .......... 7,82K
  7650K .......... .......... .......... .......... .......... 26,2K
  7700K .......... .......... .......... .......... .......... 7,65K
  7750K .......... .......... .......... .......... .......... 9,53K
  7800K .......... .......... .......... .......... .......... 93,2K
  7850K .......... .......... .......... .......... .......... 10,3K
  7900K .......... .......... .......... .......... .......... 12,0K
  7950K .......... .......... .......... .......... ..........  827K
  8000K .......... .......... .......... .......... .......... 11,0K
  8050K .......... .......... .......... .......... .......... 14,6K
  8100K .......... .......... .......... .......... .......... 12,8K
  8150K .......... .......... .......... .......... .......... 15,6K
  8200K .......... .......... .......... .......... .......... 11,2K
  8250K .......... .......... .......... .......... ..........  949K
  8300K .......... .......... .......... .......... .......... 11,0K
  8350K .......... .......... .......... .......... .......... 12,6K
  8400K .......... .......... .......... .......... .......... 20,5K
  8450K .......... .......... .......... .......... .......... 9,22K
  8500K .......... .......... .......... .......... .......... 19,7K
  8550K .......... .......... .......... .......... .......... 14,9K
  8600K .......... .......... .......... .......... .......... 11,1K
  8650K .......... .......... .......... .......... .......... 25,2K
  8700K .......... .......... .......... .......... .......... 9,04K
  8750K .......... .......... .......... .......... .......... 14,7K
  8800K .......... .......... .......... .......... ..........  978K
  8850K .......... .......... .......... .......... ..........  765K
  8900K .......... .......... .......... .......... .......... 6,94K
  8950K .......... .......... .......... .......... .......... 8,33K
  9000K .......... .......... .......... .......... .......... 17,0K
  9050K .......... .......... .......... .......... .......... 9,91K
  9100K .......... .......... .......... .......... .......... 11,5K
  9150K .......... .......... .......... .......... .......... 7,40K
  9200K .......... .......... .......... .......... ..........  958K
  9250K .......... .......... .......... .......... ..........  780K
  9300K .......... .......... .......... .......... .......... 7,91K
  9350K .......... .......... .......... .......... .......... 9,96K
  9400K .......... .......... .......... .......... .......... 9,24K
  9450K .......... .......... .......... .......... ..........  980K
  9500K .......... .......... .......... .......... .......... 7,63K
  9550K .......... .......... .......... .......... ..........  954K
  9600K .......... .......... .......... .......... .......... 5,90K
  9650K .......... .......... .......... .......... ..........  972K
  9700K .......... .......... .......... .......... ..........  948K
  9750K .......... .......... .......... .......... .......... 8,87K
  9800K .......... .......... .......... .......... .......... 11,1K
  9850K .......... .......... .......... .......... .......... 8,80K
  9900K .......... .......... .......... .......... ..........  936K
  9950K .......... .......... .......... .......... .......... 9,49K
 10000K .......... .......... .......... .......... .......... 13,2K
 10050K .......... .......... .......... .......... .......... 6,91K
 10100K .......... .......... .......... .......... ..........  959K
 10150K .......... .......... .......... .......... .......... 10,4K
 10200K .......... .......... .......... .......... .......... 15,4K
 10250K .......... .......... .......... .......... .......... 11,0K
 10300K .......... .......... .......... .......... .......... 11,5K
 10350K .......... .......... .......... .......... .......... 10,7K
 10400K .......... .......... .......... .......... .......... 8,90K
 10450K .......... .......... .......... .......... ..........  929K
 10500K .......... .......... .......... .......... .......... 8,64K
 10550K .......... .......... .......... .......... .......... 16,0K
 10600K .......... .......... .......... .......... .......... 9,39K
 10650K .......... .......... .......... .......... .......... 11,7K
 10700K .......... .......... .......... .......... .......... 10,3K
 10750K .......... .......... .......... .......... .......... 8,88K
 10800K .......... .......... .......... .......... .......... 16,3K
 10850K .......... .......... .......... .......... .......... 11,5K
 10900K .......... .......... .......... .......... .......... 8,48K
 10950K .......... .......... .......... .......... ..........  936K
 11000K .......... .......... .......... .......... .......... 8,74K
 11050K .......... .......... .......... .......... .......... 16,8K
 11100K .......... .......... .......... .......... .......... 11,5K
 11150K ........200 OK
Длина: 7418 (7,2K) [text/html]
Сохраняется в каталог: `wget_log/beta_16-10-19_ 7.00.00.02_tracker_crm.txt'.

     0K .......                                               100%  476M=0s

2016-10-19 07:13:08 (476 MB/s) - `wget_log/beta_16-10-19_ 7.00.00.02_tracker_crm.txt' сохранён [7418/7418]

.. .......... .......... .......... .......--2016-10-19 07:13:13--  http://localsite/beta_post/update_status_get_tracking.php
Распознаётся localsite... 192.168.0.27
Устанавливается соединение с localsite|192.168.0.27|:80... соединение установлено.
Запрос HTTP послан, ожидается ответ... ... 7,28K
 11200K .......... .......... .......... .......... .......... 7,35K
 11250K .......... .......... .......... .......... ..........  823K
 11300K .......... .......... .......... .......... ..........  962K
 11350K .......... .......... .......200 OK
Длина: нет информации [text/html]
Сохраняется в каталог: `wget_log/beta_16-10-19_ 7.00.00.02_get_tracking.txt'.

     0K .......... .......... .......... 7,56K
 11400K .......... .......... .......... .......... .......... 12,3K
 11450K .......... .......... .... .............. .......... .......... 12,8K
 11500K .......... .......... .......... .......... .......... 11,1K
 11550K .......... .......... ........ .......... .......... .......... 11,8K
 11600K .......... .......... .......... .......... ..........  884K
 11650K .......... .......... .......... .......... .......... 8,41K
 11700K .......... .......... .......... .............. .... .......... 8,60K
 11750K .......... .......... .......... .......... .......... 11,7K
 11800K .......... .......... .......... .................. .......... 15,6K
 11850K .......... .......... .......... .......... .......... 11,2K
 11900K .......... .......... .......... .......... ......     16,3K=14m0s

2016-10-19 07:14:11 (14,2 KB/s) - `wget_log/beta_16-10-19_ 7.00.00.02_update_performer_doc6.txt' сохранён [12233559]

. .......--2016-10-19 07:14:16--  http://localsite/beta_post/update_performer_doc8.php
Распознаётся localsite... 192.168.0.27
Устанавливается соединение с localsite|192.168.0.27|:80... соединение установлено.
Запрос HTTP послан, ожидается ответ... 200 OK
Длина: нет информации [text/html]
Сохраняется в каталог: `wget_log/beta_16-10-19_ 7.00.00.02_update_performer_doc8.txt'.

     0K ..........  897 
    50K ........ .......... .......... .............. .... .......... 3,93K
    50K .......... ......... ......... .......... .......... .......... 4,95K
   100K .................. .......... .......... ........... ....... .......... 3,18K
   150K .......... ....... ........... .......... ............ 1001 
   100K ...... .......... 3,15K
   200K .......... ............... ... .......... .......... .......... 4,08K.......
   250K .......... .......... ..... ..                               1,03K=2m10s

2016-10-19 07:15:34 (963 B/s) - `wget_log/beta_16-10-19_ 7.00.00.02_get_tracking.txt' сохранён [124983]

....... .......... .......--2016-10-19 07:15:40--  http://localsite/beta_post/update_status_crm.php
Распознаётся localsite... 192.168.0.27
Устанавливается соединение с localsite|192.168.0.27|:80... соединение установлено.
Запрос HTTP послан, ожидается ответ... 200 OK
Длина: нет информации [text/html]
Сохраняется в каталог: `wget_log/beta_16-10-19_ 7.00.00.02_status_crm.txt'.

     0K .......... 3,61K
   300K ....... ........... ......                                   8,67K=2,2s

2016-10-19 07:15:44 (8,67 KB/s) - `wget_log/beta_16-10-19_ 7.00.00.02_status_crm.txt' сохранён [19574]

........ .......... .......... .......... 3,89K
   350K .......... .......... .......... .......... .......... 4,61K
   400K .......... .......... .......... .......... .......... 3,47K
   450K .......... .......... .......... .......... .......... 3,79K
   500K .......... .......... .......... .......... .......... 4,21K
   550K .......... .......... .......... .......... .......... 4,68K
   600K .......... .......... .......... .......... .......... 3,89K
   650K .......... .......... .......... .......... .......... 4,04K
   700K .......... .......... .......... .......... .......... 3,80K
   750K ........                                               3,39K=3m15s

2016-10-19 07:17:36 (3,88 KB/s) - `wget_log/beta_16-10-19_ 7.00.00.02_update_performer_doc8.txt' сохранён [776267]

--2016-10-19 09:55:00--  http://localsite/beta_post/update_operation_attr.php
Распознаётся localsite... 192.168.0.27
Устанавливается соединение с localsite|192.168.0.27|:80... соединение установлено.
Запрос HTTP послан, ожидается ответ... 200 OK
Длина: нет информации [text/html]
Сохраняется в каталог: `wget_log/beta_16-10-19_ 9.55.00.05_operation_attr.txt'.

     0K .......... .......... .......... .......... ..........  195 
    50K .......... .......... .......... .......... ..........  193 
   100K .......... .......... .....                             206 =10m54s

2016-10-19 10:06:46 (196 B/s) - `wget_log/beta_16-10-19_ 9.55.00.05_operation_attr.txt' сохранён [128293]

--2016-10-19 10:06:51--  http://localsite/beta_post/update_tracker_crm.php
Распознаётся localsite... 192.168.0.27
Устанавливается соединение с localsite|192.168.0.27|:80... соединение установлено.
Запрос HTTP послан, ожидается ответ... 200 OK
Длина: 0 [text/html]
Сохраняется в каталог: `wget_log/beta_16-10-19_ 9.55.00.05_tracker_crm.txt'.

     0K                                                        0,00 =0s

2016-10-19 10:06:52 (0,00 B/s) - `wget_log/beta_16-10-19_ 9.55.00.05_tracker_crm.txt' сохранён [0/0]

--2016-10-19 10:06:57--  http://localsite/beta_post/update_status_get_tracking.php
Распознаётся localsite... 192.168.0.27
Устанавливается соединение с localsite|192.168.0.27|:80... соединение установлено.
Запрос HTTP послан, ожидается ответ... 200 OK
Длина: нет информации [text/html]
Сохраняется в каталог: `wget_log/beta_16-10-19_ 9.55.00.05_get_tracking.txt'.

     0K .......... .......... .......... .......... ..........  731 
    50K .......... .......... .......... .......... ..........  803 
   100K .......... .....                                       1,04K=2m29s

2016-10-19 10:09:38 (795 B/s) - `wget_log/beta_16-10-19_ 9.55.00.05_get_tracking.txt' сохранён [118252]

--2016-10-19 10:09:43--  http://localsite/beta_post/update_status_crm.php
Распознаётся localsite... 192.168.0.27
Устанавливается соединение с localsite|192.168.0.27|:80... соединение установлено.
Запрос HTTP послан, ожидается ответ... 200 OK
Длина: 0 [text/html]
Сохраняется в каталог: `wget_log/beta_16-10-19_ 9.55.00.05_status_crm.txt'.

     0K                                                        0,00 =0s

2016-10-19 10:09:43 (0,00 B/s) - `wget_log/beta_16-10-19_ 9.55.00.05_status_crm.txt' сохранён [0/0]

--2016-10-19 12:00:00--  http://localsite/beta_post/update_operation_attr.php
Распознаётся localsite... 192.168.0.27
Устанавливается соединение с localsite|192.168.0.27|:80... соединение установлено.
Запрос HTTP послан, ожидается ответ... 200 OK
Длина: нет информации [text/html]
Сохраняется в каталог: `wget_log/beta_16-10-19_12.00.00.03_operation_attr.txt'.

     0K .......... .......... .......... .......... ..........  189 
    50K .......... .......... .......... .......... ....        201 =8m19s

2016-10-19 12:24:15 (194 B/s) - Ошибка чтения, позиция 96951 (Connection timed out).Повтор.

--2016-10-19 12:24:16--  (попытка: 2)  http://localsite/beta_post/update_operation_attr.php
Устанавливается соединение с localsite|192.168.0.27|:80... соединение установлено.
Запрос HTTP послан, ожидается ответ... 200 OK
Длина: нет информации [text/html]
Сохраняется в каталог: `wget_log/beta_16-10-19_12.00.00.03_operation_attr.txt'.

     0K .......... .......... .......... .......... .......... 52%  191  4m0s
    50K .......... .......... .......... .......... ..........105%  191  -28s
   100K .......... .......... .....                           132%  198 =11m7s

2016-10-19 12:36:09 (192 B/s) - `wget_log/beta_16-10-19_12.00.00.03_operation_attr.txt' сохранён [128293]

--2016-10-19 12:36:14--  http://localsite/beta_post/update_tracker_crm.php
Распознаётся localsite... 192.168.0.27
Устанавливается соединение с localsite|192.168.0.27|:80... соединение установлено.
Запрос HTTP послан, ожидается ответ... 200 OK
Длина: 0 [text/html]
Сохраняется в каталог: `wget_log/beta_16-10-19_12.00.00.03_tracker_crm.txt'.

     0K                                                        0,00 =0s

2016-10-19 12:36:15 (0,00 B/s) - `wget_log/beta_16-10-19_12.00.00.03_tracker_crm.txt' сохранён [0/0]

--2016-10-19 12:36:20--  http://localsite/beta_post/update_status_get_tracking.php
Распознаётся localsite... 192.168.0.27
Устанавливается соединение с localsite|192.168.0.27|:80... соединение установлено.
Запрос HTTP послан, ожидается ответ... 200 OK
Длина: нет информации [text/html]
Сохраняется в каталог: `wget_log/beta_16-10-19_12.00.00.03_get_tracking.txt'.

     0K .......... .......... .......... .......... ..........  906 
    50K .......... .......... .......... .......... ..........  820 
   100K .......... ....                                        1023 =2m13s

2016-10-19 12:38:46 (878 B/s) - `wget_log/beta_16-10-19_12.00.00.03_get_tracking.txt' сохранён [116805]

--2016-10-19 12:38:51--  http://localsite/beta_post/update_status_crm.php
Распознаётся localsite... 192.168.0.27
Устанавливается соединение с localsite|192.168.0.27|:80... соединение установлено.
Запрос HTTP послан, ожидается ответ... 200 OK
Длина: 3288 (3,2K) [text/html]
Сохраняется в каталог: `wget_log/beta_16-10-19_12.00.00.03_status_crm.txt'.

     0K ...                                                   100%  243M=0s

2016-10-19 12:38:52 (243 MB/s) - `wget_log/beta_16-10-19_12.00.00.03_status_crm.txt' сохранён [3288/3288]

--2016-10-19 13:00:00--  http://localsite/beta_post/update_performer_doc.php
Распознаётся localsite... 192.168.0.27
Устанавливается соединение с localsite|192.168.0.27|:80... соединение установлено.
Запрос HTTP послан, ожидается ответ... 200 OK
Длина: 207 [text/html]
Сохраняется в каталог: `wget_log/beta_16-10-19_13.00.00.03_update_performer_doc.txt'.

     0K                                                       100% 21,9M=0s

2016-10-19 13:00:03 (21,9 MB/s) - `wget_log/beta_16-10-19_13.00.00.03_update_performer_doc.txt' сохранён [207/207]

--2016-10-19 13:00:08--  http://localsite/beta_post/update_performer_doc6.php
Распознаётся localsite... 192.168.0.27
Устанавливается соединение с localsite|192.168.0.27|:80... соединение установлено.
Запрос HTTP послан, ожидается ответ... 200 OK
Длина: нет информации [text/html]
Сохраняется в каталог: `wget_log/beta_16-10-19_13.00.00.03_update_performer_doc6.txt'.

     0K .......... .......... .......... .......... .......... 13,4K
    50K .......... .......... .......... .......... .......... 10,6K
   100K .......... .......... .......... .......... .......... 12,8K
   150K .......... .......... .......... .......... ..........  792K
   200K .......... .......... .......... .......... .......... 6,64K
   250K .......... .......... .......... .......... ..........  604K
   300K .......... .......... .......... .......... ..........  584K
   350K .......... .......... .......... .......... .......... 5,57K
   400K .......... .......... .......... .......... ..........  907K
   450K .......... .......... .......... .......... ..........  865K
   500K .......... .......... .......... .......... .......... 9,43K
   550K .......... .......... .......... .......... .......... 14,4K
   600K .......... .......... .......... .......... .......... 22,7K
   650K .......... .......... .......... .......... .......... 12,0K
   700K .......... .......... .......... .......... ..........  860K
   750K .......... .......... .......... .......... .......... 7,24K
   800K .......... .......... .......... .......... ..........  847K
   850K .......... .......... .......... .......... .......... 7,82K
   900K .......... .......... .......... .......... .......... 19,8K
   950K .......... .......... .......... .......... .......... 20,9K
  1000K .......... .......... .......... .......... .......... 15,3K
  1050K .......... .......... .......... .......... .......... 14,0K
  1100K .......... .......... .......... .......... .......... 13,8K
  1150K .......... .......... .......... .......... .......... 16,4K
  1200K .......... .......... .......... .......... .......... 14,7K
  1250K .......... .......... .......... .......... .......... 10,2K
  1300K .......... .......... .......... .......... ..........  899K
  1350K .......... .......... .......... .......... .......... 11,2K
  1400K .......... .......... .......... .......... .......... 15,0K
  1450K .......... .......... .......... .......... .......... 24,4K
  1500K .......... .......... .......... .......... .......... 15,3K
  1550K .......... .......... .......... .......... .......... 27,4K
  1600K .......... .......... .......... .......... .......... 9,81K
  1650K .......... .......... .......... .......... ..........  751K
  1700K .......... .......... .......... .......... .......... 7,33K
  1750K .......... .......... .......... .......... ..........  777K
  1800K .......... .......... .......... .......... .......... 7,01K
  1850K .......... .......... .......... .......... ..........  902K
  1900K .......... .......... .......... .......... ..........  744K
  1950K .......... .......... .......... .......... .......... 12,0K
  2000K .......... .......... .......... .......... .......... 12,4K
  2050K .......... .......... .......... .......... ..........  931K
  2100K .......... .......... .......... .......... .......... 9,54K
  2150K .......... .......... .......... .......... .......... 13,9K
  2200K .......... .......... .......... .......... .......... 36,6K
  2250K .......... .......... .......... .......... .......... 16,1K
  2300K .......... .......... .......... .......... .......... 21,9K
  2350K .......... .......... .......... .......... .......... 16,3K
  2400K .......... .......... .......... .......... .......... 11,1K
  2450K .......... .......... .......... .......... .......... 19,3K
  2500K .......... .......... .......... .......... .......... 14,1K
  2550K .......... .......... .......... .......... .......... 17,8K
  2600K .......... .......... .......... .......... .......... 12,3K
  2650K .......... .......... .......... .......... .......... 17,6K
  2700K .......... .......... .......... .......... .......... 14,4K
  2750K .......... .......... .......... .......... .......... 22,1K
  2800K .......... .......... .......... .......... .......... 19,6K
  2850K .......... .......... .......... .......... .......... 11,4K
  2900K .......... .......... .......... .......... .......... 23,2K
  2950K .......... .......... .......... .......... .......... 13,4K
  3000K .......... .......... .......... .......... .......... 10,6K
  3050K .......... .......... .......... .......... .......... 20,8K
  3100K .......... .......... .......... .......... .......... 10,3K
  3150K .......... .......... .......... .......... .......... 17,3K
  3200K .......... .......... .......... .......... .......... 16,0K
  3250K .......... .......... .......... .......... .......... 10,0K
  3300K .......... .......... .......... .......... .......... 10,0K
  3350K .......... .......... .......... .......... .......... 17,2K
  3400K .......... .......... .......... .......... .......... 11,1K
  3450K .......... .......... .......... .......... .......... 17,6K
  3500K .......... .......... .......... .......... .......... 11,4K
  3550K .......... .......... .......... .......... .......... 12,1K
  3600K .......... .......... .......... .......... ..........  921K
  3650K .......... .......... .......... .......... .......... 10,5K
  3700K .......... .......... .......... .......... .......... 12,4K
  3750K .......... .......... .......... .......... .......... 13,8K
  3800K .......... .......... .......... .......... .......... 12,0K
  3850K .......... .......... .......... .......... .......... 16,3K
  3900K .......... .......... .......... .......... .......... 8,37K
  3950K .......... .......... .......... .......... .......... 18,1K
  4000K .......... .......... .......... .......... .......... 19,9K
  4050K .......... .......... .......... .......... .......... 11,1K
  4100K .......... .......... .......... .......... .......... 1,23M
  4150K .......... .......... .......... .......... .......... 9,94K
  4200K .......... .......... .......... .......... .......... 17,8K
  4250K .......... .......... .......... .......... .......... 11,2K
  4300K .......... .......... .......... .......... .......... 21,0K
  4350K .......... .......... .......... .......... .......... 9,30K
  4400K .......... .......... .......... .......... .......... 11,2K
  4450K .......... .......... .......... .......... .......... 25,9K
  4500K .......... .......... .......... .......... .......... 13,8K
  4550K .......... .......... .......... .......... .......... 10,7K
  4600K .......... .......... .......... .......... .......... 12,1K
  4650K .......... .......... .......... .......... .......... 18,3K
  4700K .......... .......... .......... .......... .......... 17,1K
  4750K .......... .......... .......... .......... .......... 7,85K
  4800K .......... .......... .......... .......... .......... 17,1K
  4850K .......... .......... .......... .......... .......... 20,1K
  4900K .......... .......... .......... .......... .......... 10,9K
  4950K .......... .......... .......... .......... ..........  875K
  5000K .......... .......... .......... .......... .......... 8,32K
  5050K .......... .......... .......... .......... .......... 11,6K
  5100K .......... .......... .......... .......... .......... 14,1K
  5150K .......... .......... .......... .......... .......... 13,7K
  5200K .......... .......... .......... .......... .......... 11,3K
  5250K .......... .......... .......... .......... ..........  856K
  5300K .......... .......... .......... .......... .......... 8,37K
  5350K .......... .......... .......... .......... .......... 12,0K
  5400K .......... .......... .......... .......... .......... 15,5K
  5450K .......... .......... .......... .......... .......... 4,39K
  5500K .......... .......... .......... .......... ..........  869K
  5550K .......... .......... .......... .......... .......... 16,0K
  5600K .......... .......... .......... .......... .......... 8,57K
  5650K .......... .......... .......... .......... .......... 17,0K
  5700K .......... .......... .......... .......... .......... 10,7K
  5750K .......... .......... .......... .......... .......... 25,2K
  5800K .......... .......... .......... .......... .......... 14,2K
  5850K .......... .......... .......... .......... ..........  855K
  5900K .......... .......... .......... .......... .......... 7,37K
  5950K .......... .......... .......... .......... .......... 18,2K
  6000K .......... .......... .......... .......... .......... 14,0K
  6050K .......... .......... .......... .......... .......... 13,3K
  6100K .......... .......... .......... .......... ..........  908K
  6150K .......... .......... .......... .......... .......... 8,72K
  6200K .......... .......... .......... .......... .......... 18,6K
  6250K .......... .......... .......... .......... .......... 13,0K
  6300K .......... .......... .......... .......... .......... 10,4K
  6350K .......... .......... .......... .......... .......... 12,6K
  6400K .......... .......... .......... .......... ..........  945K
  6450K .......... .......... .......... .......... .......... 9,23K
  6500K .......... .......... .......... .......... .......... 12,8K
  6550K .......... .......... .......... .......... .......... 17,5K
  6600K .......... .......... .......... .......... .......... 9,29K
  6650K .......... .......... .......... .......... .......... 12,3K
  6700K .......... .......... .......... .......... .......... 8,07K
  6750K .......... .......... .......... .......... ..........  650K
  6800K .......... .......... .......... .......... .......... 7,89K
  6850K .......... .......... .......... .......... .......... 11,0K
  6900K .......... .......... .......... .......... .......... 9,41K
  6950K .......... .......... .......... .......... .......... 10,7K
  7000K .......... .......... .......... .......... .......... 12,8K
  7050K .......... .......... .......... .......... .......... 10,9K
  7100K .......... .......... .......... .......... .......... 14,1K
  7150K .......... .......... .......... .......... .......... 11,2K
  7200K .......... .......... .......... ...                   11,6K=8m23s

2016-10-19 13:23:34 (14,4 KB/s) - Ошибка чтения, позиция 7406814 (Connection timed out).Повтор.

--2016-10-19 13:23:35--  (попытка: 2)  http://localsite/beta_post/update_performer_doc6.php
Устанавливается соединение с localsite|192.168.0.27|:80... соединение установлено.
Запрос HTTP послан, ожидается ответ... 200 OK
Длина: нет информации [text/html]
Сохраняется в каталог: `wget_log/beta_16-10-19_13.00.00.03_update_performer_doc6.txt'.

     0K .......... .......... .......... .......... ..........  0% 13,6K 8m49s
    50K .......... .......... .......... .......... ..........  1% 11,1K 9m44s
   100K .......... .......... .......... .......... ..........  2% 13,3K 9m24s
   150K .......... .......... .......... .......... ..........  2%  861K 7m2s
   200K .......... .......... .......... .......... ..........  3% 6,65K 9m5s
   250K .......... .......... .......... .......... ..........  4%  639K 7m33s
   300K .......... .......... .......... .......... ..........  4%  881K 6m27s
   350K .......... .......... .......... .......... ..........  5% 5,52K 8m10s
   400K .......... .......... .......... .......... ..........  6%  899K 7m14s
   450K .......... .......... .......... .......... ..........  6%  867K 6m28s
   500K .......... .......... .......... .......... ..........  7% 9,06K 6m57s
   550K .......... .......... .......... .......... ..........  8% 14,7K 6m57s
   600K .......... .......... .......... .......... ..........  8% 22,4K 6m45s
   650K .......... .......... .......... .......... ..........  9% 12,1K 6m52s
   700K .......... .......... .......... .......... .......... 10%  855K 6m22s
   750K .......... .......... .......... .......... .......... 11% 7,94K 6m46s
   800K .......... .......... .......... .......... .......... 11%  956K 6m19s
   850K .......... .......... .......... .......... .......... 12% 7,79K 6m41s
   900K .......... .......... .......... .......... .......... 13% 19,6K 6m33s
   950K .......... .......... .......... .......... .......... 13% 20,9K 6m26s
  1000K .......... .......... .......... .......... .......... 14% 15,4K 6m23s
  1050K .......... .......... .......... .......... .......... 15% 14,8K 6m22s
  1100K .......... .......... .......... .......... .......... 15% 14,2K 6m21s
  1150K .......... .......... .......... .......... .......... 16% 16,3K 6m18s
  1200K .......... .......... .......... .......... .......... 17% 24,5K 6m9s
  1250K .......... .......... .......... .......... .......... 17% 10,2K 6m14s
  1300K .......... .......... .......... .......... .......... 18%  928K 5m58s
  1350K .......... .......... .......... .......... .......... 19% 11,1K 6m1s
  1400K .......... .......... .......... .......... .......... 20% 14,7K 5m59s
  1450K .......... .......... .......... .......... .......... 20% 23,4K 5m52s
  1500K .......... .......... .......... .......... .......... 21% 15,2K 5m50s
  1550K .......... .......... .......... .......... .......... 22% 25,5K 5m43s
  1600K .......... .......... .......... .......... .......... 22% 9,84K 5m47s
  1650K .......... .......... .......... .......... .......... 23%  717K 5m34s
  1700K .......... .......... .......... .......... .......... 24% 6,33K 5m46s
  1750K .......... .......... .......... .......... .......... 24%  727K 5m33s
  1800K .......... .......... .......... .......... .......... 25% 6,37K 5m44s
  1850K .......... .......... .......... .......... .......... 26%  934K 5m32s
  1900K .......... .......... .......... .......... .......... 26%  678K 5m21s
  1950K .......... .......... .......... .......... .......... 27% 10,9K 5m22s
  2000K .......... .......... .......... .......... .......... 28% 9,13K 5m25s
  2050K .......... .......... .......... .......... .......... 29%  839K 5m14s
  2100K .......... .......... .......... .......... .......... 29% 7,29K 5m20s
  2150K .......... .......... .......... .......... .......... 30% 10,1K 5m21s
  2200K .......... .......... .......... .......... .......... 31% 33,7K 5m14s
  2250K .......... .......... .......... .......... .......... 31% 14,9K 5m11s
  2300K .......... .......... .......... .......... .......... 32% 20,9K 5m7s
  2350K .......... .......... .......... .......... .......... 33% 14,6K 5m4s
  2400K .......... .......... .......... .......... .......... 33% 10,5K 5m4s
  2450K .......... .......... .......... .......... .......... 34% 17,2K 5m1s
  2500K .......... .......... .......... .......... .......... 35% 14,0K 4m58s
  2550K .......... .......... .......... .......... .......... 35% 17,2K 4m54s
  2600K .......... .......... .......... .......... .......... 36% 12,5K 4m53s
  2650K .......... .......... .......... .......... .......... 37% 17,2K 4m49s
  2700K .......... .......... .......... .......... .......... 38% 13,9K 4m46s
  2750K .......... .......... .......... .......... .......... 38% 22,2K 4m42s
  2800K .......... .......... .......... .......... .......... 39% 19,2K 4m38s
  2850K .......... .......... .......... .......... .......... 40% 11,0K 4m37s
  2900K .......... .......... .......... .......... .......... 40% 21,7K 4m32s
  2950K .......... .......... .......... .......... .......... 41% 13,4K 4m30s
  3000K .......... .......... .......... .......... .......... 42% 9,95K 4m29s
  3050K .......... .......... .......... .......... .......... 42% 21,5K 4m25s
  3100K .......... .......... .......... .......... .......... 43% 10,5K 4m24s
  3150K .......... .......... .......... .......... .......... 44% 17,3K 4m20s
  3200K .......... .......... .......... .......... .......... 44% 15,8K 4m17s
  3250K .......... .......... .......... .......... .......... 45% 4,95K 4m22s
  3300K .......... .......... .......... .......... .......... 46% 10,1K 4m20s
  3350K .......... .......... .......... .......... .......... 47% 16,6K 4m16s
  3400K .......... .......... .......... .......... .......... 47% 10,9K 4m14s
  3450K .......... .......... .......... .......... .......... 48% 16,9K 4m11s
  3500K .......... .......... .......... .......... .......... 49% 11,6K 4m8s
  3550K .......... .......... .......... .......... .......... 49% 11,7K 4m6s
  3600K .......... .......... .......... .......... .......... 50%  923K 3m59s
  3650K .......... .......... .......... .......... .......... 51% 11,0K 3m57s
  3700K .......... .......... .......... .......... .......... 51% 12,3K 3m54s
  3750K .......... .......... .......... .......... .......... 52% 13,9K 3m51s
  3800K .......... .......... .......... .......... .......... 53% 11,8K 3m49s
  3850K .......... .......... .......... .......... .......... 53% 16,2K 3m45s
  3900K .......... .......... .......... .......... .......... 54% 7,83K 3m44s
  3950K .......... .......... .......... .......... .......... 55% 18,7K 3m40s
  4000K .......... .......... .......... .......... .......... 55% 20,8K 3m36s
  4050K .......... .......... .......... .......... .......... 56% 11,2K 3m33s
  4100K .......... .......... .......... .......... .......... 57%  910K 3m27s
  4150K .......... .......... .......... .......... .......... 58% 9,87K 3m25s
  4200K .......... .......... .......... .......... .......... 58% 16,7K 3m22s
  4250K .......... .......... .......... .......... .......... 59% 10,9K 3m19s
  4300K .......... .......... .......... .......... .......... 60% 20,9K 3m15s
  4350K .......... .......... .......... .......... .......... 60% 9,05K 3m13s
  4400K .......... .......... .......... .......... .......... 61% 10,7K 3m10s
  4450K .......... .......... .......... .......... .......... 62% 23,3K 3m6s
  4500K .......... .......... .......... .......... .......... 62% 13,6K 3m3s
  4550K .......... .......... .......... .......... .......... 63% 11,0K 3m0s
  4600K .......... .......... .......... .......... .......... 64% 13,0K 2m57s
  4650K .......... .......... .......... .......... .......... 64% 18,5K 2m53s
  4700K .......... .......... .......... .......... .......... 65% 17,4K 2m49s
  4750K .......... .......... .......... .......... .......... 66% 7,46K 2m48s
  4800K .......... .......... .......... .......... .......... 67% 14,3K 2m44s
  4850K .......... .......... .......... .......... .......... 67% 20,1K 2m40s
  4900K .......... .......... .......... .......... .......... 68% 10,7K 2m38s
  4950K .......... .......... .......... .......... .......... 69%  859K 2m33s
  5000K .......... .......... .......... .......... .......... 69% 7,70K 2m31s
  5050K .......... .......... .......... .......... .......... 70% 11,6K 2m27s
  5100K .......... .......... .......... .......... .......... 71% 14,1K 2m24s
  5150K .......... .......... .......... .......... .......... 71% 12,4K 2m21s
  5200K .......... .......... .......... .......... .......... 72% 11,8K 2m18s
  5250K .......... .......... .......... .......... .......... 73%  587K 2m13s
  5300K .......... .......... .......... .......... .......... 73% 7,82K 2m10s
  5350K .......... .......... .......... .......... .......... 74% 11,9K 2m7s
  5400K .......... .......... .......... .......... .......... 75% 15,3K 2m4s
  5450K .......... .......... .......... .......... .......... 76% 7,53K 2m1s
  5500K .......... .......... .......... .......... .......... 76%  943K 1m57s
  5550K .......... .......... .......... .......... .......... 77% 15,1K 1m53s
  5600K .......... .......... .......... .......... .......... 78% 8,42K 1m50s
  5650K .......... .......... .......... .......... .......... 78% 16,6K 1m47s
  5700K .......... .......... .......... .......... .......... 79% 10,5K 1m44s
  5750K .......... .......... .......... .......... .......... 80% 25,6K 1m40s
  5800K .......... .......... .......... .......... .......... 80% 14,4K 96s
  5850K .......... .......... .......... .......... .......... 81%  881K 92s
  5900K .......... .......... .......... .......... .......... 82% 7,32K 89s
  5950K .......... .......... .......... .......... .......... 82% 17,8K 86s
  6000K .......... .......... .......... .......... .......... 83% 13,7K 82s
  6050K .......... .......... .......... .......... .......... 84% 13,6K 79s
  6100K .......... .......... .......... .......... .......... 85%  948K 75s
  6150K .......... .......... .......... .......... .......... 85% 8,48K 72s
  6200K .......... .......... .......... .......... .......... 86% 18,2K 68s
  6250K .......... .......... .......... .......... .......... 87% 13,0K 65s
  6300K .......... .......... .......... .......... .......... 87% 10,5K 61s
  6350K .......... .......... .......... .......... .......... 88% 13,0K 58s
  6400K .......... .......... .......... .......... .......... 89%  905K 54s
  6450K .......... .......... .......... .......... .......... 89% 9,27K 51s
  6500K .......... .......... .......... .......... .......... 90% 13,1K 47s
  6550K .......... .......... .......... .......... .......... 91% 16,9K 44s
  6600K .......... .......... .......... .......... .......... 91% 9,93K 41s
  6650K .......... .......... .......... .......... .......... 92% 13,6K 37s
  6700K .......... .......... .......... .......... .......... 93% 9,05K 34s
  6750K .......... .......... .......... .......... .......... 94%  887K 30s
  6800K .......... .......... .......... .......... .......... 94% 9,44K 27s
  6850K .......... .......... .......... .......... .......... 95% 11,7K 23s
  6900K .......... .......... .......... .......... .......... 96% 9,92K 20s
  6950K .......... .......... .......... .......... .......... 96% 10,9K 16s
  7000K .......... .......... .......... .......... .......... 97% 13,4K 13s
  7050K .......... .......... .......... .......... .......... 98% 11,9K 9s
  7100K .......... .......... .......... .......... .......... 98% 14,7K 6s
  7150K .......... .......... .......... .......... .......... 99% 12,0K 2s
  7200K .......... .......... .......... .......... ..........100% 11,5K 0s
  7250K .......... .......... .......... .......... ..........100% 11,2K -4s
  7300K .......... .......... .......... .......... ..........101% 15,5K -7s
  7350K .......... .......... .......... .......... ..........102% 13,2K -11s
  7400K .......... .......... .......... .......... ..........102% 12,4K -14s
  7450K .......... .......... .......... .......... ..........103% 11,6K -18s
  7500K .......... .......... .......... .......... ..........104% 16,8K -21s
  7550K .......... .......... .......... .......... ..........105% 17,0K -25s
  7600K .......... .......... .......... .......... ..........105% 8,14K -29s
  7650K .......... .......... .......... .......... ..........106% 24,4K -32s
  7700K .......... .......... .......... .......... ..........107% 7,37K -36s
  7750K .......... .......... .......... .......... ..........107% 9,38K -39s
  7800K .......... .......... .......... .......... ..........108%  922K -43s
  7850K .......... .......... .......... .......... ..........109% 9,83K -46s
  7900K .......... .......... .......... .......... ..........109% 10,8K -50s
  7950K .......... .......... .......... .......... ..........110%  733K -53s
  8000K .......... .......... .......... .......... ..........111% 9,64K -57s
  8050K .......... .......... .......... .......... ..........111% 12,6K -61s
  8100K .......... .......... .......... .......... ..........112% 11,4K -64s
  8150K .......... .......... .......... .......... ..........113% 14,3K -68s
  8200K .......... .......... .......... .......... ..........114% 9,46K -72s
  8250K .......... .......... .......... .......... ..........114%  909K -75s
  8300K .......... .......... .......... .......... ..........115% 9,79K -78s
  8350K .......... .......... .......... .......... ..........116% 11,5K -82s
  8400K .......... .......... .......... .......... ..........116% 18,0K -86s
  8450K .......... .......... .......... .......... ..........117% 8,23K -90s
  8500K .......... .......... .......... .......... ..........118% 19,3K -93s
  8550K .......... .......... .......... .......... ..........118% 13,9K -97s
  8600K .......... .......... .......... .......... ..........119% 11,3K -100s
  8650K .......... .......... .......... .......... ..........120% 24,0K -104s
  8700K .......... .......... .......... .......... ..........120% 8,24K -108s
  8750K .......... .......... .......... .......... ..........121% 12,3K -111s
  8800K .......... .......... .......... .......... ..........122%  864K -114s
  8850K .......... .......... .......... .......... ..........123%  726K -117s
  8900K .......... .......... .......... .......... ..........123% 6,11K -122s
  8950K .......... .......... .......... .......... ..........124% 8,31K -126s
  9000K .......... .......... .......... .......... ..........125% 17,0K -129s
  9050K .......... .......... .......... .......... ..........125% 10,1K -133s
  9100K .......... .......... .......... .......... ..........126% 9,00K -137s
  9150K .......... .......... .......... .......... ..........127% 7,32K -141s
  9200K .......... .......... .......... .......... ..........127%  917K -144s
  9250K .......... .......... .......... .......... ..........128%  752K -147s
  9300K .......... .......... .......... .......... ..........129% 7,78K -151s
  9350K .......... .......... .......... .......... ..........129% 9,52K -155s
  9400K .......... .......... .......... .......... ..........130% 8,86K -159s
  9450K .......... .......... .......... .......... ..........131%  925K -162s
  9500K .......... .......... .......... .......... ..........132% 7,30K -166s
  9550K .......... .......... .......... .......... ..........132%  923K -169s
  9600K .......... .......... .......... .......... ..........133% 5,33K -174s
  9650K .......... .......... .......... .......... ..........134%  998K -177s
  9700K .......... .......... .......... .......... ..........134%  801K -179s
  9750K .......... .......... .......... .......... ..........135% 8,26K -184s
  9800K .......... .......... .......... .......... ..........136% 10,7K -187s
  9850K .......... .......... .......... .......... ..........136% 8,75K -192s
  9900K .......... .......... .......... .......... ..........137%  851K -194s
  9950K .......... .......... .......... .......... ..........138% 9,18K -198s
 10000K .......... .......... .......... .......... ..........138% 13,1K -202s
 10050K .......... .......... .......... .......... ..........139% 6,83K -207s
 10100K .......... .......... .......... .......... ..........140%  941K -209s
 10150K .......... .......... .......... .......... ..........141% 10,3K -213s
 10200K .......... .......... .......... .......... ..........141% 16,6K -217s
 10250K .......... .......... .......... .......... ..........142% 11,0K -221s
 10300K .......... .......... .......... .......... ..........143% 11,4K -224s
 10350K .......... .......... .......... .......... ..........143% 10,4K -228s
 10400K .......... .......... .......... .......... ..........144% 8,81K -233s
 10450K .......... .......... .......... .......... ..........145%  899K -235s
 10500K .......... .......... .......... .......... ..........145% 8,40K -240s
 10550K .......... .......... .......... .......... ..........146% 14,9K -243s
 10600K .......... .......... .......... .......... ..........147% 9,16K -247s
 10650K .......... .......... .......... .......... ..........147% 11,7K -251s
 10700K .......... .......... .......... .......... ..........148% 10,0K -255s
 10750K .......... .......... .......... .......... ..........149% 8,66K -260s
 10800K .......... .......... .......... .......... ..........150% 15,1K -263s
 10850K .......... .......... .......... .......... ..........150% 11,5K -267s
 10900K .......... .......... .......... .......... ..........151% 7,95K -272s
 10950K .......... .......... .......... .......... ..........152%  805K -274s
 11000K .......... .......... .......... .......... ..........152% 8,34K -278s
 11050K .......... .......... .......... .......... ..........153% 15,8K -282s
 11100K .......... .......... .......... .......... ..........154% 10,7K -286s
 11150K .......... .......... .......... .......... ..........154% 7,13K -291s
 11200K .......... .......... .......... .......... ..........155% 7,28K -296s
 11250K .......... .......... .......... .......... ..........156%  802K -298s
 11300K .......... .......... .......... .......... ..........156%  919K -300s
 11350K .......... .......... .......... .......... ..........157% 7,40K -305s
 11400K .......... .......... .......... .......... ..........158% 12,5K -309s
 11450K .......... .......... .......... .......... ..........158% 12,8K -313s
 11500K .......... .......... .......... .......... ..........159% 10,1K -317s
 11550K .......... .......... .......... .......... ..........160% 11,5K -321s
 11600K .......... .......... .......... .......... ..........161%  883K -323s
 11650K .......... .......... .......... .......... ..........161% 8,02K -328s
 11700K .......... .......... .......... .......... ..........162% 7,92K -332s
 11750K .......... .......... .......... .......... ..........163% 11,6K -336s
 11800K .......... .......... .......... .......... ..........163% 15,0K -340s
 11850K .......... .......... .......... .......... ..........164% 10,9K -344s
 11900K .......... .......... .......... .......... ......    165% 15,9K=14m43s

2016-10-19 13:38:21 (13,5 KB/s) - `wget_log/beta_16-10-19_13.00.00.03_update_performer_doc6.txt' сохранён [12233559]

--2016-10-19 13:38:26--  http://localsite/beta_post/update_performer_doc8.php
Распознаётся localsite... 192.168.0.27
Устанавливается соединение с localsite|192.168.0.27|:80... соединение установлено.
Запрос HTTP послан, ожидается ответ... 200 OK
Длина: нет информации [text/html]
Сохраняется в каталог: `wget_log/beta_16-10-19_13.00.00.03_update_performer_doc8.txt'.

     0K .......... .......... .......... .......... .......... 3,72K
    50K .......... .......... .......... .......... .......... 4,70K
   100K .......... .......... .......... .......... .......... 2,94K
   150K .......... .......... .......... .......... .......... 3,03K
   200K .......... .......... .......... .......... .......... 3,94K
   250K .......... .......... .......... .......... .......... 3,72K
   300K .......... .......... .......... .......... .......... 3,79K
   350K .......... .......... .......... .......... .......... 4,37K
   400K .......... .......... .......... .......... .......... 3,16K
   450K .......... .......... .......... .......... .......... 3,60K
   500K .......... .......... .......... .......... .......... 3,76K
   550K .......... .......... .......... .......... .......... 3,96K
   600K .......... .......... .......... .......... .......... 3,71K
   650K .......... .......... .......... .......... .......... 3,92K
   700K .......... .......... .......... .......... .......... 3,74K
   750K ........                                               3,27K=3m26s

2016-10-19 13:41:57 (3,68 KB/s) - `wget_log/beta_16-10-19_13.00.00.03_update_performer_doc8.txt' сохранён [776267]

--2016-10-19 14:00:00--  http://localsite/beta_post/update_operation_attr.php
Распознаётся localsite... 192.168.0.27
Устанавливается соединение с localsite|192.168.0.27|:80... соединение установлено.
Запрос HTTP послан, ожидается ответ... 200 OK
Длина: нет информации [text/html]
Сохраняется в каталог: `wget_log/beta_16-10-19_14.00.00.11_operation_attr.txt'.

     0K .......... .......... .......... .......... ..........  191 
    50K .......... .......... .......... .......... ..........  193 
   100K .......... .......... .....                             166 =11m29s

2016-10-19 14:12:17 (186 B/s) - `wget_log/beta_16-10-19_14.00.00.11_operation_attr.txt' сохранён [128293]

--2016-10-19 14:12:23--  http://localsite/beta_post/update_tracker_crm.php
Распознаётся localsite... 192.168.0.27
Устанавливается соединение с localsite|192.168.0.27|:80... соединение установлено.
Запрос HTTP послан, ожидается ответ... 200 OK
Длина: 0 [text/html]
Сохраняется в каталог: `wget_log/beta_16-10-19_14.00.00.11_tracker_crm.txt'.

     0K                                                        0,00 =0s

2016-10-19 14:12:25 (0,00 B/s) - `wget_log/beta_16-10-19_14.00.00.11_tracker_crm.txt' сохранён [0/0]

--2016-10-19 14:12:31--  http://localsite/beta_post/update_status_get_tracking.php
Распознаётся localsite... 192.168.0.27
Устанавливается соединение с localsite|192.168.0.27|:80... соединение установлено.
Запрос HTTP послан, ожидается ответ... 200 OK
Длина: нет информации [text/html]
Сохраняется в каталог: `wget_log/beta_16-10-19_14.00.00.11_get_tracking.txt'.

     0K .......... .......... .......... .......... ..........  640 
    50K .......... .......... .......... .......... ..........  900 
   100K ..........                                              807 =2m30s

2016-10-19 14:15:16 (754 B/s) - `wget_log/beta_16-10-19_14.00.00.11_get_tracking.txt' сохранён [113330]

--2016-10-19 14:15:22--  http://localsite/beta_post/update_status_crm.php
Распознаётся localsite... 192.168.0.27
Устанавливается соединение с localsite|192.168.0.27|:80... соединение установлено.
Запрос HTTP послан, ожидается ответ... 200 OK
Длина: 3262 (3,2K) [text/html]
Сохраняется в каталог: `wget_log/beta_16-10-19_14.00.00.11_status_crm.txt'.

     0K ...                                                   100%  217M=0s

2016-10-19 14:15:23 (217 MB/s) - `wget_log/beta_16-10-19_14.00.00.11_status_crm.txt' сохранён [3262/3262]

--2016-10-19 16:00:00--  http://localsite/beta_post/update_operation_attr.php
Распознаётся localsite... 192.168.0.27
Устанавливается соединение с localsite|192.168.0.27|:80... соединение установлено.
Запрос HTTP послан, ожидается ответ... 200 OK
Длина: нет информации [text/html]
Сохраняется в каталог: `wget_log/beta_16-10-19_16.00.00.11_operation_attr.txt'.

     0K .......... .......... .......... .......... ..........  193 
    50K .......... .......... .......... .......... ..........  195 
   100K ..........                                              244 =9m31s

2016-10-19 16:25:25 (198 B/s) - Ошибка чтения, позиция 113091 (Connection timed out).Повтор.

--2016-10-19 16:25:26--  (попытка: 2)  http://localsite/beta_post/update_operation_attr.php
Устанавливается соединение с localsite|192.168.0.27|:80... соединение установлено.
Запрос HTTP послан, ожидается ответ... 200 OK
Длина: нет информации [text/html]
Сохраняется в каталог: `wget_log/beta_16-10-19_16.00.00.11_operation_attr.txt'.

     0K .......... .......... .......... .......... .......... 45%  189  5m27s
    50K .......... .......... .......... .......... .......... 90%  193  56s
   100K .......... .......... .....                           113%  208 =11m0s

2016-10-19 16:37:12 (194 B/s) - `wget_log/beta_16-10-19_16.00.00.11_operation_attr.txt' сохранён [128293]

--2016-10-19 16:37:17--  http://localsite/beta_post/update_tracker_crm.php
Распознаётся localsite... 192.168.0.27
Устанавливается соединение с localsite|192.168.0.27|:80... соединение установлено.
Запрос HTTP послан, ожидается ответ... 200 OK
Длина: 0 [text/html]
Сохраняется в каталог: `wget_log/beta_16-10-19_16.00.00.11_tracker_crm.txt'.

     0K                                                        0,00 =0s

2016-10-19 16:37:18 (0,00 B/s) - `wget_log/beta_16-10-19_16.00.00.11_tracker_crm.txt' сохранён [0/0]

--2016-10-19 16:37:23--  http://localsite/beta_post/update_status_get_tracking.php
Распознаётся localsite... 192.168.0.27
Устанавливается соединение с localsite|192.168.0.27|:80... соединение установлено.
Запрос HTTP послан, ожидается ответ... 200 OK
Длина: нет информации [text/html]
Сохраняется в каталог: `wget_log/beta_16-10-19_16.00.00.11_get_tracking.txt'.

     0K .......... .......... .......... .......... ..........  888 
    50K .......... .......... .......... .......... ..........  823 
   100K .....                                                  2,27K=2m2s

2016-10-19 16:39:37 (881 B/s) - `wget_log/beta_16-10-19_16.00.00.11_get_tracking.txt' сохранён [107666]

--2016-10-19 16:39:42--  http://localsite/beta_post/update_status_crm.php
Распознаётся localsite... 192.168.0.27
Устанавливается соединение с localsite|192.168.0.27|:80... соединение установлено.
Запрос HTTP послан, ожидается ответ... 200 OK
Длина: 1106 (1,1K) [text/html]
Сохраняется в каталог: `wget_log/beta_16-10-19_16.00.00.11_status_crm.txt'.

     0K .                                                     100% 89,4M=0s

2016-10-19 16:39:43 (89,4 MB/s) - `wget_log/beta_16-10-19_16.00.00.11_status_crm.txt' сохранён [1106/1106]

