--2016-10-18 07:00:00--  http://localsite/beta_post/update_performer_doc.php
Распознаётся localsite... --2016-10-18 07:00:00--  http://localsite/beta_post/update_operation_attr.php
Распознаётся localsite... 192.168.0.27
Устанавливается соединение с localsite|192.168.0.27|:80... соединение установлено.
Запрос HTTP послан, ожидается ответ... 192.168.0.27
Устанавливается соединение с localsite|192.168.0.27|:80... соединение установлено.
Запрос HTTP послан, ожидается ответ... 200 OK
Длина: 207 [text/html]
Сохраняется в каталог: `wget_log/beta_16-10-18_ 7.00.00.02_update_performer_doc.txt'.

     0K                                                       100% 20,5M=0s

2016-10-18 07:00:03 (20,5 MB/s) - `wget_log/beta_16-10-18_ 7.00.00.02_update_performer_doc.txt' сохранён [207/207]

--2016-10-18 07:00:08--  http://localsite/beta_post/update_performer_doc6.php
Распознаётся localsite... 192.168.0.27
Устанавливается соединение с localsite|192.168.0.27|:80... соединение установлено.
Запрос HTTP послан, ожидается ответ... 200 OK
Длина: нет информации [text/html]
Сохраняется в каталог: `wget_log/beta_16-10-18_ 7.00.00.02_update_performer_doc6.txt'.

     0K .......... .......... .......... .......... .......... 14,2K
    50K .......... .......... .......... .......... .......... 11,2K
   100K .......... .......... .......... .......... .......... 11,5K
   150K .......... .......... .......... .......... ..........  903K
   200K .......... .......... .......... .......... .......... 6,97K
   250K .......... .......... .......... .......... ..........  850K
   300K .......... .......... .......... .......... ..........  950K
   350K .......... .......... .......... .......... .......... 5,84K
   400K .......... .......... .......... .......... .......... 1005K
   450K .......... .......... .......... .......... ..........  875K
   500K .......... .......... .......... .......... .......... 9,88K
   550K .......... .......... .......... .......... .......... 15,3K
   600K .......... .......... .......... .......... .......... 23,4K
   650K .......... .......... .......... .......... .......... 12,7K
   700K .......... .......... .......... .......... ..........  913K
   750K .......... .......... .......... .......... .......... 8,12K
   800K .......... .......... .......... .......... ..........  960K
   850K .......... .......... .......... .......... .......... 7,92K
   900K .......... .......... ..........200 OK
Длина: нет информации [text/html]
Сохраняется в каталог: `wget_log/beta_16-10-18_ 7.00.00.03_operation_attr.txt'.

     0K ....... .......... .......... 19,6K
   950K .......... .......... .......... .......... .......... 21,3K
  1000K .......... .......... .......... .......... .......... 16,1K
  1050K .......... .......... .......... .......... .......... 15,4K
  1100K .......... .......... .......... .......... .......... 14,6K
  1150K .......... .......... .......... .......... .......... 16,8K
  1200K .......... .......... .......... .......... .......... 25,2K
  1250K .......... .......... .......... .......... .......... 10,2K
  1300K .......... .......... .......... .......... ..........  969K
  1350K .......... .......... .......... .......... .......... 11,7K
  1400K .......... .......... .......... .......... .......... 15,0K
  1450K .......... .......... .......... .......... .......... 24,3K
  1500K .......... .......... .......... .......... .......... 16,4K
  1550K .......... .......... .......... .......... .......... 27,7K
  1600K .......... .......... .......... .......... .......... 10,2K
  1650K .......... .......... .......... .......... ..........  795K
  1700K .......... .......... .......... .......... .......... 7,72K
  1750K .......... .......... .......... .......... ..........  852K
  1800K .......... .......... .......... .......... .......... 7,54K
  1850K .......... .......... .......... .......... .......... 1004K
  1900K .......... .......... .......... .......... ..........  849K
  1950K .......... .......... .......... .......... .......... 13,0K
  2000K .......... .......... .......... .......... .......... 12,8K
  2050K .......... .......... .......... .......... ..........  996K
  2100K .......... .......... .......... ....... ........... .......... 9,94K
  2150K .......... .......... .......... .......... .......... 13,8K
  2200K .......... .......... .......... .......... .......... 40,7K
  2250K .......... .......... .......... .......... .......... 16,4K
  2300K .......... .......... .......... .......... .......... 21,4K
  2350K .......... .......... .......... .......... .......... 16,4K
  2400K .......... .......... .......... .......... .......... 11,6K
  2450K .......... .......... .......... .......... .......... 19,7K
  2500K .......... .......... .......... .......... .......... 14,6K
  2550K .......... .......... .......... .......... .......... 18,2K
  2600K .......... .......... .......... .......... .......... 12,9K
  2650K .......... .......... .......... .......... .......... 17,7K
  2700K .......... .......... .......... .......... .......... 15,1K
  2750K .......... .......... .......... .......... .......... 22,5K
  2800K .......... .......... .......... .......... .......... 20,2K
  2850K .......... .......... .......... .......... .......... 11,6K
  2900K .......... .......... .......... .......... .......... 21,6K
  2950K .......... .......... .......... .......... .......... 13,9K
  3000K .......... .......... .......... .......... .......... 10,8K
  3050K .......... .......... .......... .......... .......... 22,3K
  3100K ......... ......... .......... .......... .......... .......... 10,5K
  3150K .......... .......... .......... .......... .......... 17,8K
  3200K .......... .......... .......... .......... .......... 16,6K
  3250K .......... .......... .......... .......... .......... 10,4K
  3300K .......... .......... .......... .......... .......... 10,1K
  3350K .......... .......... .......... .......... .......... 15,9K
  3400K .......... .......... .......... .......... .......... 10,9K
  3450K .......... .......... .......... .......... .......... 16,1K
  3500K .......... .......... .......... .......... .......... 13,0K
  3550K .......... .......... .......... .......... .......... 12,2K
  3600K .......... .......... .......... .......... ..........  998K
  3650K .......... .......... .......... .......... .......... 11,6K
  3700K .......... .......... .......... .......... .......... 12,8K
  3750K .......... .......... .......... .......... .......... 14,3K
  3800K .......... .......... .......... .......... .......... 12,6K
  3850K .......... .......... .......... .......... .......... 17,1K
  3900K .......... .......... .......... .......... .......... 8,58K
  3950K .......... .......... ................. . .......... .......... 18,7K
  4000K .......... .......... .......... .......... .......... 21,8K
  4050K .......... .......... .......... .......... .......... 11,4K
  4100K .......... .......... .......... .......... ..........  931K
  4150K .......... .......... .......... .......... .......... 4,99K
  4200K .......... .......... .......... .......... .......... 17,4K
  4250K .......... .......... .......... .......... .......... 11,7K
  4300K .......... .......... .......... .......... .......... 22,1K
  4350K .......... .......... .......... .......... .......... 9,76K
  4400K .......... .......... .......... .......... .......... 11,5K
  4450K .......... .......... .......... .......... .......... 26,6K
  4500K .......... .......... .......... .......... .......... 14,4K
  4550K .......... .......... .......... .......... .......... 11,5K
  4600K .......... .......... .......... .......... .......... 14,0K
  4650K .......... .......... .......... .......... .......... 19,9K
  4700K .......... .......... .......... .......... .......... 18,0K
  4750K .......... .......... .......... .......... .......... 8,20K
  4800K .......... .......... .......... .................. .......... 18,1K
  4850K .......... .......... .......... .......... .......... 22,2K
  4900K .......... .......... .......... .......... .......... 11,2K
  4950K .......... .......... .......... .......... ..........  938K
  5000K .......... .......... .......... .......... .......... 8,48K
  5050K .......... .......... .......... .......... .......... 11,9K
  5100K .......... .......... .......... .......... .......... 15,4K
  5150K .......... .......... .......... .......... .......... 14,8K
  5200K .......... .......... .......... .......... .......... 13,2K
  5250K .......... .......... .......... .......... ..........  926K
  5300K .......... .......... .......... .......... .......... 8,67K
  5350K .......... .......... .......... .......... .......... 12,4K
  5400K .......... .......... .......... .......... .......... 16,0K
  5450K .......... .......... .......... .......... .......... 8,22K
  5500K .......... .......... .......... .......... ..........  977K
  5550K .......... .......... .......... .......... .......... 16,3K
  5600K .......... ..... ............. .......... .......... .......... 9,05K
  5650K .......... .......... .......... .......... .......... 18,4K
  5700K .......... .......... .......... .......... .......... 11,4K
  5750K .......... .......... .......... .......... .......... 27,4K
  5800K .......... .......... .......... .......... .......... 14,8K
  5850K .......... .......... .......... .......... ..........  933K
  5900K .......... .......... .......... .......... .......... 7,72K
  5950K .......... .......... .......... .......... .......... 18,4K
  6000K .......... .......... .......... .......... .......... 14,7K
  6050K .......... .......... .......... .......... .......... 14,0K
  6100K .......... .......... .......... .......... ..........  981K
  6150K .......... .......... .......... .......... .......... 8,98K
  6200K .......... .......... .......... .......... .......... 19,9K
  6250K .......... .......... .......... .......... .......... 13,6K
  6300K .....  146 
    50K ............. .......... .......... .......... .......... 10,6K
  6350K .......... .......... .......... .......... .......... 13,1K
  6400K .......... .......... .......... .......... ..........  990K
  6450K .......... .......... .......... .......... .......... 9,82K
  6500K .......... .......... .......... .......... .......... 13,2K
  6550K .......... .......... .......... .......... .......... 18,5K
  6600K .......... .......... .......... .......... .......... 10,5K
  6650K .......... .......... .......... .......... .......... 14,0K
  6700K .......... .......... .......... .......... .......... 9,54K
  6750K .......... .......... .......... .......... ..........  939K
  6800K .......... .......... .......... .......... .......... 9,77K
  6850K .......... .......... .......... .......... .......... 12,2K
  6900K .......... ....... ........... .......... .......... .......... 10,3K
  6950K .......... .......... .......... .......... .......... 11,4K
  7000K .......... .......... .......... .......... .......... 13,0K
  7050K .......... .......... .......... .......... .......... 12,3K
  7100K .......... .......... .......... .......... .......... 15,3K
  7150K .......... .......... .......... .......... .......... 12,4K
  7200K .......... .......... .......... .......... .......... 12,2K
  7250K .......... .......... .......... .......... .......... 11,0K
  7300K .......... .......... .......... .......... .......... 15,6K
  7350K .......... .......... .......... .......... .......... 14,5K
  7400K .......... .......... .......... .......... .......... 12,6K
  7450K .......... .......... .......... .......... ........ .......... 11,8K
  7500K .......... .......... .......... .......... .......... 16,5K
  7550K .......... .......... .......... .......... .......... 18,2K
  7600K .......... .......... .......... .......... .......... 8,07K
  7650K .......... .......... .......... .......... .......... 27,9K
  7700K .......... .......... .......... .......... .......... 7,77K
  7750K .......... .......... .......... .......... .......... 9,62K
  7800K .......... .......... .......... .......... ..........  976K
  7850K .......... .......... .......... .......... .......... 10,5K
  7900K .......... .......... .......... .......... .......... 12,3K
  7950K .......... .......... .......... .......... ..........  835K
  8000K .......... .......... .......... .......... .......... 10,9K
  8050K .......... .......... .......... .......... .......... 14,6K
  8100K .......... .......... .................. .......... .......... 13,0K
  8150K .......... .......... .......... .......... .......... 15,7K
  8200K .......... .......... .......... .......... .......... 11,2K
  8250K .......... .......... .......... .......... ..........  952K
  8300K .......... .......... .......... .......... .......... 10,9K
  8350K .......... .......... .......... .......... .......... 12,7K
  8400K .......... .......... .......... .......... .......... 20,7K
  8450K .......... .......... .......... .......... .......... 9,23K
  8500K .......... .......... .......... .......... .......... 20,2K
  8550K .......... .......... .......... .......... .......... 15,2K
  8600K .......... .......... .......... .......... .......... 11,1K
  8650K .......... .......... .......... .......... .......... 25,7K
  8700K .......... .......... .......... .......... ... .............. 9,19K
  8750K .......... .......... .......... .......... .......... 14,6K
  8800K .......... .......... .......... .......... ..........  978K
  8850K .......... .......... .......... .......... ..........  750K
  8900K .......... .......... .......... .......... .......... 7,58K
  8950K .......... .......... .......... .......... .......... 8,78K
  9000K .......... .......... .......... .......... .......... 17,2K
  9050K .......... .......... .......... .......... .......... 10,1K
  9100K .......... .......... .......... .......... .......... 11,7K
  9150K .......... .......... .......... .......... .......... 7,67K
  9200K .......... .......... .......... .......... ..........  978K
  9250K .......... .......... .......... .......... ..........  795K
  9300K .......... .......... .......... .......... .......... 8,22K
  9350K .......... .......... ......... ......... .......... .......... 10,1K
  9400K .......... .......... .......... .......... .......... 9,16K
  9450K .......... .......... .......... .......... ..........  989K
  9500K .......... .......... .......... .......... .......... 7,63K
  9550K .......... .......... .......... .......... ..........  973K
  9600K .......... .......... .......... .......... .......... 5,98K
  9650K .......... .......... .......... .......... ..........  991K
  9700K .......... .......... .......... .......... ..........  960K
  9750K .......... .......... .......... .......... .......... 8,89K
  9800K .......... .......... .......... .......... .......... 11,4K
  9850K .......... .......... .......... .......... .......... 9,09K
  9900K .......... .......... .......... .......... ..........  951K
  9950K .......... .......... .......... .......... .......... 9,69K
 10000K .......... .............  192 
   100K ..... .......... .......... .......... 13,5K
 10050K .......... .......... .......... .......... .......... 6,99K
 10100K .......... .......... .......... .......... ..........  961K
 10150K .......... .......... .......... .......... .......... 10,5K
 10200K .......... .......... .......... .......... .......... 17,4K
 10250K .......... .......... .......... .......... .......... 11,1K
 10300K .......... .......... .......... .......... .......... 11,5K
 10350K .......... .......... .......... .......... .......... 10,9K
 10400K .......... .......... .......... .......... .......... 9,04K
 10450K .......... .......... .......... .......... ..........  987K
 10500K .......... .......... .......... .......... .......... 8,74K
 10550K .......... .......... .................. .......... .......... 16,1K
 10600K .......... .......... .......... .......... .......... 9,43K
 10650K .......... .......... .......... .......... .......... 12,0K
 10700K .......... .......... .......... .......... .......... 10,4K
 10750K .......... .......... .......... .......... .......... 9,10K
 10800K .......... .......... .......... .......... .......... 16,4K
 10850K .......... .......... .......... .......... .......... 12,2K
 10900K .......... .......... .......... .......... .......... 8,61K
 10950K .......... .......... .......... .......... ..........  977K
 11000K .......... .......... .......... .......... .......... 8,87K
 11050K .......... .......... .......... .......... .......... 17,0K
 11100K .......... ......... ......... .......... .......... .......... 11,4K
 11150K .......... .......... .......... .......... .......... 7,45K
 11200K .......... .......... .......... .......... .......... 7,61K
 11250K .......... .......... .......... .......... ..........  840K
 11300K .......... .......... .......... .......... ..........  978K
 11350K .......... .......... .......... .......... .......... 7,66K
 11400K .......... .......... .......... .......... .......... 13,0K
 11450K .......... .......... .......... .......... .......... 13,2K
 11500K .......... .......... .......... .......... .......... 11,2K
 11550K .......... .......... .......... .......... .......... 11,7K
 11600K .......... .......... .......... .......... ..........  946K
 11650K .......... .......... .......... .......... .......... 7,86K
 11700K .......... .......... .......... .......... .......... 8,39K
 11750K .......... .......... .......... .......... .......... 12,1K
 11800K .......... .......... .......... .......... .......... 15,9K
 11850K .......... .......... .......... .......... .......... 11,2K
 11900K .......... .......... .......... .......... ......     16,3K=13m49s

2016-10-18 07:14:01 (14,4 KB/s) - `wget_log/beta_16-10-18_ 7.00.00.02_update_performer_doc6.txt' сохранён [12233559]

.. ......--2016-10-18 07:14:06--  http://localsite/beta_post/update_performer_doc8.php
Распознаётся localsite... 192.168.0.27
Устанавливается соединение с localsite|192.168.0.27|:80... соединение установлено.
Запрос HTTP послан, ожидается ответ... 200 OK
Длина: нет информации [text/html]
Сохраняется в каталог: `wget_log/beta_16-10-18_ 7.00.00.02_update_performer_doc8.txt'.

     0K .......... .......... .......... ...                          170 =13m9s

2016-10-18 07:14:17 (167 B/s) - `wget_log/beta_16-10-18_ 7.00.00.03_operation_attr.txt' сохранён [131437]

......... ......--2016-10-18 07:14:22--  http://localsite/beta_post/update_tracker_crm.php
Распознаётся localsite... 192.168.0.27
Устанавливается соединение с localsite|192.168.0.27|:80... соединение установлено.
Запрос HTTP послан, ожидается ответ... .... 3,89K
    50K .......... .......... .......... .......... .......... 4,85K
   100K .200 OK
Длина: нет информации [text/html]
Сохраняется в каталог: `wget_log/beta_16-10-18_ 7.00.00.03_tracker_crm.txt'.

     0K ................ .......... .......... ..... ............. .......... 3,30K
   150K ........... ....... .......... ................ .. .......... .......... 3,21K
   200K .................. .......... ....... .......... 1,41K
    50K .......... .......... .......... .......... .......... .......... 4,17K
   250K .......... .......... .......... .......... .......... 3,74K
   300K .......... .......... .......... .......... .......... 3,92K
   350K .......... .......... .......... .......... .......... 4,59K
   400K .......... .......... .......... .......... .......... 3,52K
   450K .......... .......... .......... .......... .......... 3,81K
   500K .......... .......... .......... .......... .......... 4,23K
   550K .......... .......... .......... .......... .......... 4,82K
   600K .......... .......... .......... .......... .......... 3,90K
   650K .......... .......... .......... .......... .......... 4,10K
   700K .......... .......... .......... .......... .......... 3,71K
   750K ........                                               3,27K=3m13s

2016-10-18 07:17:24 (3,92 KB/s) - `wget_log/beta_16-10-18_ 7.00.00.02_update_performer_doc8.txt' сохранён [776267]

.... ..........  138 
   100K .......                                                47,4 =9m39s

2016-10-18 07:24:14 (191 B/s) - `wget_log/beta_16-10-18_ 7.00.00.03_tracker_crm.txt' сохранён [110586]

--2016-10-18 07:24:19--  http://localsite/beta_post/update_status_get_tracking.php
Распознаётся localsite... 192.168.0.27
Устанавливается соединение с localsite|192.168.0.27|:80... соединение установлено.
Запрос HTTP послан, ожидается ответ... 200 OK
Длина: нет информации [text/html]
Сохраняется в каталог: `wget_log/beta_16-10-18_ 7.00.00.03_get_tracking.txt'.

     0K .......... .......... .......... .......... .......... 1008 
    50K .......... .......... .......... .......... .......... 1003 
   100K .......... ......                                       971 =1m59s

2016-10-18 07:26:35 (1000 B/s) - `wget_log/beta_16-10-18_ 7.00.00.03_get_tracking.txt' сохранён [118961]

--2016-10-18 07:26:40--  http://localsite/beta_post/update_status_crm.php
Распознаётся localsite... 192.168.0.27
Устанавливается соединение с localsite|192.168.0.27|:80... соединение установлено.
Запрос HTTP послан, ожидается ответ... 200 OK
Длина: 4437 (4,3K) [text/html]
Сохраняется в каталог: `wget_log/beta_16-10-18_ 7.00.00.03_status_crm.txt'.

     0K ....                                                  100%  352M=0s

2016-10-18 07:26:41 (352 MB/s) - `wget_log/beta_16-10-18_ 7.00.00.03_status_crm.txt' сохранён [4437/4437]

--2016-10-18 09:55:00--  http://localsite/beta_post/update_operation_attr.php
Распознаётся localsite... 192.168.0.27
Устанавливается соединение с localsite|192.168.0.27|:80... соединение установлено.
Запрос HTTP послан, ожидается ответ... 200 OK
Длина: нет информации [text/html]
Сохраняется в каталог: `wget_log/beta_16-10-18_ 9.55.00.02_operation_attr.txt'.

     0K .......... .......... .......... .......... ..........  328 
    50K .......... .......... ......                            380 =3m49s

2016-10-18 09:59:20 (345 B/s) - `wget_log/beta_16-10-18_ 9.55.00.02_operation_attr.txt' сохранён [78797]

--2016-10-18 09:59:25--  http://localsite/beta_post/update_tracker_crm.php
Распознаётся localsite... 192.168.0.27
Устанавливается соединение с localsite|192.168.0.27|:80... соединение установлено.
Запрос HTTP послан, ожидается ответ... 200 OK
Длина: 0 [text/html]
Сохраняется в каталог: `wget_log/beta_16-10-18_ 9.55.00.02_tracker_crm.txt'.

     0K                                                        0,00 =0s

2016-10-18 09:59:26 (0,00 B/s) - `wget_log/beta_16-10-18_ 9.55.00.02_tracker_crm.txt' сохранён [0/0]

--2016-10-18 09:59:31--  http://localsite/beta_post/update_status_get_tracking.php
Распознаётся localsite... 192.168.0.27
Устанавливается соединение с localsite|192.168.0.27|:80... соединение установлено.
Запрос HTTP послан, ожидается ответ... 200 OK
Длина: нет информации [text/html]
Сохраняется в каталог: `wget_log/beta_16-10-18_ 9.55.00.02_get_tracking.txt'.

     0K .......... .......... .......... .......... ..........  861 
    50K .......... .......... .......... .......... ..........  915 
   100K .......... ....                                         856 =2m12s

2016-10-18 10:01:54 (883 B/s) - `wget_log/beta_16-10-18_ 9.55.00.02_get_tracking.txt' сохранён [116756]

--2016-10-18 10:02:00--  http://localsite/beta_post/update_status_crm.php
Распознаётся localsite... 192.168.0.27
Устанавливается соединение с localsite|192.168.0.27|:80... соединение установлено.
Запрос HTTP послан, ожидается ответ... 200 OK
Длина: 0 [text/html]
Сохраняется в каталог: `wget_log/beta_16-10-18_ 9.55.00.02_status_crm.txt'.

     0K                                                        0,00 =0s

2016-10-18 10:02:00 (0,00 B/s) - `wget_log/beta_16-10-18_ 9.55.00.02_status_crm.txt' сохранён [0/0]

--2016-10-18 12:00:00--  http://localsite/beta_post/update_operation_attr.php
Распознаётся localsite... 192.168.0.27
Устанавливается соединение с localsite|192.168.0.27|:80... соединение установлено.
Запрос HTTP послан, ожидается ответ... 200 OK
Длина: нет информации [text/html]
Сохраняется в каталог: `wget_log/beta_16-10-18_12.00.00.01_operation_attr.txt'.

     0K .......... .......... .......... .......... ..........  325 
    50K .......... .......... ......                            389 =3m49s

2016-10-18 12:04:19 (345 B/s) - `wget_log/beta_16-10-18_12.00.00.01_operation_attr.txt' сохранён [78797]

--2016-10-18 12:04:24--  http://localsite/beta_post/update_tracker_crm.php
Распознаётся localsite... 192.168.0.27
Устанавливается соединение с localsite|192.168.0.27|:80... соединение установлено.
Запрос HTTP послан, ожидается ответ... 200 OK
Длина: 0 [text/html]
Сохраняется в каталог: `wget_log/beta_16-10-18_12.00.00.01_tracker_crm.txt'.

     0K                                                        0,00 =0s

2016-10-18 12:04:25 (0,00 B/s) - `wget_log/beta_16-10-18_12.00.00.01_tracker_crm.txt' сохранён [0/0]

--2016-10-18 12:04:30--  http://localsite/beta_post/update_status_get_tracking.php
Распознаётся localsite... 192.168.0.27
Устанавливается соединение с localsite|192.168.0.27|:80... соединение установлено.
Запрос HTTP послан, ожидается ответ... 200 OK
Длина: нет информации [text/html]
Сохраняется в каталог: `wget_log/beta_16-10-18_12.00.00.01_get_tracking.txt'.

     0K .......... .......... .......... .......... ..........  900 
    50K .......... .......... .......... .......... ..........  915 
   100K .......... ....                                        1,02K=2m7s

2016-10-18 12:06:49 (923 B/s) - `wget_log/beta_16-10-18_12.00.00.01_get_tracking.txt' сохранён [117231]

--2016-10-18 12:06:54--  http://localsite/beta_post/update_status_crm.php
Распознаётся localsite... 192.168.0.27
Устанавливается соединение с localsite|192.168.0.27|:80... соединение установлено.
Запрос HTTP послан, ожидается ответ... 200 OK
Длина: 1095 (1,1K) [text/html]
Сохраняется в каталог: `wget_log/beta_16-10-18_12.00.00.01_status_crm.txt'.

     0K .                                                     100%  112M=0s

2016-10-18 12:06:55 (112 MB/s) - `wget_log/beta_16-10-18_12.00.00.01_status_crm.txt' сохранён [1095/1095]

--2016-10-18 13:00:00--  http://localsite/beta_post/update_performer_doc.php
Распознаётся localsite... 192.168.0.27
Устанавливается соединение с localsite|192.168.0.27|:80... соединение установлено.
Запрос HTTP послан, ожидается ответ... 200 OK
Длина: 207 [text/html]
Сохраняется в каталог: `wget_log/beta_16-10-18_13.00.00.02_update_performer_doc.txt'.

     0K                                                       100% 22,6M=0s

2016-10-18 13:00:03 (22,6 MB/s) - `wget_log/beta_16-10-18_13.00.00.02_update_performer_doc.txt' сохранён [207/207]

--2016-10-18 13:00:08--  http://localsite/beta_post/update_performer_doc6.php
Распознаётся localsite... 192.168.0.27
Устанавливается соединение с localsite|192.168.0.27|:80... соединение установлено.
Запрос HTTP послан, ожидается ответ... 200 OK
Длина: нет информации [text/html]
Сохраняется в каталог: `wget_log/beta_16-10-18_13.00.00.02_update_performer_doc6.txt'.

     0K .......... .......... .......... .......... .......... 13,7K
    50K .......... .......... .......... .......... .......... 11,5K
   100K .......... .......... .......... .......... .......... 12,5K
   150K .......... .......... .......... .......... ..........  897K
   200K .......... .......... .......... .......... .......... 6,92K
   250K .......... .......... .......... .......... ..........  789K
   300K .......... .......... .......... .......... ..........  847K
   350K .......... .......... .......... .......... .......... 5,69K
   400K .......... .......... .......... .......... ..........  931K
   450K .......... .......... .......... .......... ..........  884K
   500K .......... .......... .......... .......... .......... 9,73K
   550K .......... .......... .......... .......... .......... 15,3K
   600K .......... .......... .......... .......... .......... 21,5K
   650K .......... .......... .......... .......... .......... 12,0K
   700K .......... .......... .......... .......... ..........  884K
   750K .......... .......... .......... .......... .......... 7,19K
   800K .......... .......... .......... .......... ..........  863K
   850K .......... .......... .......... .......... .......... 7,44K
   900K .......... .......... .......... .......... .......... 18,7K
   950K .......... .......... .......... .......... .......... 21,1K
  1000K .......... .......... .......... .......... .......... 14,4K
  1050K .......... .......... .......... .......... .......... 14,3K
  1100K .......... .......... .......... .......... .......... 14,0K
  1150K .......... .......... .......... .......... .......... 16,2K
  1200K .......... .......... .......... .......... .......... 21,9K
  1250K .......... .......... .......... .......... .......... 9,71K
  1300K .......... .......... .......... .......... ..........  934K
  1350K .......... .......... .......... .......... .......... 11,2K
  1400K .......... .......... .......... .......... .......... 13,7K
  1450K .......... .......... .......... .......... .......... 23,6K
  1500K .......... .......... .......... .......... .......... 15,1K
  1550K .......... .......... .......... .......... .......... 24,2K
  1600K .......... .......... .......... .......... .......... 9,52K
  1650K .......... .......... .......... .......... ..........  735K
  1700K .......... .......... .......... .......... .......... 6,94K
  1750K .......... .......... .......... .......... ..........  788K
  1800K .......... .......... .......... .......... .......... 7,28K
  1850K .......... .......... .......... .......... ..........  896K
  1900K .......... .......... .......... .......... ..........  794K
  1950K .......... .......... .......... .......... .......... 12,2K
  2000K .......... .......... .......... .......... .......... 12,2K
  2050K .......... .......... .......... .......... ..........  947K
  2100K .......... .......... .......... .......... .......... 9,63K
  2150K .......... .......... .......... .......... .......... 12,8K
  2200K .......... .......... .......... .......... .......... 34,2K
  2250K .......... .......... .......... .......... .......... 15,1K
  2300K .......... .......... .......... .......... .......... 21,2K
  2350K .......... .......... .......... .......... .......... 16,1K
  2400K .......... .......... .......... .......... .......... 11,1K
  2450K .......... .......... .......... .......... .......... 17,9K
  2500K .......... .......... .......... .......... .......... 12,9K
  2550K .......... .......... .......... .......... .......... 16,4K
  2600K .......... .......... .......... .......... .......... 12,3K
  2650K .......... .......... .......... .......... .......... 17,1K
  2700K .......... .......... .......... .......... .......... 14,1K
  2750K .......... .......... .......... .......... .......... 22,2K
  2800K .......... .......... .......... .......... .......... 19,0K
  2850K .......... .......... .......... .......... .......... 11,3K
  2900K .......... .......... .......... .......... .......... 22,2K
  2950K .......... .......... .......... .......... .......... 13,7K
  3000K .......... .......... .......... .......... .......... 10,6K
  3050K .......... .......... .......... .......... .......... 21,9K
  3100K .......... .......... .......... .......... .......... 10,3K
  3150K .......... .......... .......... .......... .......... 16,9K
  3200K .......... .......... .......... .......... .......... 15,7K
  3250K .......... .......... .......... .......... .......... 9,52K
  3300K .......... .......... .......... .......... .......... 9,85K
  3350K .......... .......... .......... .......... .......... 16,8K
  3400K .......... .......... .......... .......... .......... 11,3K
  3450K .......... .......... .......... .......... .......... 15,7K
  3500K .......... .......... .......... .......... .......... 12,4K
  3550K .......... .......... .......... .......... .......... 12,1K
  3600K .......... .......... .......... .......... ..........  941K
  3650K .......... .......... .......... .......... .......... 11,0K
  3700K .......... .......... .......... .......... .......... 12,3K
  3750K .......... .......... .......... .......... .......... 13,6K
  3800K .......... .......... .......... .......... .......... 12,1K
  3850K .......... .......... .......... .......... .......... 16,6K
  3900K .......... .......... .......... .......... .......... 8,35K
  3950K .......... .......... .......... .......... .......... 16,0K
  4000K .......... .......... .......... .......... .......... 19,7K
  4050K .......... .......... .......... .......... .......... 11,4K
  4100K .......... .......... .......... .......... ..........  919K
  4150K .......... .......... .......... .......... .......... 10,1K
  4200K .......... .......... .......... .......... .......... 17,0K
  4250K .......... .......... .......... .......... .......... 11,7K
  4300K .......... .......... .......... .......... .......... 20,8K
  4350K .......... .......... .......... .......... .......... 9,51K
  4400K .......... .......... .......... .......... .......... 11,2K
  4450K .......... .......... .......... .......... .......... 24,4K
  4500K .......... .......... .......... .......... .......... 13,5K
  4550K .......... .......... .......... .......... .......... 9,68K
  4600K .......... .......... .......... .......... .......... 12,8K
  4650K .......... .......... .......... .......... .......... 18,1K
  4700K .......... .......... .......... .......... .......... 17,4K
  4750K .......... .......... .......... .......... .......... 7,24K
  4800K .......... .......... .......... .......... .......... 17,8K
  4850K .......... .......... .......... .......... .......... 21,4K
  4900K .......... .......... .......... .......... .......... 10,6K
  4950K .......... .......... .......... .......... ..........  780K
  5000K .......... .......... .......... .......... .......... 8,05K
  5050K .......... .......... .......... .......... .......... 11,6K
  5100K .......... .......... .......... .......... .......... 15,1K
  5150K .......... .......... .......... .......... .......... 14,5K
  5200K .......... .......... .......... .......... .......... 12,7K
  5250K .......... .......... .......... .......... ..........  877K
  5300K .......... .......... .......... .......... .......... 8,02K
  5350K .......... .......... .......... .......... .......... 12,1K
  5400K .......... .......... .......... .......... .......... 15,8K
  5450K .......... .......... .......... .......... .......... 7,94K
  5500K .......... .......... .......... .......... ..........  871K
  5550K .......... .......... .......... .......... .......... 15,2K
  5600K .......... .......... .......... .......... .......... 8,42K
  5650K .......... .......... .......... .......... .......... 17,3K
  5700K .......... .......... .......... .......... .......... 11,1K
  5750K .......... .......... .......... .......... .......... 26,8K
  5800K .......... .......... .......... .......... .......... 14,3K
  5850K .......... .......... .......... .......... ..........  916K
  5900K .......... .......... .......... .......... .......... 7,45K
  5950K .......... .......... .......... .......... .......... 17,4K
  6000K .......... .......... .......... .......... .......... 14,1K
  6050K .......... .......... .......... .......... .......... 13,9K
  6100K .......... .......... .......... .......... ..........  966K
  6150K .......... .......... .......... .......... .......... 8,66K
  6200K .......... .......... .......... .......... .......... 18,9K
  6250K .......... .......... .......... .......... .......... 13,0K
  6300K .......... .......... .......... .......... .......... 10,5K
  6350K .......... .......... .......... .......... .......... 12,8K
  6400K .......... .......... .......... .......... ..........  897K
  6450K .......... .......... .......... .......... .......... 9,09K
  6500K .......... .......... .......... .......... .......... 12,0K
  6550K .......... .......... .......... .......... .......... 17,5K
  6600K .......... .......... .......... .......... .......... 10,3K
  6650K .......... .......... .......... .......... .......... 13,3K
  6700K .......... .......... .......... .......... .......... 9,32K
  6750K .......... .......... .......... .......... ..........  918K
  6800K .......... .......... .......... .......... .......... 9,45K
  6850K .......... .......... .......... .......... .......... 12,1K
  6900K .......... .......... .......... .......... .......... 10,1K
  6950K .......... .......... .......... .......... .......... 10,7K
  7000K .......... .......... .......... .......... .......... 13,3K
  7050K .......... .......... .......... .......... .......... 11,9K
  7100K .......... .......... .......... .......... .......... 15,1K
  7150K .......... .......... .......... .......... .......... 11,8K
  7200K .......... .......... .......... .......... .......... 11,6K
  7250K .......... .......... .......... .......... .......... 11,2K
  7300K .......... .......... .......... .......... .......... 15,4K
  7350K .......... .......... .......... .......... .......... 13,9K
  7400K .......... .......... .......... .......... .......... 12,4K
  7450K .......... .......... .......... .......... .......... 11,8K
  7500K .......... .......... .......... .......... .......... 16,5K
  7550K .......... .......... .......... .......... .......... 17,5K
  7600K .......... .......... .......... .......... .......... 7,69K
  7650K .......... .......... .......... .......... .......... 25,4K
  7700K .......... .......... .......... .......... .......... 7,53K
  7750K .......... .......... .......... .......... .......... 9,48K
  7800K .......... .......... .......... .......... ..........  935K
  7850K .......... .......... .......... .......... .......... 10,1K
  7900K .......... .......... .......... .......... .......... 12,0K
  7950K .......... .......... .......... .......... ..........  796K
  8000K .......... .......... .......... .......... .......... 10,6K
  8050K .......... .......... .......... .......... .......... 14,5K
  8100K .......... .......... .......... .......... .......... 12,7K
  8150K .......... .......... .......... .......... .......... 14,8K
  8200K .......... .......... .......... .......... .......... 10,9K
  8250K .......... .......... .......... .......... ..........  898K
  8300K .......... .......... .......... .......... .......... 9,45K
  8350K .......... .......... .......... .......... .......... 12,3K
  8400K .......... .......... .......... .......... .......... 20,1K
  8450K .......... .......... .......... .......... .......... 8,97K
  8500K .......... .......... .......... .......... .......... 18,8K
  8550K .......... .......... .......... .......... .......... 14,1K
  8600K .......... .......... .......... .......... .......... 11,0K
  8650K .......... .......... .......... .......... .......... 20,8K
  8700K .......... .......... .......... .......... .......... 8,52K
  8750K .......... .......... .......... .......... .......... 14,3K
  8800K .......... .......... .......... .......... ..........  917K
  8850K .......... .......... .......... .......... ..........  731K
  8900K .......... .......... .......... .......... .......... 7,32K
  8950K .......... .......... .......... .......... .......... 8,63K
  9000K .......... .......... .......... .......... .......... 16,9K
  9050K .......... .......... .......... .......... .......... 10,3K
  9100K .......... .......... .......... .......... .......... 11,5K
  9150K .......... .......... .......... .......... .......... 7,56K
  9200K .......... .......... .......... .......... ..........  825K
  9250K .......... .......... .......... .......... ..........  713K
  9300K .......... .......... .......... .......... .......... 7,94K
  9350K .......... .......... .......... .......... .......... 9,48K
  9400K .......... .......... .......... .......... .......... 8,76K
  9450K .......... .......... .......... .......... ..........  905K
  9500K .......... .......... .......... .......... .......... 7,31K
  9550K .......... .......... .......... .......... ..........  895K
  9600K .......... .......... .......... .......... .......... 5,76K
  9650K .......... .......... .......... .......... ..........  938K
  9700K .......... .......... .......... .......... ..........  902K
  9750K .......... .......... .......... .......... .......... 8,54K
  9800K .......... .......... .......... .......... .......... 10,9K
  9850K .......... .......... .......... .......... .......... 8,76K
  9900K .......... .......... .......... .......... ..........  887K
  9950K .......... .......... .......... .......... .......... 9,57K
 10000K .......... .......... .......... .......... .......... 10,6K
 10050K .......... .......... .......... .......... .......... 6,33K
 10100K .......... .......... .......... .......... ..........  919K
 10150K .......... .......... .......... .......... .......... 10,1K
 10200K .......... .......... .......... .......... .......... 16,4K
 10250K .......... .......... .......... .......... .......... 10,3K
 10300K .......... .......... .......... .......... .......... 10,9K
 10350K .......... .......... .......... .......... .......... 10,5K
 10400K .......... .......... .......... .......... .......... 8,55K
 10450K .......... .......... .......... .......... ..........  866K
 10500K .......... .......... .......... .......... .......... 8,35K
 10550K .......... .......... .......... .......... .......... 15,0K
 10600K .......... .......... .......... .......... .......... 8,82K
 10650K .......... .......... .......... .......... .......... 11,7K
 10700K .......... .......... .......... .......... .......... 9,68K
 10750K .......... .......... .......... .......... .......... 8,45K
 10800K .......... .......... .......... .......... .......... 14,7K
 10850K .......... .......... .......... .......... .......... 11,4K
 10900K .......... .......... .......... .......... .......... 8,28K
 10950K .......... .......... .......... .......... ..........  868K
 11000K .......... .......... .......... .......... .......... 8,54K
 11050K .......... .......... .......... .......... .......... 16,5K
 11100K .......... .......... .......... .......... .......... 11,2K
 11150K .......... .......... .......... .......... .......... 6,98K
 11200K .......... .......... .......... .......... .......... 6,97K
 11250K .......... .......... .......... .......... ..........  812K
 11300K .......... .......... .......... .......... ..........  946K
 11350K .......... .......... .......... .......... .......... 7,44K
 11400K .......... .......... .......... .......... .......... 12,5K
 11450K .......... .......... .......... .......... .......... 13,2K
 11500K .......... .......... .......... .......... .......... 10,5K
 11550K .......... .......... .......... .......... .......... 11,9K
 11600K .......... .......... .......... .......... ..........  898K
 11650K .......... .......... .......... .......... .......... 7,45K
 11700K .......... .......... .......... .......... .......... 7,97K
 11750K .......... .......... .......... .......... .......... 11,7K
 11800K .......... .......... .......... .......... .......... 15,4K
 11850K .......... .......... .......... .......... .......... 10,0K
 11900K .......... .......... .......... .......... ......     15,2K=14m23s

2016-10-18 13:14:34 (13,8 KB/s) - `wget_log/beta_16-10-18_13.00.00.02_update_performer_doc6.txt' сохранён [12233559]

--2016-10-18 13:14:39--  http://localsite/beta_post/update_performer_doc8.php
Распознаётся localsite... 192.168.0.27
Устанавливается соединение с localsite|192.168.0.27|:80... соединение установлено.
Запрос HTTP послан, ожидается ответ... 200 OK
Длина: нет информации [text/html]
Сохраняется в каталог: `wget_log/beta_16-10-18_13.00.00.02_update_performer_doc8.txt'.

     0K .......... .......... .......... .......... .......... 3,75K
    50K .......... .......... .......... .......... .......... 4,78K
   100K .......... .......... .......... .......... .......... 3,08K
   150K .......... .......... .......... .......... .......... 3,12K
   200K .......... .......... .......... .......... .......... 4,07K
   250K .......... .......... .......... .......... .......... 3,68K
   300K .......... .......... .......... .......... .......... 3,85K
   350K .......... .......... .......... .......... .......... 4,49K
   400K .......... .......... .......... .......... .......... 3,25K
   450K .......... .......... .......... .......... .......... 2,19K
   500K .......... .......... .......... .......... .......... 2,79K
   550K .......... .......... .......... .......... .......... 4,21K
   600K .......... .......... .......... .......... .......... 3,46K
   650K .......... .......... .......... .......... .......... 3,93K
   700K .......... .......... .......... .......... .......... 3,78K
   750K ........                                               3,25K=3m37s

2016-10-18 13:18:20 (3,49 KB/s) - `wget_log/beta_16-10-18_13.00.00.02_update_performer_doc8.txt' сохранён [776267]

--2016-10-18 14:00:00--  http://localsite/beta_post/update_operation_attr.php
Распознаётся localsite... 192.168.0.27
Устанавливается соединение с localsite|192.168.0.27|:80... соединение установлено.
Запрос HTTP послан, ожидается ответ... 200 OK
Длина: нет информации [text/html]
Сохраняется в каталог: `wget_log/beta_16-10-18_14.00.00.08_operation_attr.txt'.

     0K .......... .......... .......... .......... ..........  329 
    50K .......... .......... ......                            385 =3m47s

2016-10-18 14:04:16 (347 B/s) - `wget_log/beta_16-10-18_14.00.00.08_operation_attr.txt' сохранён [78797]

--2016-10-18 14:04:21--  http://localsite/beta_post/update_tracker_crm.php
Распознаётся localsite... 192.168.0.27
Устанавливается соединение с localsite|192.168.0.27|:80... соединение установлено.
Запрос HTTP послан, ожидается ответ... 200 OK
Длина: 0 [text/html]
Сохраняется в каталог: `wget_log/beta_16-10-18_14.00.00.08_tracker_crm.txt'.

     0K                                                        0,00 =0s

2016-10-18 14:04:22 (0,00 B/s) - `wget_log/beta_16-10-18_14.00.00.08_tracker_crm.txt' сохранён [0/0]

--2016-10-18 14:04:27--  http://localsite/beta_post/update_status_get_tracking.php
Распознаётся localsite... 192.168.0.27
Устанавливается соединение с localsite|192.168.0.27|:80... соединение установлено.
Запрос HTTP послан, ожидается ответ... 200 OK
Длина: нет информации [text/html]
Сохраняется в каталог: `wget_log/beta_16-10-18_14.00.00.08_get_tracking.txt'.

     0K .......... .......... .......... .......... ..........  977 
    50K .......... .......... .......... .......... .......... 1003 
   100K .......... ....                                        1,01K=1m57s

2016-10-18 14:06:34 (994 B/s) - `wget_log/beta_16-10-18_14.00.00.08_get_tracking.txt' сохранён [116838]

--2016-10-18 14:06:39--  http://localsite/beta_post/update_status_crm.php
Распознаётся localsite... 192.168.0.27
Устанавливается соединение с localsite|192.168.0.27|:80... соединение установлено.
Запрос HTTP послан, ожидается ответ... 200 OK
Длина: нет информации [text/html]
Сохраняется в каталог: `wget_log/beta_16-10-18_14.00.00.08_status_crm.txt'.

     0K .........                                              22,9K=0,4s

2016-10-18 14:06:41 (22,9 KB/s) - `wget_log/beta_16-10-18_14.00.00.08_status_crm.txt' сохранён [9732]

--2016-10-18 16:00:00--  http://localsite/beta_post/update_operation_attr.php
Распознаётся localsite... 192.168.0.27
Устанавливается соединение с localsite|192.168.0.27|:80... соединение установлено.
Запрос HTTP послан, ожидается ответ... 200 OK
Длина: нет информации [text/html]
Сохраняется в каталог: `wget_log/beta_16-10-18_16.00.00.04_operation_attr.txt'.

     0K .......... .......... .......... .......... ..........  318 
    50K .......... .......... .......... .......... ..........  324 
   100K .......... .......... ........                          324 =6m48s

2016-10-18 16:07:19 (322 B/s) - `wget_log/beta_16-10-18_16.00.00.04_operation_attr.txt' сохранён [131268]

--2016-10-18 16:07:24--  http://localsite/beta_post/update_tracker_crm.php
Распознаётся localsite... 192.168.0.27
Устанавливается соединение с localsite|192.168.0.27|:80... соединение установлено.
Запрос HTTP послан, ожидается ответ... 200 OK
Длина: 0 [text/html]
Сохраняется в каталог: `wget_log/beta_16-10-18_16.00.00.04_tracker_crm.txt'.

     0K                                                        0,00 =0s

2016-10-18 16:07:25 (0,00 B/s) - `wget_log/beta_16-10-18_16.00.00.04_tracker_crm.txt' сохранён [0/0]

--2016-10-18 16:07:31--  http://localsite/beta_post/update_status_get_tracking.php
Распознаётся localsite... 192.168.0.27
Устанавливается соединение с localsite|192.168.0.27|:80... соединение установлено.
Запрос HTTP послан, ожидается ответ... 200 OK
Длина: нет информации [text/html]
Сохраняется в каталог: `wget_log/beta_16-10-18_16.00.00.04_get_tracking.txt'.

     0K .......... .......... .......... .......... ..........  932 
    50K .......... .......... .......... .......... ..........  858 
   100K .......... .                                           1,22K=2m4s

2016-10-18 16:09:51 (920 B/s) - `wget_log/beta_16-10-18_16.00.00.04_get_tracking.txt' сохранён [114157]

--2016-10-18 16:09:56--  http://localsite/beta_post/update_status_crm.php
Распознаётся localsite... 192.168.0.27
Устанавливается соединение с localsite|192.168.0.27|:80... соединение установлено.
Запрос HTTP послан, ожидается ответ... 200 OK
Длина: 0 [text/html]
Сохраняется в каталог: `wget_log/beta_16-10-18_16.00.00.04_status_crm.txt'.

     0K                                                        0,00 =0s

2016-10-18 16:09:56 (0,00 B/s) - `wget_log/beta_16-10-18_16.00.00.04_status_crm.txt' сохранён [0/0]

