--2016-10-26 07:00:00--  http://localsite/beta_post/update_performer_doc.php
Распознаётся localsite... 192.168.0.27
Устанавливается соединение с localsite|192.168.0.27|:80... соединение установлено.
Запрос HTTP послан, ожидается ответ... --2016-10-26 07:00:00--  http://localsite/beta_post/update_operation_attr.php
Распознаётся localsite... 192.168.0.27
Устанавливается соединение с localsite|192.168.0.27|:80... соединение установлено.
Запрос HTTP послан, ожидается ответ... 200 OK
Длина: 207 [text/html]
Сохраняется в каталог: `wget_log/beta_16-10-26_ 7.00.00.01_update_performer_doc.txt'.

     0K                                                       100% 23,4M=0s

2016-10-26 07:00:03 (23,4 MB/s) - `wget_log/beta_16-10-26_ 7.00.00.01_update_performer_doc.txt' сохранён [207/207]

--2016-10-26 07:00:08--  http://localsite/beta_post/update_performer_doc6.php
Распознаётся localsite... 192.168.0.27
Устанавливается соединение с localsite|192.168.0.27|:80... соединение установлено.
Запрос HTTP послан, ожидается ответ... 200 OK
Длина: нет информации [text/html]
Сохраняется в каталог: `wget_log/beta_16-10-26_ 7.00.00.01_update_performer_doc6.txt'.

     0K .......... .......... .......... .......... .......... 15,0K
    50K .......... .......... .......... .......... .......... 11,9K
   100K .......... .......... .......... .......... .......... 13,3K
   150K .......... .......... .......... .......... ..........  913K
   200K .......... .......... .......... .......... .......... 6,97K
   250K .......... .......... .......... .......... ..........  882K
   300K .......... .......... .......... .......... ..........  939K
   350K .......... .......... .......... .......... .......... 5,85K
   400K .......... .......... .......... .......... ..........  995K
   450K .......... .......... .......... .......... ..........  892K
   500K .......... .......... .......... .........200 OK
Длина: нет информации [text/html]
Сохраняется в каталог: `wget_log/beta_16-10-26_ 7.00.00.01_operation_attr.txt'.

     0K ........ .......... 9,29K
   550K .......... .......... .......... .......... .......... 14,9K
   600K .......... .......... .......... .......... .......... 23,8K
   650K .......... .......... .......... .......... .......... 12,5K
   700K .......... .......... .......... .......... ..........  933K
   750K .......... .......... .......... .......... .......... 8,20K
   800K .......... .......... .......... .......... ..........  944K
   850K .......... .......... .......... .......... .......... 8,00K
   900K .......... .......... .......... .......... .......... 20,3K
   950K .......... .......... .......... .......... .......... 21,9K
  1000K .......... .......... .......... .......... .......... 15,9K
  1050K .......... .......... .......... .......... .......... 15,7K
  1100K .......... .......... .......... .......... .......... 14,4K
  1150K .......... .......... .......... ........... ....... .......... 16,4K
  1200K .......... .......... .......... .......... .......... 25,2K
  1250K .......... .......... .......... .......... .......... 10,5K
  1300K .......... .......... .......... .......... ..........  969K
  1350K .......... .......... .......... .......... .......... 11,6K
  1400K .......... .......... .......... .......... .......... 15,4K
  1450K .......... .......... .......... .......... .......... 24,8K
  1500K .......... .......... .......... .......... .......... 16,4K
  1550K .......... .......... .......... .......... .......... 27,9K
  1600K .......... .......... .......... .......... .......... 10,2K
  1650K .......... .......... .......... .......... ..........  797K
  1700K .......... .......... .......... .......... .......... 7,49K
  1750K .......... .......... .......... .......... ..........  839K
  1800K .......... .......... .......... .......... .......... ........ 7,50K
  1850K .......... .......... .......... .......... ..........  965K
  1900K .......... .......... .......... .......... ..........  800K
  1950K .......... .......... .......... .......... .......... 12,8K
  2000K .......... .......... .......... .......... .......... 12,7K
  2050K .......... .......... .......... .......... ..........  992K
  2100K .......... .......... .......... .......... .......... 9,98K
  2150K .......... .......... .......... .......... .......... 13,9K
  2200K .......... .......... .......... .......... .......... 38,5K
  2250K .......... .......... .......... .......... .......... 16,8K
  2300K .......... .......... .......... .......... .......... 22,8K
  2350K .......... .......... .......... .......... .......... 16,6K
  2400K .......... .......... .......... .......... .......... 11,9K
  2450K .......... .......... .......... .......... .......... 19,6K
  2500K .......... .......... .......... .......... .......... 15,0K
  2550K .......... .......... ................. . .......... .......... 19,2K
  2600K .......... .......... .......... .......... .......... 12,6K
  2650K .......... .......... .......... .......... .......... 18,1K
  2700K .......... .......... .......... .......... .......... 14,8K
  2750K .......... .......... .......... .......... .......... 22,6K
  2800K .......... .......... .......... .......... .......... 19,7K
  2850K .......... .......... .......... .......... .......... 11,5K
  2900K .......... .......... .......... .......... .......... 22,5K
  2950K .......... .......... .......... .......... .......... 14,3K
  3000K .......... .......... .......... .......... .......... 10,8K
  3050K .......... .......... .......... .......... .......... 22,5K
  3100K .......... .......... .......... .......... .......... 10,9K
  3150K .......... .......... .......... .......... .................. 17,5K
  3200K .......... .......... .......... .......... .......... 16,8K
  3250K .......... .......... .......... .......... .......... 10,6K
  3300K .......... .......... .......... .......... ....... ..          250 =2m52s

2016-10-26 07:03:33 (250 B/s) - `wget_log/beta_16-10-26_ 7.00.00.01_operation_attr.txt' сохранён [43059]

.... 10,3K
  3350K .......... .......... .......... .......... .......... 17,1K
  3400K .......... .......... .....--2016-10-26 07:03:38--  http://localsite/beta_post/update_tracker_crm.php
Распознаётся localsite... 192.168.0.27
Устанавливается соединение с localsite|192.168.0.27|:80... соединение установлено.
Запрос HTTP послан, ожидается ответ... ..... .......... .......... 11,0K
  3450K .......... .......... .......... .......... .......... 16,7K
  3500K .......... .......... .......... .......... .......... 13,2K
  3550K .......... .......... .......... .......... .......... 12,3K
  3600K .......... .......... .......... .......... ..........  962K
  3650K .......... .......... .....200 OK
Длина: нет информации [text/html]
Сохраняется в каталог: `wget_log/beta_16-10-26_ 7.00.00.01_tracker_crm.txt'.

     0K ............ .......... .......... 11,6K
  3700K .......... .......... .......... .......... .......... 13,2K
  3750K ...... ............ .......... .......... .......... .......... 14,3K
  3800K .......... .......... .......... .......... .......... 12,6K
  3850K .......... .......... ............. ..... .......... .......... 17,2K
  3900K .......... .......... .......... .......... .......... 8,45K
  3950K .......... .......... ................. . .......... .......... 18,0K
  4000K .......... .......... .......... .......... .......... 21,6K
  4050K .......... .......... .......... .................. .......... 11,2K
  4100K .......... .......... .......... .......... ..........  941K
  4150K .......... .......... .......... .......... .......... 10,1K
  4200K .......... .......... ... .......... 1,31K
    50K .......... .......... .......... .............. .......... .......... 17,7K
  4250K .......... .......... .......... .......... .......... 11,9K
  4300K .......... .......... .......... .......... .......... 21,6K
  4350K .......... .......... .......... .......... .......... 9,59K
  4400K .......... .......... .......... .......... .......... 11,5K
  4450K .......... .......... .......... .......... .......... 26,6K
  4500K .......... .......... .......... .......... .......... 14,2K
  4550K .......... .......... .......... .......... .......... 11,1K
  4600K .......... .......... .......... .......... .......... 13,7K
  4650K .......... .......... .......... .......... .......... 19,4K
  4700K .......... .......... .......... .......... .......... 18,0K
  4750K .......... .......... .......... .......... .......... 8,13K
  4800K .......... .......... .......... .......... .......... 18,1K
  4850K .......... .......... .......... .......... .......... 21,5K
  4900K .......... .......... .......... .......... .......... 11,2K
  4950K .......... .......... .......... .......... ..........  950K
  5000K .......... .......... .......... .......... .......... 8,48K
  5050K .......... .......... .......... .......... .......... 11,7K
  5100K .......... .......... .......... .......... .......... 15,0K
  5150K .......... .......... .......... .......... .......... 14,4K
  5200K .......... .......... .......... .......... .......... 12,9K
  5250K .......... .......... .......... .......... ..........  906K
  5300K .......... .......... .......... .......... .......... 8,53K
  5350K .......... .......... .......... .......... .......... 12,3K
  5400K .......... .......... .......... .......... .......... 16,0K
  5450K .......... .......... .......... .......... .......... 8,26K
  5500K .......... .......... .......... .......... ..........  992K
  5550K .......... .......... .......... .......... .......... 16,4K
  5600K .......... .......... .......... .......... .......... 8,86K
  5650K .......... .......... .......... .......... .......... 18,5K
  5700K .......... .......... .......... .......... .......... 11,3K
  5750K .......... .......... .......... .......... .......... 26,6K
  5800K .......... .......... .......... .......... .......... 14,4K
  5850K .......... .......... .......... .......... ..........  944K
  5900K .......... .......... .......... .......... .......... 7,57K
  5950K .......... .......... .......... .......... .......... 17,6K
  6000K .......... .......... .......... .......... .......... 14,5K
  6050K .......... .......... .......... .......... .......... 13,7K
  6100K .......... .......... .......... .......... .......... 1000K
  6150K .......... .......... .......... .......... .......... 8,93K
  6200K .......... .......... .......... .......... .......... 19,7K
  6250K .......... .......... .......... .......... .......... 13,4K
  6300K .......... .......... .......... .......... .......... 10,6K
  6350K .......... .......... .......... .......... .......... 13,1K
  6400K .......... .......... .......... .......... ..........  998K
  6450K .......... .......... .......... .......... .......... 9,56K
  6500K .......... .......... .......... .......... .......... 13,3K
  6550K .......... .......... .......... .......... .......... 18,2K
  6600K .......... .......... .......... .......... .......... 10,4K
  6650K .......... .......... .......... .......... .......... 13,8K
  6700K .......... .......... .......... .......... .......... 9,68K
  6750K .......... .......... .......... .......... ..........  956K
  6800K .......... .......... .......... .......... .......... 9,76K
  6850K .......... .......... .......... .......... .......... 12,2K
  6900K .......... ...                205 =3m45s

2016-10-26 07:07:39 (398 B/s) - `wget_log/beta_16-10-26_ 7.00.00.01_tracker_crm.txt' сохранён [89529]

........ .......... .......... .......... 10,3K
  6950K .........--2016-10-26 07:07:44--  http://localsite/beta_post/update_status_get_tracking.php
Распознаётся localsite... 192.168.0.27
Устанавливается соединение с localsite|192.168.0.27|:80... соединение установлено.
Запрос HTTP послан, ожидается ответ... . .......... .......... .......... .......... 11,3K
  7000K .......... .......... .......... .......... .......... 13,3K
  7050K .......... .......... .......... .......... .......... 12,4K
  7100K .......... .......... .......... .......... .......... 14,9K
  7150K .......... .......... .......... ......200 OK
Длина: нет информации [text/html]
Сохраняется в каталог: `wget_log/beta_16-10-26_ 7.00.00.01_get_tracking.txt'.

     0K ........... .......... 12,3K
  7200K .......... .......... .......... .......... .......... 12,5K
  7250K .......... .......... .......... .......... .......... 11,4K
  7300K .......... .......... .......... .......... .......... 16,5K... .....
  7350K .......... .......... .......... .......... .......... 14,4K
  7400K .......... .......... .......... .......... .......... 12,7K
  7450K .......... .......... .......... .......... .......... 12,0K
  7500K .......... ......... ......... .......... .......... .......... 16,7K
  7550K .......... .......... .......... .......... .......... 18,6K
  7600K .......... .......... .......... .......... .............. .... 8,33K
  7650K .......... .......... .......... .......... .......... 23,2K
  7700K .......... .......... .......... .......... .......... 7,53K
  7750K .......... .......... .................. .......... .......... 9,77K
  7800K .......... .......... .......... .......... .......... 1000K
  7850K .......... .......... .......... ........... ....... .......... 10,3K
  7900K .......... .......... .......... .......... .......... 12,4K
  7950K .......... .......... .......... .......... ..........  858K
  8000K .......... .......... .......... ...........  827 
    50K ....... .......... 10,9K
  8050K .......... .......... .......... .......... .......... 14,9K
  8100K .......... .......... .......... .......... .......... 13,0K
  8150K .......... .......... .............. .... .......... .......... 15,9K
  8200K .......... .......... .......... .......... .......... 11,1K
  8250K .......... .......... .......... .......... ..........  933K
  8300K .......... .......... .......... .......... .......... 10,7K
  8350K .......... .......... .......... ................. . .......... 12,7K
  8400K .......... .......... .......... .......... .......... 20,9K
  8450K .......... .......... .......... .......... .......... 9,23K
  8500K .......... .......... .......... .......... .......... 20,3K
  8550K .......... .......... .......... .......... .......... 15,4K
  8600K .......... .......... .................. .......... .......... 11,5K
  8650K .......... .......... .......... .......... .......... 25,7K
  8700K .......... .......... .......... .......... .......... 9,33K
  8750K .......... ...... ............ .......... .......... .......... 14,2K
  8800K .......... .......... .......... .......... .......... 1001K
  8850K .......... .......... .......... .......... ..........  778K
  8900K .......... .......... .......... .......... .......... 7,49K
  8950K .......... .......... .......... ....        750 =2m3s

2016-10-26 07:10:04 (789 B/s) - `wget_log/beta_16-10-26_ 7.00.00.01_get_tracking.txt' сохранён [96807]

... .......... .......... 8,79K
  9000K .......... .......... .......... .........--2016-10-26 07:10:09--  http://localsite/beta_post/update_status_crm.php
Распознаётся localsite... 192.168.0.27
Устанавливается соединение с localsite|192.168.0.27|:80... соединение установлено.
Запрос HTTP послан, ожидается ответ... 200 OK
Длина: 4408 (4,3K) [text/html]
Сохраняется в каталог: `wget_log/beta_16-10-26_ 7.00.00.01_status_crm.txt'.

     0K ....                                                  100%  338M=0s

2016-10-26 07:10:10 (338 MB/s) - `wget_log/beta_16-10-26_ 7.00.00.01_status_crm.txt' сохранён [4408/4408]

. .......... 17,4K
  9050K .......... .......... .......... .......... .......... 10,3K
  9100K .......... .......... .......... .......... .......... 11,8K
  9150K .......... .......... .......... .......... .......... 7,76K
  9200K .......... .......... .......... .......... ..........  965K
  9250K .......... .......... .......... .......... ..........  796K
  9300K .......... .......... .......... .......... .......... 8,19K
  9350K .......... .......... .......... .......... .......... 10,1K
  9400K .......... .......... .......... .......... .......... 9,37K
  9450K .......... .......... .......... .......... ..........  990K
  9500K .......... .......... .......... .......... .......... 7,60K
  9550K .......... .......... .......... .......... ..........  970K
  9600K .......... .......... .......... .......... .......... 5,94K
  9650K .......... .......... .......... .......... ..........  994K
  9700K .......... .......... .......... .......... ..........  960K
  9750K .......... .......... .......... .......... .......... 8,87K
  9800K .......... .......... .......... .......... .......... 11,2K
  9850K .......... .......... .......... .......... .......... 8,87K
  9900K .......... .......... .......... .......... ..........  952K
  9950K .......... .......... .......... .......... .......... 9,93K
 10000K .......... .......... .......... .......... .......... 13,5K
 10050K .......... .......... .......... .......... .......... 6,94K
 10100K .......... .......... .......... .......... ..........  987K
 10150K .......... .......... .......... .......... .......... 8,01K
 10200K .......... .......... .......... .......... .......... 6,17K
 10250K .......... .......... .......... .......... .......... 11,2K
 10300K .......... .......... .......... .......... .......... 11,6K
 10350K .......... .......... .......... .......... .......... 11,0K
 10400K .......... .......... .......... .......... .......... 9,10K
 10450K .......... .......... .......... .......... ..........  982K
 10500K .......... .......... .......... .......... .......... 8,71K
 10550K .......... .......... .......... .......... .......... 16,4K
 10600K .......... .......... .......... .......... .......... 9,40K
 10650K .......... .......... .......... .......... .......... 12,1K
 10700K .......... .......... .......... .......... .......... 10,2K
 10750K .......... .......... .......... .......... .......... 8,99K
 10800K .......... .......... .......... .......... .......... 16,5K
 10850K .......... .......... .......... .......... .......... 12,3K
 10900K .......... .......... .......... .......... .......... 8,60K
 10950K .......... .......... .......... .......... ..........  983K
 11000K .......... .......... .......... .......... .......... 8,83K
 11050K .......... .......... .......... .......... .......... 16,7K
 11100K .......... .......... .......... .......... .......... 10,4K
 11150K .......... .......... .......... .......... .......... 7,34K
 11200K .......... .......... .......... .......... .......... 7,52K
 11250K .......... .......... .......... .......... ..........  837K
 11300K .......... .......... .......... .......... ..........  984K
 11350K .......... .......... .......... .......... .......... 7,64K
 11400K .......... .......... .......... .......... .......... 13,2K
 11450K .......... .......... .......... .......... .......... 13,5K
 11500K .......... .......... .......... .......... .......... 11,1K
 11550K .......... .......... .......... .......... .......... 12,2K
 11600K .......... .......... .......... .......... ..........  945K
 11650K .......... .......... .......... .......... .......... 7,88K
 11700K .......... .......... .......... .......... .......... 8,69K
 11750K .......... .......... .......... .......... .......... 11,9K
 11800K .......... .......... .......... .......... .......... 15,4K
 11850K .......... .......... .......... .......... .......... 11,2K
 11900K .......... .......... .......... .......... ......     16,3K=13m51s

2016-10-26 07:14:02 (14,4 KB/s) - `wget_log/beta_16-10-26_ 7.00.00.01_update_performer_doc6.txt' сохранён [12233559]

--2016-10-26 07:14:07--  http://localsite/beta_post/update_performer_doc8.php
Распознаётся localsite... 192.168.0.27
Устанавливается соединение с localsite|192.168.0.27|:80... соединение установлено.
Запрос HTTP послан, ожидается ответ... 200 OK
Длина: нет информации [text/html]
Сохраняется в каталог: `wget_log/beta_16-10-26_ 7.00.00.01_update_performer_doc8.txt'.

     0K .......... .......... .......... .......... .......... 3,91K
    50K .......... .......... .......... .......... .......... 4,79K
   100K .......... .......... .......... .......... .......... 3,24K
   150K .......... .......... .......... .......... .......... 3,16K
   200K .......... .......... .......... .......... .......... 4,09K
   250K .......... .......... .......... .......... .......... 3,72K
   300K .......... .......... .......... .......... .......... 3,87K
   350K .......... .......... .......... .......... .......... 4,48K
   400K .......... .......... .......... .......... .......... 3,40K
   450K .......... .......... .......... .......... .......... 3,82K
   500K .......... .......... .......... .......... .......... 4,18K
   550K .......... .......... .......... .......... .......... 4,73K
   600K .......... .......... .......... .......... .......... 3,94K
   650K .......... .......... .......... .......... .......... 3,77K
   700K .......... .......... .......... .......... .......... 3,89K
   750K ........                                               3,38K=3m16s

2016-10-26 07:17:27 (3,87 KB/s) - `wget_log/beta_16-10-26_ 7.00.00.01_update_performer_doc8.txt' сохранён [776267]

--2016-10-26 09:55:00--  http://localsite/beta_post/update_operation_attr.php
Распознаётся localsite... 192.168.0.27
Устанавливается соединение с localsite|192.168.0.27|:80... соединение установлено.
Запрос HTTP послан, ожидается ответ... 200 OK
Длина: 0 [text/html]
Сохраняется в каталог: `wget_log/beta_16-10-26_ 9.55.00.02_operation_attr.txt'.

     0K                                                        0,00 =0s

2016-10-26 09:55:00 (0,00 B/s) - `wget_log/beta_16-10-26_ 9.55.00.02_operation_attr.txt' сохранён [0/0]

--2016-10-26 09:55:05--  http://localsite/beta_post/update_tracker_crm.php
Распознаётся localsite... 192.168.0.27
Устанавливается соединение с localsite|192.168.0.27|:80... соединение установлено.
Запрос HTTP послан, ожидается ответ... 200 OK
Длина: 0 [text/html]
Сохраняется в каталог: `wget_log/beta_16-10-26_ 9.55.00.02_tracker_crm.txt'.

     0K                                                        0,00 =0s

2016-10-26 09:55:06 (0,00 B/s) - `wget_log/beta_16-10-26_ 9.55.00.02_tracker_crm.txt' сохранён [0/0]

--2016-10-26 09:55:11--  http://localsite/beta_post/update_status_get_tracking.php
Распознаётся localsite... 192.168.0.27
Устанавливается соединение с localsite|192.168.0.27|:80... соединение установлено.
Запрос HTTP послан, ожидается ответ... 200 OK
Длина: нет информации [text/html]
Сохраняется в каталог: `wget_log/beta_16-10-26_ 9.55.00.02_get_tracking.txt'.

     0K .......... .......... .......... .......... ..........  989 
    50K .......... .......... .......... .......... ..         1020 =94s

2016-10-26 09:56:59 (1003 B/s) - `wget_log/beta_16-10-26_ 9.55.00.02_get_tracking.txt' сохранён [94486]

--2016-10-26 09:57:04--  http://localsite/beta_post/update_status_crm.php
Распознаётся localsite... 192.168.0.27
Устанавливается соединение с localsite|192.168.0.27|:80... соединение установлено.
Запрос HTTP послан, ожидается ответ... 200 OK
Длина: 1098 (1,1K) [text/html]
Сохраняется в каталог: `wget_log/beta_16-10-26_ 9.55.00.02_status_crm.txt'.

     0K .                                                     100% 86,7M=0s

2016-10-26 09:57:04 (86,7 MB/s) - `wget_log/beta_16-10-26_ 9.55.00.02_status_crm.txt' сохранён [1098/1098]

--2016-10-26 12:00:00--  http://localsite/beta_post/update_operation_attr.php
Распознаётся localsite... 192.168.0.27
Устанавливается соединение с localsite|192.168.0.27|:80... соединение установлено.
Запрос HTTP послан, ожидается ответ... 200 OK
Длина: 0 [text/html]
Сохраняется в каталог: `wget_log/beta_16-10-26_12.00.00.04_operation_attr.txt'.

     0K                                                        0,00 =0s

2016-10-26 12:00:00 (0,00 B/s) - `wget_log/beta_16-10-26_12.00.00.04_operation_attr.txt' сохранён [0/0]

--2016-10-26 12:00:05--  http://localsite/beta_post/update_tracker_crm.php
Распознаётся localsite... 192.168.0.27
Устанавливается соединение с localsite|192.168.0.27|:80... соединение установлено.
Запрос HTTP послан, ожидается ответ... 200 OK
Длина: 0 [text/html]
Сохраняется в каталог: `wget_log/beta_16-10-26_12.00.00.04_tracker_crm.txt'.

     0K                                                        0,00 =0s

2016-10-26 12:00:06 (0,00 B/s) - `wget_log/beta_16-10-26_12.00.00.04_tracker_crm.txt' сохранён [0/0]

--2016-10-26 12:00:11--  http://localsite/beta_post/update_status_get_tracking.php
Распознаётся localsite... 192.168.0.27
Устанавливается соединение с localsite|192.168.0.27|:80... соединение установлено.
Запрос HTTP послан, ожидается ответ... 200 OK
Длина: нет информации [text/html]
Сохраняется в каталог: `wget_log/beta_16-10-26_12.00.00.04_get_tracking.txt'.

     0K .......... .......... .......... .......... ..........  864 
    50K .......... .......... .......... .......... .           863 =1m49s

2016-10-26 12:02:16 (863 B/s) - `wget_log/beta_16-10-26_12.00.00.04_get_tracking.txt' сохранён [94021]

--2016-10-26 12:02:21--  http://localsite/beta_post/update_status_crm.php
Распознаётся localsite... 192.168.0.27
Устанавливается соединение с localsite|192.168.0.27|:80... соединение установлено.
Запрос HTTP послан, ожидается ответ... 200 OK
Длина: 3259 (3,2K) [text/html]
Сохраняется в каталог: `wget_log/beta_16-10-26_12.00.00.04_status_crm.txt'.

     0K ...                                                   100%  174M=0s

2016-10-26 12:02:23 (174 MB/s) - `wget_log/beta_16-10-26_12.00.00.04_status_crm.txt' сохранён [3259/3259]

--2016-10-26 13:00:00--  http://localsite/beta_post/update_performer_doc.php
Распознаётся localsite... 192.168.0.27
Устанавливается соединение с localsite|192.168.0.27|:80... соединение установлено.
Запрос HTTP послан, ожидается ответ... 200 OK
Длина: 207 [text/html]
Сохраняется в каталог: `wget_log/beta_16-10-26_13.00.00.02_update_performer_doc.txt'.

     0K                                                       100% 17,4M=0s

2016-10-26 13:00:03 (17,4 MB/s) - `wget_log/beta_16-10-26_13.00.00.02_update_performer_doc.txt' сохранён [207/207]

--2016-10-26 13:00:08--  http://localsite/beta_post/update_performer_doc6.php
Распознаётся localsite... 192.168.0.27
Устанавливается соединение с localsite|192.168.0.27|:80... соединение установлено.
Запрос HTTP послан, ожидается ответ... 200 OK
Длина: нет информации [text/html]
Сохраняется в каталог: `wget_log/beta_16-10-26_13.00.00.02_update_performer_doc6.txt'.

     0K .......... .......... .......... .......... .......... 13,0K
    50K .......... .......... .......... .......... .......... 10,6K
   100K .......... .......... .......... .......... .......... 11,9K
   150K .......... .......... .......... .......... ..........  716K
   200K .......... .......... .......... .......... .......... 6,64K
   250K .......... .......... .......... .......... ..........  774K
   300K .......... .......... .......... .......... ..........  875K
   350K .......... .......... .......... .......... .......... 5,19K
   400K .......... .......... .......... .......... ..........  775K
   450K .......... .......... .......... .......... ..........  709K
   500K .......... .......... .......... .......... .......... 9,00K
   550K .......... .......... .......... .......... .......... 13,2K
   600K .......... .......... .......... .......... .......... 18,6K
   650K .......... .......... .......... .......... .......... 10,7K
   700K .......... .......... .......... .......... ..........  790K
   750K .......... .......... .......... .......... .......... 6,85K
   800K .......... .......... .......... .......... ..........  860K
   850K .......... .......... .......... .......... .......... 7,18K
   900K .......... .......... .......... .......... .......... 17,0K
   950K .......... .......... .......... .......... .......... 17,9K
  1000K .......... .......... .......... .......... .......... 12,7K
  1050K .......... .......... .......... .......... .......... 14,2K
  1100K .......... .......... .......... .......... .......... 12,9K
  1150K .......... .......... .......... .......... .......... 14,2K
  1200K .......... .......... .......... .......... .......... 19,9K
  1250K .......... .......... .......... .......... .......... 8,68K
  1300K .......... .......... .......... .......... ..........  908K
  1350K .......... .......... .......... .......... .......... 9,67K
  1400K .......... .......... .......... .......... .......... 13,1K
  1450K .......... .......... .......... .......... .......... 21,0K
  1500K .......... .......... .......... .......... .......... 13,8K
  1550K .......... .......... .......... .......... .......... 25,6K
  1600K .......... .......... .......... .......... .......... 8,16K
  1650K .......... .......... .......... .......... ..........  480K
  1700K .......... .......... .......... .......... .......... 6,37K
  1750K .......... .......... .......... .......... ..........  583K
  1800K .......... .......... .......... .......... .......... 6,56K
  1850K .......... .......... .......... .......... ..........  789K
  1900K .......... .......... .......... .......... ..........  625K
  1950K .......... .......... .......... .......... .......... 10,6K
  2000K .......... .......... .......... .......... .......... 10,1K
  2050K .......... .......... .......... .......... ..........  695K
  2100K .......... .......... .......... .......... .......... 7,42K
  2150K .......... .......... .......... .......... .......... 12,6K
  2200K .......... .......... .......... .......... .......... 32,6K
  2250K .......... .......... .......... .......... .......... 14,0K
  2300K .......... .......... .......... .......... .......... 20,2K
  2350K .......... .......... .......... .......... .......... 13,5K
  2400K .......... .......... .......... .......... .......... 10,0K
  2450K .......... .......... .......... .......... .......... 17,4K
  2500K .......... .......... .......... .......... .......... 11,2K
  2550K .......... .......... .......... .......... .......... 14,7K
  2600K .......... .......... .......... .......... .......... 11,1K
  2650K .......... .......... .......... .......... .......... 15,6K
  2700K .......... .......... .......... .......... .......... 13,0K
  2750K .......... .......... .......... .......... .......... 18,6K
  2800K .......... .......... .......... .......... .......... 17,6K
  2850K .......... .......... .......... .......... .......... 8,80K
  2900K .......... .......... .......... .......... .......... 18,5K
  2950K .......... .......... .......... .......... .......... 11,5K
  3000K .......... .......... .......... .......... .......... 8,95K
  3050K .......... .......... .......... .......... .......... 18,8K
  3100K .......... .......... .......... .......... .......... 9,00K
  3150K .......... .......... .......... .......... .......... 15,9K
  3200K .......... .......... .......... .......... .......... 13,6K
  3250K .......... .......... .......... .......... .......... 9,14K
  3300K .......... .......... .......... .......... .......... 9,49K
  3350K .......... .......... .......... .......... .......... 16,0K
  3400K .......... .......... .......... .......... .......... 10,3K
  3450K .......... .......... .......... .......... .......... 16,3K
  3500K .......... .......... .......... .......... .......... 12,0K
  3550K .......... .......... .......... .......... .......... 11,4K
  3600K .......... .......... .......... .......... ..........  913K
  3650K .......... .......... .......... .......... .......... 10,3K
  3700K .......... .......... .......... .......... .......... 11,5K
  3750K .......... .......... .......... .......... .......... 12,0K
  3800K .......... .......... .......... .......... .......... 8,89K
  3850K .......... .......... .......... .......... .......... 15,2K
  3900K .......... .......... .......... .......... .......... 7,95K
  3950K .......... .......... .......... .......... .......... 16,6K
  4000K .......... .......... .......... .......... .......... 17,8K
  4050K .......... .......... .......... .......... .......... 10,4K
  4100K .......... .......... .......... .......... ..........  678K
  4150K .......... .......... .......... .......... .......... 8,49K
  4200K .......... .......... .......... .......... .......... 15,8K
  4250K .......... .......... .......... .......... .......... 9,75K
  4300K .......... .......... .......... .......... .......... 19,7K
  4350K .......... .......... .......... .......... .......... 8,98K
  4400K .......... .......... .......... .......... .......... 10,4K
  4450K .......... .......... .......... .......... .......... 24,8K
  4500K .......... .......... .......... .......... .......... 12,3K
  4550K .......... .......... .......... .......... .......... 9,85K
  4600K .......... .......... .......... .......... .......... 12,0K
  4650K .......... .......... .......... .......... .......... 16,3K
  4700K .......... .......... .......... .......... .......... 16,4K
  4750K .......... .......... .......... .......... .......... 7,46K
  4800K .......... .......... .......... .......... .......... 14,9K
  4850K .......... .......... .......... .......... .......... 20,0K
  4900K .......... .......... .......... .......... .......... 9,89K
  4950K .......... .......... .......... .......... ..........  669K
  5000K .......... .......... .......... .......... .......... 7,34K
  5050K .......... .......... .......... .......... .......... 10,4K
  5100K .......... .......... .......... .......... .......... 13,5K
  5150K .......... .......... .......... .......... .......... 12,8K
  5200K .......... .......... .......... .......... .......... 11,2K
  5250K .......... .......... .......... .......... ..........  774K
  5300K .......... .......... .......... .......... .......... 7,37K
  5350K .......... .......... .......... .......... .......... 10,6K
  5400K .......... .......... .......... .......... .......... 12,3K
  5450K .......... .......... .......... .......... .......... 6,07K
  5500K .......... .......... .......... .......... ..........  738K
  5550K .......... .......... .......... .......... .......... 13,6K
  5600K .......... .......... .......... .......... .......... 7,70K
  5650K .......... .......... .......... .......... .......... 15,5K
  5700K .......... .......... .......... .......... .......... 8,94K
  5750K .......... .......... .......... .......... .......... 23,8K
  5800K .......... .......... .......... .......... .......... 13,3K
  5850K .......... .......... .......... .......... ..........  669K
  5900K .......... .......... .......... .......... .......... 6,28K
  5950K .......... .......... .......... .......... .......... 17,1K
  6000K .......... .......... .......... .......... .......... 12,0K
  6050K .......... .......... .......... .......... .......... 12,5K
  6100K .......... .......... .......... .......... ..........  564K
  6150K .......... .......... .......... .......... .......... 7,30K
  6200K .......... .......... .......... .......... .......... 16,1K
  6250K .......... .......... .......... .......... .......... 11,2K
  6300K .......... .......... .......... .......... .......... 8,40K
  6350K .......... .......... .......... .......... .......... 11,5K
  6400K .......... .......... .......... .......... ..........  528K
  6450K .......... .......... .......... .......... .......... 8,59K
  6500K .......... .......... .......... .......... .......... 11,7K
  6550K .......... .......... .......... .......... .......... 15,4K
  6600K .......... .......... .......... .......... .......... 9,35K
  6650K .......... .......... .......... .......... .......... 11,3K
  6700K .......... .......... .......... .......... .......... 8,21K
  6750K .......... .......... .......... .......... ..........  759K
  6800K .......... .......... .......... .......... .......... 8,47K
  6850K .......... .......... .......... .......... .......... 10,8K
  6900K .......... .......... .......... .......... .......... 8,71K
  6950K .......... .......... .......... .......... .......... 9,61K
  7000K .......... .......... .......... .......... .......... 10,6K
  7050K .......... .......... .......... .......... .......... 10,8K
  7100K .......... .......... .......... .......... .......... 14,2K
  7150K .......... .......... .......... .......... .......... 11,6K
  7200K .......... .......... .......... .......... .......... 11,7K
  7250K .......... .......... .......... .......... .......... 10,5K
  7300K .......... .......... .......... .......... .......... 14,6K
  7350K .......... .......... .......... .......... .......... 13,0K
  7400K .......... .......... .......... .......... .......... 11,0K
  7450K .......... .......... .......... .......... .......... 10,6K
  7500K .......... .......... .......... .......... .......... 15,9K
  7550K .......... .......... .......... .......... .......... 17,5K
  7600K .......... .......... .......... .......... .......... 7,83K
  7650K .......... .......... .......... .......... .......... 23,9K
  7700K .......... .......... .......... .......... .......... 6,46K
  7750K .......... .......... .......... .......... .......... 9,56K
  7800K .......... .......... .......... .......... ..........  882K
  7850K .......... .......... .......... .......... .......... 8,84K
  7900K .......... .......... .......... .......... .......... 11,1K
  7950K .......... .......... .......... .......... ..........  600K
  8000K .......... .......... .......... .......... .......... 9,86K
  8050K .......... .......... .......... .......... .......... 13,7K
  8100K .......... .......... .......... .......... .......... 12,4K
  8150K .......... .......... .......... .......... .......... 14,3K
  8200K .......... .......... .......... .......... .......... 9,84K
  8250K .......... .......... .......... .......... ..........  851K
  8300K .......... .......... .......... .......... .......... 9,40K
  8350K .......... .......... .......... .......... .......... 10,8K
  8400K .......... .......... .......... .......... .......... 19,9K
  8450K .......... .......... .......... .......... .......... 8,17K
  8500K .......... .......... .......... .......... .......... 18,8K
  8550K .......... .......... .......... .......... .......... 14,4K
  8600K .......... .......... .......... .......... .......... 10,5K
  8650K .......... .......... .......... .......... .......... 25,3K
  8700K .......... .......... .......... .......... .......... 8,21K
  8750K .......... .......... .......... .......... .......... 14,4K
  8800K .......... .......... .......... .......... ..........  927K
  8850K .......... .......... .......... .......... ..........  747K
  8900K .......... .......... .......... .......... .......... 6,79K
  8950K .......... .......... .......... .......... .......... 7,93K
  9000K .......... .......... .......... .......... .......... 16,2K
  9050K .......... .......... .......... .......... .......... 9,88K
  9100K .......... .......... .......... .......... .......... 11,1K
  9150K .......... .......... .......... .......... .......... 7,21K
  9200K .......... .......... .......... .......... ..........  833K
  9250K .......... .......... .......... .......... ..........  687K
  9300K .......... .......... .......... .......... .......... 7,61K
  9350K .......... .......... .......... .......... .......... 9,41K
  9400K .......... .......... .......... .......... .......... 8,41K
  9450K .......... .......... .......... .......... ..........  953K
  9500K .......... .......... .......... .......... .......... 7,29K
  9550K .......... .......... .......... .......... ..........  762K
  9600K .......... .......... .......... .......... .......... 5,58K
  9650K .......... .......... .......... .......... ..........  788K
  9700K .......... .......... .......... .......... ..........  663K
  9750K .......... .......... .......... .......... .......... 8,18K
  9800K .......... .......... .......... .......... .......... 10,5K
  9850K .......... .......... .......... .......... .......... 8,55K
  9900K .......... .......... .......... .......... ..........  841K
  9950K .......... .......... .......... .......... .......... 9,30K
 10000K .......... .......... .......... .......... .......... 12,4K
 10050K .......... .......... .......... .......... .......... 6,22K
 10100K .......... .......... .......... .......... ..........  759K
 10150K .......... .......... .......... .......... .......... 9,31K
 10200K .......... .......... .......... .......... .......... 16,0K
 10250K .......... .......... .......... .......... .......... 10,6K
 10300K .......... .......... .......... .......... .......... 10,4K
 10350K .......... .......... .......... .......... .......... 9,76K
 10400K .......... .......... .......... .......... .......... 4,63K
 10450K .......... .......... .......... .......... ..........  761K
 10500K .......... .......... .......... .......... .......... 7,05K
 10550K .......... .......... .......... .......... .......... 9,92K
 10600K .......... .......... .......... .......... .......... 5,94K
 10650K .......... .......... .......... .......... .......... 11,1K
 10700K .......... .......... .......... .......... .......... 8,99K
 10750K .......... .......... .......... .......... .......... 5,62K
 10800K .......... .......... .......... .......... .......... 14,6K
 10850K .......... .......... .......... .......... .......... 11,0K
 10900K .......... .......... .......... .......... .......... 7,22K
 10950K .......... .......... .......... .......... ..........  956K
 11000K .......... .......... .......... .......... .......... 8,29K
 11050K .......... .......... .......... .......... .......... 15,2K
 11100K .......... .......... .......... .......... .......... 10,3K
 11150K .......... .......... .......... .......... .......... 6,59K
 11200K .......... .......... .......... .......... .......... 7,26K
 11250K .......... .......... .......... .......... ..........  790K
 11300K .......... .......... .......... .......... ..........  908K
 11350K .......... .......... .......... .......... .......... 7,08K
 11400K .......... .......... .......... .......... .......... 11,0K
 11450K .......... .......... .......... .......... .......... 10,4K
 11500K .......... .......... .......... .......... .......... 9,46K
 11550K .......... .......... .......... .......... .......... 10,9K
 11600K .......... .......... .......... .......... ..........  712K
 11650K .......... .......... .......... .......... .......... 7,48K
 11700K .......... .......... .......... .......... .......... 7,19K
 11750K .......... .......... .......... .......... .......... 10,5K
 11800K .......... .......... .......... .......... .......... 14,8K
 11850K .......... .......... .......... .......... .......... 10,1K
 11900K .......... .......... .......... .......... ......     14,6K=15m49s

2016-10-26 13:16:00 (12,6 KB/s) - `wget_log/beta_16-10-26_13.00.00.02_update_performer_doc6.txt' сохранён [12233559]

--2016-10-26 13:16:05--  http://localsite/beta_post/update_performer_doc8.php
Распознаётся localsite... 192.168.0.27
Устанавливается соединение с localsite|192.168.0.27|:80... соединение установлено.
Запрос HTTP послан, ожидается ответ... 200 OK
Длина: нет информации [text/html]
Сохраняется в каталог: `wget_log/beta_16-10-26_13.00.00.02_update_performer_doc8.txt'.

     0K .......... .......... .......... .......... .......... 3,70K
    50K .......... .......... .......... .......... .......... 4,24K
   100K .......... .......... .......... .......... .......... 3,16K
   150K .......... .......... .......... .......... .......... 3,13K
   200K .......... .......... .......... .......... .......... 3,89K
   250K .......... .......... .......... .......... .......... 3,61K
   300K .......... .......... .......... .......... .......... 3,74K
   350K .......... .......... .......... .......... .......... 4,21K
   400K .......... .......... .......... .......... .......... 3,32K
   450K .......... .......... .......... .......... .......... 3,65K
   500K .......... .......... .......... .......... .......... 3,58K
   550K .......... .......... .......... .......... .......... 4,51K
   600K .......... .......... .......... .......... .......... 3,70K
   650K .......... .......... .......... .......... .......... 3,78K
   700K .......... .......... .......... .......... .......... 3,80K
   750K ........                                               3,22K=3m25s

2016-10-26 13:19:35 (3,69 KB/s) - `wget_log/beta_16-10-26_13.00.00.02_update_performer_doc8.txt' сохранён [776267]

--2016-10-26 14:00:00--  http://localsite/beta_post/update_operation_attr.php
Распознаётся localsite... 192.168.0.27
Устанавливается соединение с localsite|192.168.0.27|:80... соединение установлено.
Запрос HTTP послан, ожидается ответ... 200 OK
Длина: 0 [text/html]
Сохраняется в каталог: `wget_log/beta_16-10-26_14.00.00.04_operation_attr.txt'.

     0K                                                        0,00 =0s

2016-10-26 14:00:00 (0,00 B/s) - `wget_log/beta_16-10-26_14.00.00.04_operation_attr.txt' сохранён [0/0]

--2016-10-26 14:00:05--  http://localsite/beta_post/update_tracker_crm.php
Распознаётся localsite... 192.168.0.27
Устанавливается соединение с localsite|192.168.0.27|:80... соединение установлено.
Запрос HTTP послан, ожидается ответ... 200 OK
Длина: 0 [text/html]
Сохраняется в каталог: `wget_log/beta_16-10-26_14.00.00.04_tracker_crm.txt'.

     0K                                                        0,00 =0s

2016-10-26 14:00:06 (0,00 B/s) - `wget_log/beta_16-10-26_14.00.00.04_tracker_crm.txt' сохранён [0/0]

--2016-10-26 14:00:11--  http://localsite/beta_post/update_status_get_tracking.php
Распознаётся localsite... 192.168.0.27
Устанавливается соединение с localsite|192.168.0.27|:80... соединение установлено.
Запрос HTTP послан, ожидается ответ... 200 OK
Длина: нет информации [text/html]
Сохраняется в каталог: `wget_log/beta_16-10-26_14.00.00.04_get_tracking.txt'.

     0K .......... .......... .......... .......... ..........  882 
    50K .......... .......... .......... .......                728 =1m50s

2016-10-26 14:02:14 (809 B/s) - `wget_log/beta_16-10-26_14.00.00.04_get_tracking.txt' сохранён [89339]

--2016-10-26 14:02:19--  http://localsite/beta_post/update_status_crm.php
Распознаётся localsite... 192.168.0.27
Устанавливается соединение с localsite|192.168.0.27|:80... соединение установлено.
Запрос HTTP послан, ожидается ответ... 200 OK
Длина: 3290 (3,2K) [text/html]
Сохраняется в каталог: `wget_log/beta_16-10-26_14.00.00.04_status_crm.txt'.

     0K ...                                                   100%  264M=0s

2016-10-26 14:02:21 (264 MB/s) - `wget_log/beta_16-10-26_14.00.00.04_status_crm.txt' сохранён [3290/3290]

--2016-10-26 16:00:00--  http://localsite/beta_post/update_operation_attr.php
Распознаётся localsite... 192.168.0.27
Устанавливается соединение с localsite|192.168.0.27|:80... соединение установлено.
Запрос HTTP послан, ожидается ответ... 200 OK
Длина: нет информации [text/html]
Сохраняется в каталог: `wget_log/beta_16-10-26_16.00.00.06_operation_attr.txt'.

     0K .......... .......... .......... ........               246 =2m39s

2016-10-26 16:03:30 (246 B/s) - `wget_log/beta_16-10-26_16.00.00.06_operation_attr.txt' сохранён [39146]

--2016-10-26 16:03:35--  http://localsite/beta_post/update_tracker_crm.php
Распознаётся localsite... 192.168.0.27
Устанавливается соединение с localsite|192.168.0.27|:80... соединение установлено.
Запрос HTTP послан, ожидается ответ... 200 OK
Длина: 2659 (2,6K) [text/html]
Сохраняется в каталог: `wget_log/beta_16-10-26_16.00.00.06_tracker_crm.txt'.

     0K ..                                                    100%  196M=0s

2016-10-26 16:06:08 (196 MB/s) - `wget_log/beta_16-10-26_16.00.00.06_tracker_crm.txt' сохранён [2659/2659]

--2016-10-26 16:06:13--  http://localsite/beta_post/update_status_get_tracking.php
Распознаётся localsite... 192.168.0.27
Устанавливается соединение с localsite|192.168.0.27|:80... соединение установлено.
Запрос HTTP послан, ожидается ответ... 200 OK
Длина: нет информации [text/html]
Сохраняется в каталог: `wget_log/beta_16-10-26_16.00.00.06_get_tracking.txt'.

     0K .......... .......... .......... .......... ..........  831 
    50K .......... .......... .......... ..                     886 =1m40s

2016-10-26 16:08:06 (852 B/s) - `wget_log/beta_16-10-26_16.00.00.06_get_tracking.txt' сохранён [84923]

--2016-10-26 16:08:11--  http://localsite/beta_post/update_status_crm.php
Распознаётся localsite... 192.168.0.27
Устанавливается соединение с localsite|192.168.0.27|:80... соединение установлено.
Запрос HTTP послан, ожидается ответ... 200 OK
Длина: 0 [text/html]
Сохраняется в каталог: `wget_log/beta_16-10-26_16.00.00.06_status_crm.txt'.

     0K                                                        0,00 =0s

2016-10-26 16:08:11 (0,00 B/s) - `wget_log/beta_16-10-26_16.00.00.06_status_crm.txt' сохранён [0/0]

