--2016-10-24 07:00:00--  http://localsite/beta_post/update_performer_doc.php
Распознаётся localsite... 192.168.0.27
Устанавливается соединение с localsite|192.168.0.27|:80... соединение установлено.
Запрос HTTP послан, ожидается ответ... --2016-10-24 07:00:00--  http://localsite/beta_post/update_operation_attr.php
Распознаётся localsite... 192.168.0.27
Устанавливается соединение с localsite|192.168.0.27|:80... соединение установлено.
Запрос HTTP послан, ожидается ответ... 200 OK
Длина: 0 [text/html]
Сохраняется в каталог: `wget_log/beta_16-10-24_ 7.00.00.05_operation_attr.txt'.

     0K                                                        0,00 =0s

2016-10-24 07:00:00 (0,00 B/s) - `wget_log/beta_16-10-24_ 7.00.00.05_operation_attr.txt' сохранён [0/0]

200 OK
Длина: 207 [text/html]
Сохраняется в каталог: `wget_log/beta_16-10-24_ 7.00.00.05_update_performer_doc.txt'.

     0K                                                       100% 21,9M=0s

2016-10-24 07:00:03 (21,9 MB/s) - `wget_log/beta_16-10-24_ 7.00.00.05_update_performer_doc.txt' сохранён [207/207]

--2016-10-24 07:00:05--  http://localsite/beta_post/update_tracker_crm.php
Распознаётся localsite... 192.168.0.27
Устанавливается соединение с localsite|192.168.0.27|:80... соединение установлено.
Запрос HTTP послан, ожидается ответ... 200 OK
Длина: 0 [text/html]
Сохраняется в каталог: `wget_log/beta_16-10-24_ 7.00.00.05_tracker_crm.txt'.

     0K                                                        0,00 =0s

2016-10-24 07:00:06 (0,00 B/s) - `wget_log/beta_16-10-24_ 7.00.00.05_tracker_crm.txt' сохранён [0/0]

--2016-10-24 07:00:08--  http://localsite/beta_post/update_performer_doc6.php
Распознаётся localsite... 192.168.0.27
Устанавливается соединение с localsite|192.168.0.27|:80... соединение установлено.
Запрос HTTP послан, ожидается ответ... 200 OK
Длина: нет информации [text/html]
Сохраняется в каталог: `wget_log/beta_16-10-24_ 7.00.00.05_update_performer_doc6.txt'.

     0K .......--2016-10-24 07:00:11--  http://localsite/beta_post/update_status_get_tracking.php
Распознаётся localsite... 192.168.0.27
Устанавливается соединение с localsite|192.168.0.27|:80... соединение установлено.
Запрос HTTP послан, ожидается ответ... ... .......... .......... .......... .......... 14,1K
    50K .......... .......... .......... .......... .......... 11,0K
   100K .200 OK
Длина: нет информации [text/html]
Сохраняется в каталог: `wget_log/beta_16-10-24_ 7.00.00.05_get_tracking.txt'.

     0K ................ .......... .......... .......... .......... 12,2K
   150K .......... .......... .......... .......... ..........  920K
   200K .......... .......... .......... .......... .......... 6,75K
   250K .......... .......... .......... .......... ..........  840K
   300K .......... .......... .......... .......... ..........  944K
   350K .......... .......... .......... .......... .... .......... ............ 5,73K
   400K .......... .......... .......... .......... ..........  986K
   450K .......... .......... .......... .......... ..........  900K
   500K .......... .......... .......... .......... .......... 9,84K
   550K .......... .......... .......... .......... .......... 15,1K
   600K .......... .......... ............ ...... .......... .......... 23,5K
   650K .......... .......... .......... .......... .......... 12,6K
   700K .......... .......... .......... .......... ..........  899K........
   750K .......... .......... .......... .......... .......... 7,84K
   800K .......... .......... .......... .......... ..........  948K
   850K .......... .......... .......... .......... .......... 7,74K
   900K .......... .......... ........... ....... .......... .......... 19,9K
   950K .......... .......... .......... .......... .......... 20,8K
  1000K .......... .......... .......... .......... .......... 15,5K
  1050K ........  937 
    50K .......... .......... .......... .......... .......... 15,0K
  1100K .......... .......... .......... .......... .......... 14,3K
  1150K .......... .......... .......... ............. ..... .......... 16,7K
  1200K .......... .......... .......... .......... .......... 25,1K
  1250K .......... .......... .......... .......... .......... 10,2K
  1300K .......... .......... .......... .......... ..........  924K
  1350K ................. . .......... .......... .......... .......... 11,4K
  1400K .......... .......... .......... .......... .......... 14,4K
  1450K .......... .......... .................. .......... .......... 24,6K
  1500K .......... .......... .......... .......... .......... 16,0K
  1550K .......... .......... .......... .......... .......... 27,0K
  1600K ........... ....... .......... .......... .......... .......... 10,1K
  1650K .......... .......... .......... .......... ..........  772K
  1700K .......... .......... .......... .......... .......... 7,63K
  1750K .......... .......... .......... .......... ..........  840K
  1800K .......... .......... .......... .......... ........ ......     1,02K=1m40s

2016-10-24 07:02:01 (984 B/s) - `wget_log/beta_16-10-24_ 7.00.00.05_get_tracking.txt' сохранён [98640]

..... 7,51K
  1850K .......... .......... .......... .......... ..........  984K
  1900K .......... .......... .......... .......... ..........  837K
  1950K .......... ..--2016-10-24 07:02:06--  http://localsite/beta_post/update_status_crm.php
Распознаётся localsite... 192.168.0.27
Устанавливается соединение с localsite|192.168.0.27|:80... соединение установлено.
Запрос HTTP послан, ожидается ответ... ........ .......... .......... ....200 OK
Длина: 3202 (3,1K) [text/html]
Сохраняется в каталог: `wget_log/beta_16-10-24_ 7.00.00.05_status_crm.txt'.

     0K ...                                                   100%  260M=0s

2016-10-24 07:02:07 (260 MB/s) - `wget_log/beta_16-10-24_ 7.00.00.05_status_crm.txt' сохранён [3202/3202]

...... 12,4K
  2000K .......... .......... .......... .......... .......... 12,7K
  2050K .......... .......... .......... .......... ..........  983K
  2100K .......... .......... .......... .......... .......... 9,89K
  2150K .......... .......... .......... .......... .......... 13,3K
  2200K .......... .......... .......... .......... .......... 39,3K
  2250K .......... .......... .......... .......... .......... 16,2K
  2300K .......... .......... .......... .......... .......... 21,5K
  2350K .......... .......... .......... .......... .......... 16,6K
  2400K .......... .......... .......... .......... .......... 11,3K
  2450K .......... .......... .......... .......... .......... 18,4K
  2500K .......... .......... .......... .......... .......... 14,6K
  2550K .......... .......... .......... .......... .......... 17,9K
  2600K .......... .......... .......... .......... .......... 12,2K
  2650K .......... .......... .......... .......... .......... 17,8K
  2700K .......... .......... .......... .......... .......... 14,5K
  2750K .......... .......... .......... .......... .......... 21,5K
  2800K .......... .......... .......... .......... .......... 19,4K
  2850K .......... .......... .......... .......... .......... 11,4K
  2900K .......... .......... .......... .......... .......... 21,1K
  2950K .......... .......... .......... .......... .......... 13,3K
  3000K .......... .......... .......... .......... .......... 10,2K
  3050K .......... .......... .......... .......... .......... 22,2K
  3100K .......... .......... .......... .......... .......... 10,1K
  3150K .......... .......... .......... .......... .......... 16,8K
  3200K .......... .......... .......... .......... .......... 16,6K
  3250K .......... .......... .......... .......... .......... 10,2K
  3300K .......... .......... .......... .......... .......... 9,40K
  3350K .......... .......... .......... .......... .......... 15,4K
  3400K .......... .......... .......... .......... .......... 10,4K
  3450K .......... .......... .......... .......... .......... 17,1K
  3500K .......... .......... .......... .......... .......... 12,4K
  3550K .......... .......... .......... .......... .......... 12,3K
  3600K .......... .......... .......... .......... ..........  986K
  3650K .......... .......... .......... .......... .......... 10,8K
  3700K .......... .......... .......... .......... .......... 12,8K
  3750K .......... .......... .......... .......... .......... 5,84K
  3800K .......... .......... .......... .......... .......... 12,3K
  3850K .......... .......... .......... .......... .......... 16,2K
  3900K .......... .......... .......... .......... .......... 8,32K
  3950K .......... .......... .......... .......... .......... 17,7K
  4000K .......... .......... .......... .......... .......... 20,6K
  4050K .......... .......... .......... .......... .......... 11,5K
  4100K .......... .......... .......... .......... ..........  941K
  4150K .......... .......... .......... .......... .......... 9,77K
  4200K .......... .......... .......... .......... .......... 17,6K
  4250K .......... .......... .......... .......... .......... 11,4K
  4300K .......... .......... .......... .......... .......... 21,7K
  4350K .......... .......... .......... .......... .......... 9,65K
  4400K .......... .......... .......... .......... .......... 10,8K
  4450K .......... .......... .......... .......... .......... 26,0K
  4500K .......... .......... .......... .......... .......... 13,9K
  4550K .......... .......... .......... .......... .......... 10,9K
  4600K .......... .......... .......... .......... .......... 12,9K
  4650K .......... .......... .......... .......... .......... 19,0K
  4700K .......... .......... .......... .......... .......... 17,5K
  4750K .......... .......... .......... .......... .......... 8,02K
  4800K .......... .......... .......... .......... .......... 17,6K
  4850K .......... .......... .......... .......... .......... 21,8K
  4900K .......... .......... .......... .......... .......... 11,2K
  4950K .......... .......... .......... .......... ..........  943K
  5000K .......... .......... .......... .......... .......... 8,15K
  5050K .......... .......... .......... .......... .......... 11,7K
  5100K .......... .......... .......... .......... .......... 15,1K
  5150K .......... .......... .......... .......... .......... 14,5K
  5200K .......... .......... .......... .......... .......... 12,5K
  5250K .......... .......... .......... .......... ..........  926K
  5300K .......... .......... .......... .......... .......... 8,34K
  5350K .......... .......... .......... .......... .......... 11,9K
  5400K .......... .......... .......... .......... .......... 15,5K
  5450K .......... .......... .......... .......... .......... 7,89K
  5500K .......... .......... .......... .......... ..........  996K
  5550K .......... .......... .......... .......... .......... 16,2K
  5600K .......... .......... .......... .......... .......... 8,83K
  5650K .......... .......... .......... .......... .......... 18,4K
  5700K .......... .......... .......... .......... .......... 11,1K
  5750K .......... .......... .......... .......... .......... 27,0K
  5800K .......... .......... .......... .......... .......... 13,9K
  5850K .......... .......... .......... .......... ..........  928K
  5900K .......... .......... .......... .......... .......... 7,59K
  5950K .......... .......... .......... .......... .......... 18,3K
  6000K .......... .......... .......... .......... .......... 13,8K
  6050K .......... .......... .......... .......... .......... 13,1K
  6100K .......... .......... .......... .......... ..........  986K
  6150K .......... .......... .......... .......... .......... 8,68K
  6200K .......... .......... .......... .......... .......... 19,5K
  6250K .......... .......... .......... .......               23,4K=6m56s

2016-10-24 07:22:07 (15,1 KB/s) - Ошибка чтения, позиция 6437959 (Connection timed out).Повтор.

--2016-10-24 07:22:08--  (попытка: 2)  http://localsite/beta_post/update_performer_doc6.php
Устанавливается соединение с localsite|192.168.0.27|:80... соединение установлено.
Запрос HTTP послан, ожидается ответ... 200 OK
Длина: нет информации [text/html]
Сохраняется в каталог: `wget_log/beta_16-10-24_ 7.00.00.05_update_performer_doc6.txt'.

     0K .......... .......... .......... .......... ..........  0% 15,3K 6m47s
    50K .......... .......... .......... .......... ..........  1% 11,9K 7m42s
   100K .......... .......... .......... .......... ..........  2% 14,1K 7m30s
   150K .......... .......... .......... .......... ..........  3%  949K 5m37s
   200K .......... .......... .......... .......... ..........  3% 7,08K 7m18s
   250K .......... .......... .......... .......... ..........  4%  859K 6m3s
   300K .......... .......... .......... .......... ..........  5%  934K 5m9s
   350K .......... .......... .......... .......... ..........  6% 5,77K 6m36s
   400K .......... .......... .......... .......... ..........  7% 1011K 5m49s
   450K .......... .......... .......... .......... ..........  7%  930K 5m12s
   500K .......... .......... .......... .......... ..........  8% 9,88K 5m34s
   550K .......... .......... .......... .......... ..........  9% 15,0K 5m35s
   600K .......... .......... .......... .......... .......... 10% 22,6K 5m26s
   650K .......... .......... .......... .......... .......... 11% 12,9K 5m31s
   700K .......... .......... .......... .......... .......... 11%  935K 5m7s
   750K .......... .......... .......... .......... .......... 12% 8,24K 5m27s
   800K .......... .......... .......... .......... .......... 13%  994K 5m5s
   850K .......... .......... .......... .......... .......... 14% 8,12K 5m22s
   900K .......... .......... .......... .......... .......... 15% 20,1K 5m16s
   950K .......... .......... .......... .......... .......... 15% 21,9K 5m10s
  1000K .......... .......... .......... .......... .......... 16% 16,4K 5m7s
  1050K .......... .......... .......... .......... .......... 17% 15,3K 5m6s
  1100K .......... .......... .......... .......... .......... 18% 14,5K 5m5s
  1150K .......... .......... .......... .......... .......... 19% 16,9K 5m2s
  1200K .......... .......... .......... .......... .......... 19% 25,6K 4m55s
  1250K .......... .......... .......... .......... .......... 20% 10,6K 4m59s
  1300K .......... .......... .......... .......... .......... 21%  981K 4m45s
  1350K .......... .......... .......... .......... .......... 22% 11,5K 4m47s
  1400K .......... .......... .......... .......... .......... 23% 15,0K 4m46s
  1450K .......... .......... .......... .......... .......... 23% 23,3K 4m40s
  1500K .......... .......... .......... .......... .......... 24% 16,1K 4m38s
  1550K .......... .......... .......... .......... .......... 25% 26,9K 4m32s
  1600K .......... .......... .......... .......... .......... 26% 10,1K 4m35s
  1650K .......... .......... .......... .......... .......... 27%  811K 4m24s
  1700K .......... .......... .......... .......... .......... 27% 7,65K 4m31s
  1750K .......... .......... .......... .......... .......... 28%  864K 4m20s
  1800K .......... .......... .......... .......... .......... 29% 7,74K 4m26s
  1850K .......... .......... .......... .......... .......... 30%  946K 4m16s
  1900K .......... .......... .......... .......... .......... 31%  851K 4m7s
  1950K .......... .......... .......... .......... .......... 31% 12,9K 4m6s
  2000K .......... .......... .......... .......... .......... 32% 12,7K 4m6s
  2050K .......... .......... .......... .......... .......... 33%  993K 3m57s
  2100K .......... .......... .......... .......... .......... 34% 9,66K 3m59s
  2150K .......... .......... .......... .......... .......... 34% 14,4K 3m57s
  2200K .......... .......... .......... .......... .......... 35% 40,9K 3m51s
  2250K .......... .......... .......... .......... .......... 36% 16,4K 3m48s
  2300K .......... .......... .......... .......... .......... 37% 21,6K 3m45s
  2350K .......... .......... .......... .......... .......... 38% 16,5K 3m42s
  2400K .......... .......... .......... .......... .......... 38% 12,0K 3m41s
  2450K .......... .......... .......... .......... .......... 39% 20,2K 3m38s
  2500K .......... .......... .......... .......... .......... 40% 15,1K 3m36s
  2550K .......... .......... .......... .......... .......... 41% 18,8K 3m32s
  2600K .......... .......... .......... .......... .......... 42% 12,9K 3m31s
  2650K .......... .......... .......... .......... .......... 42% 18,3K 3m28s
  2700K .......... .......... .......... .......... .......... 43% 14,9K 3m25s
  2750K .......... .......... .......... .......... .......... 44% 23,0K 3m22s
  2800K .......... .......... .......... .......... .......... 45% 20,4K 3m18s
  2850K .......... .......... .......... .......... .......... 46% 11,6K 3m17s
  2900K .......... .......... .......... .......... .......... 46% 22,6K 3m13s
  2950K .......... .......... .......... .......... .......... 47% 14,2K 3m11s
  3000K .......... .......... .......... .......... .......... 48% 10,5K 3m10s
  3050K .......... .......... .......... .......... .......... 49% 21,9K 3m6s
  3100K .......... .......... .......... .......... .......... 50% 10,5K 3m5s
  3150K .......... .......... .......... .......... .......... 50% 17,6K 3m2s
  3200K .......... .......... .......... .......... .......... 51% 16,9K 2m59s
  3250K .......... .......... .......... .......... .......... 52% 10,6K 2m58s
  3300K .......... .......... .......... .......... .......... 53% 10,6K 2m57s
  3350K .......... .......... .......... .......... .......... 54% 17,9K 2m53s
  3400K .......... .......... .......... .......... .......... 54% 12,0K 2m51s
  3450K .......... .......... .......... .......... .......... 55% 17,8K 2m48s
  3500K .......... .......... .......... .......... .......... 56% 13,2K 2m46s
  3550K .......... .......... .......... .......... .......... 57% 12,4K 2m43s
  3600K .......... .......... .......... .......... .......... 58%  998K 2m38s
  3650K .......... .......... .......... .......... .......... 58% 11,5K 2m36s
  3700K .......... .......... .......... .......... .......... 59% 12,8K 2m34s
  3750K .......... .......... .......... .......... .......... 60% 14,8K 2m31s
  3800K .......... .......... .......... .......... .......... 61% 12,6K 2m29s
  3850K .......... .......... .......... .......... .......... 62% 17,7K 2m25s
  3900K .......... .......... .......... .......... .......... 62% 8,70K 2m24s
  3950K .......... .......... .......... .......... .......... 63% 19,6K 2m21s
  4000K .......... .......... .......... .......... .......... 64% 22,4K 2m17s
  4050K .......... .......... .......... .......... .......... 65% 11,8K 2m15s
  4100K .......... .......... .......... .......... .......... 66%  958K 2m10s
  4150K .......... .......... .......... .......... .......... 66% 10,4K 2m8s
  4200K .......... .......... .......... .......... .......... 67% 18,3K 2m5s
  4250K .......... .......... .......... .......... .......... 68% 12,0K 2m2s
  4300K .......... .......... .......... .......... .......... 69% 21,6K 1m59s
  4350K .......... .......... .......... .......... .......... 69% 9,76K 1m56s
  4400K .......... .......... .......... .......... .......... 70% 11,3K 1m54s
  4450K .......... .......... .......... .......... .......... 71% 26,5K 1m50s
  4500K .......... .......... .......... .......... .......... 72% 14,0K 1m47s
  4550K .......... .......... .......... .......... .......... 73% 11,2K 1m45s
  4600K .......... .......... .......... .......... .......... 73% 13,4K 1m42s
  4650K .......... .......... .......... .......... .......... 74% 19,8K 99s
  4700K .......... .......... .......... .......... .......... 75% 18,8K 95s
  4750K .......... .......... .......... .......... .......... 76% 8,33K 93s
  4800K .......... .......... .......... .......... .......... 77% 18,0K 90s
  4850K .......... .......... .......... .......... .......... 77% 22,6K 87s
  4900K .......... .......... .......... .......... .......... 78% 11,4K 84s
  4950K .......... .......... .......... .......... .......... 79%  935K 80s
  5000K .......... .......... .......... .......... .......... 80% 8,38K 77s
  5050K .......... .......... .......... .......... .......... 81% 11,9K 75s
  5100K .......... .......... .......... .......... .......... 81% 15,0K 71s
  5150K .......... .......... .......... .......... .......... 82% 14,8K 68s
  5200K .......... .......... .......... .......... .......... 83% 12,6K 65s
  5250K .......... .......... .......... .......... .......... 84%  933K 62s
  5300K .......... .......... .......... .......... .......... 85% 8,38K 59s
  5350K .......... .......... .......... .......... .......... 85% 12,4K 56s
  5400K .......... .......... .......... .......... .......... 86% 15,2K 53s
  5450K .......... .......... .......... .......... .......... 87% 8,09K 50s
  5500K .......... .......... .......... .......... .......... 88%  981K 47s
  5550K .......... .......... .......... .......... .......... 89% 14,2K 43s
  5600K .......... .......... .......... .......... .......... 89% 8,87K 41s
  5650K .......... .......... .......... .......... .......... 90% 18,3K 37s
  5700K .......... .......... .......... .......... .......... 91% 11,2K 34s
  5750K .......... .......... .......... .......... .......... 92% 27,4K 31s
  5800K .......... .......... .......... .......... .......... 93% 14,6K 28s
  5850K .......... .......... .......... .......... .......... 93%  943K 24s
  5900K .......... .......... .......... .......... .......... 94% 7,14K 21s
  5950K .......... .......... .......... .......... .......... 95% 17,9K 18s
  6000K .......... .......... .......... .......... .......... 96% 14,2K 15s
  6050K .......... .......... .......... .......... .......... 97% 13,1K 12s
  6100K .......... .......... .......... .......... .......... 97% 1006K 9s
  6150K .......... .......... .......... .......... .......... 98% 9,02K 6s
  6200K .......... .......... .......... .......... .......... 99% 19,8K 2s
  6250K .......... .......... .......... .......... ..........100% 13,7K 0s
  6300K .......... .......... .......... .......... ..........101% 10,2K -3s
  6350K .......... .......... .......... .......... ..........101% 12,9K -6s
  6400K .......... .......... .......... .......... ..........102%  983K -9s
  6450K .......... .......... .......... .......... ..........103% 9,51K -13s
  6500K .......... .......... .......... .......... ..........104% 12,7K -16s
  6550K .......... .......... .......... .......... ..........104% 17,5K -19s
  6600K .......... .......... .......... .......... ..........105% 10,2K -22s
  6650K .......... .......... .......... .......... ..........106% 13,3K -26s
  6700K .......... .......... .......... .......... ..........107% 9,29K -29s
  6750K .......... .......... .......... .......... ..........108%  945K -32s
  6800K .......... .......... .......... .......... ..........108% 9,29K -35s
  6850K .......... .......... .......... .......... ..........109% 11,6K -39s
  6900K .......... .......... .......... .......... ..........110% 9,67K -42s
  6950K .......... .......... .......... .......... ..........111% 10,9K -45s
  7000K .......... .......... .......... .......... ..........112% 13,1K -49s
  7050K .......... .......... .......... .......... ..........112% 11,9K -52s
  7100K .......... .......... .......... .......... ..........113% 15,1K -55s
  7150K .......... .......... .......... .......... ..........114% 11,6K -59s
  7200K .......... .......... .......... .......... ..........115% 12,2K -62s
  7250K .......... .......... .......... .......... ..........116% 11,4K -66s
  7300K .......... .......... .......... .......... ..........116% 15,7K -69s
  7350K .......... .......... .......... .......... ..........117% 14,0K -72s
  7400K .......... .......... .......... .......... ..........118% 12,4K -76s
  7450K .......... .......... .......... .......... ..........119% 11,7K -79s
  7500K .......... .......... .......... .......... ..........120% 16,6K -82s
  7550K .......... .......... .......... .......... ..........120% 18,1K -85s
  7600K .......... .......... .......... .......... ..........121% 8,18K -89s
  7650K .......... .......... .......... .......... ..........122% 26,8K -92s
  7700K .......... .......... .......... .......... ..........123% 7,70K -96s
  7750K .......... .......... .......... .......... ..........124% 9,13K -100s
  7800K .......... .......... .......... .......... ..........124% 1008K -103s
  7850K .......... .......... .......... .......... ..........125% 10,4K -106s
  7900K .......... .......... .......... .......... ..........126% 12,2K -110s
  7950K .......... .......... .......... .......... ..........127%  854K -112s
  8000K .......... .......... .......... .......... ..........128% 10,8K -116s
  8050K .......... .......... .......... .......... ..........128% 14,2K -119s
  8100K .......... .......... .......... .......... ..........129% 12,6K -123s
  8150K .......... .......... .......... .......... ..........130% 15,3K -126s
  8200K .......... .......... .......... .......... ..........131% 10,9K -130s
  8250K .......... .......... .......... .......... ..........132%  957K -132s
  8300K .......... .......... .......... .......... ..........132% 10,6K -136s
  8350K .......... .......... .......... .......... ..........133% 12,5K -139s
  8400K .......... .......... .......... .......... ..........134% 20,1K -143s
  8450K .......... .......... .......... .......... ..........135% 9,07K -146s
  8500K .......... .......... .......... .......... ..........135% 20,4K -150s
  8550K .......... .......... .......... .......... ..........136% 15,0K -153s
  8600K .......... .......... .......... .......... ..........137% 11,1K -156s
  8650K .......... .......... .......... .......... ..........138% 24,8K -159s
  8700K .......... .......... .......... .......... ..........139% 8,97K -163s
  8750K .......... .......... .......... .......... ..........139% 14,2K -167s
  8800K .......... .......... .......... .......... ..........140%  996K -169s
  8850K .......... .......... .......... .......... ..........141%  778K -172s
  8900K .......... .......... .......... .......... ..........142% 7,51K -176s
  8950K .......... .......... .......... .......... ..........143% 8,69K -180s
  9000K .......... .......... .......... .......... ..........143% 17,1K -183s
  9050K .......... .......... .......... .......... ..........144% 10,1K -187s
  9100K .......... .......... .......... .......... ..........145% 11,3K -191s
  9150K .......... .......... .......... .......... ..........146% 7,45K -195s
  9200K .......... .......... .......... .......... ..........147%  961K -197s
  9250K .......... .......... .......... .......... ..........147%  789K -200s
  9300K .......... .......... .......... .......... ..........148% 8,07K -204s
  9350K .......... .......... .......... .......... ..........149% 9,93K -208s
  9400K .......... .......... .......... .......... ..........150% 9,14K -212s
  9450K .......... .......... .......... .......... ..........151%  996K -214s
  9500K .......... .......... .......... .......... ..........151% 7,51K -219s
  9550K .......... .......... .......... .......... ..........152%  977K -221s
  9600K .......... .......... .......... .......... ..........153% 5,81K -226s
  9650K .......... .......... .......... .......... ..........154%  994K -228s
  9700K .......... .......... .......... .......... ..........155%  961K -230s
  9750K .......... .......... .......... .......... ..........155% 8,64K -235s
  9800K .......... .......... .......... .......... ..........156% 10,9K -238s
  9850K .......... .......... .......... .......... ..........157% 8,82K -243s
  9900K .......... .......... .......... .......... ..........158%  953K -245s
  9950K .......... .......... .......... .......... ..........159% 9,44K -249s
 10000K .......... .......... .......... .......... ..........159% 13,0K -252s
 10050K .......... .......... .......... .......... ..........160% 6,67K -257s
 10100K .......... .......... .......... .......... ..........161%  991K -259s
 10150K .......... .......... .......... .......... ..........162% 10,1K -263s
 10200K .......... .......... .......... .......... ..........163% 15,3K -267s
 10250K .......... .......... .......... .......... ..........163% 10,2K -271s
 10300K .......... .......... .......... .......... ..........164% 11,2K -274s
 10350K .......... .......... .......... .......... ..........165% 10,2K -278s
 10400K .......... .......... .......... .......... ..........166% 8,61K -283s
 10450K .......... .......... .......... .......... ..........167%  998K -285s
 10500K .......... .......... .......... .......... ..........167% 8,68K -289s
 10550K .......... .......... .......... .......... ..........168% 15,9K -293s
 10600K .......... .......... .......... .......... ..........169% 9,46K -297s
 10650K .......... .......... .......... .......... ..........170% 12,0K -300s
 10700K .......... .......... .......... .......... ..........170% 10,2K -304s
 10750K .......... .......... .......... .......... ..........171% 8,87K -309s
 10800K .......... .......... .......... .......... ..........172% 16,2K -312s
 10850K .......... .......... .......... .......... ..........173% 11,8K -316s
 10900K .......... .......... .......... .......... ..........174% 8,37K -320s
 10950K .......... .......... .......... .......... ..........174%  987K -322s
 11000K .......... .......... .......... .......... ..........175% 8,61K -327s
 11050K .......... .......... .......... .......... ..........176% 16,0K -330s
 11100K .......... .......... .......... .......... ..........177% 11,3K -334s
 11150K .......... .......... .......... .......... ..........178% 7,38K -339s
 11200K .......... .......... .......... .......... ..........178% 7,46K -344s
 11250K .......... .......... .......... .......... ..........179%  730K -346s
 11300K .......... .......... .......... .......... ..........180%  853K -348s
 11350K .......... .......... .......... .......... ..........181% 7,13K -353s
 11400K .......... .......... .......... .......... ..........182% 12,6K -356s
 11450K .......... .......... .......... .......... ..........182% 13,2K -360s
 11500K .......... .......... .......... .......... ..........183% 11,1K -364s
 11550K .......... .......... .......... .......... ..........184% 12,1K -368s
 11600K .......... .......... .......... .......... ..........185%  951K -370s
 11650K .......... .......... .......... .......... ..........186% 8,19K -374s
 11700K .......... .......... .......... .......... ..........186% 8,59K -379s
 11750K .......... .......... .......... .......... ..........187% 12,0K -383s
 11800K .......... .......... .......... .......... ..........188% 15,7K -386s
 11850K .......... .......... .......... .......... ..........189% 10,9K -390s
 11900K .......... .......... .......... .......... ......    190% 16,0K=13m52s

2016-10-24 07:36:03 (14,4 KB/s) - `wget_log/beta_16-10-24_ 7.00.00.05_update_performer_doc6.txt' сохранён [12233559]

--2016-10-24 07:36:08--  http://localsite/beta_post/update_performer_doc8.php
Распознаётся localsite... 192.168.0.27
Устанавливается соединение с localsite|192.168.0.27|:80... соединение установлено.
Запрос HTTP послан, ожидается ответ... 200 OK
Длина: нет информации [text/html]
Сохраняется в каталог: `wget_log/beta_16-10-24_ 7.00.00.05_update_performer_doc8.txt'.

     0K .......... .......... .......... .......... .......... 3,89K
    50K .......... .......... .......... .......... .......... 4,79K
   100K .......... .......... .......... .......... .......... 3,22K
   150K .......... .......... .......... .......... .......... 3,22K
   200K .......... .......... .......... .......... .......... 4,15K
   250K .......... .......... .......... .......... .......... 3,63K
   300K .......... .......... .......... .......... .......... 3,88K
   350K .......... .......... .......... .......... .......... 4,58K
   400K .......... .......... .......... .......... .......... 3,39K
   450K .......... .......... .......... .......... .......... 3,69K
   500K .......... .......... .......... .......... .......... 4,08K
   550K .......... .......... .......... .......... .......... 4,60K
   600K .......... .......... .......... .......... .......... 3,89K
   650K .......... .......... .......... .......... .......... 4,01K
   700K .......... .......... .......... .......... .......... 3,75K
   750K ........                                               3,29K=3m16s

2016-10-24 07:39:29 (3,86 KB/s) - `wget_log/beta_16-10-24_ 7.00.00.05_update_performer_doc8.txt' сохранён [776267]

--2016-10-24 09:55:00--  http://localsite/beta_post/update_operation_attr.php
Распознаётся localsite... 192.168.0.27
Устанавливается соединение с localsite|192.168.0.27|:80... соединение установлено.
Запрос HTTP послан, ожидается ответ... 200 OK
Длина: 0 [text/html]
Сохраняется в каталог: `wget_log/beta_16-10-24_ 9.55.00.05_operation_attr.txt'.

     0K                                                        0,00 =0s

2016-10-24 09:55:00 (0,00 B/s) - `wget_log/beta_16-10-24_ 9.55.00.05_operation_attr.txt' сохранён [0/0]

--2016-10-24 09:55:05--  http://localsite/beta_post/update_tracker_crm.php
Распознаётся localsite... 192.168.0.27
Устанавливается соединение с localsite|192.168.0.27|:80... соединение установлено.
Запрос HTTP послан, ожидается ответ... 200 OK
Длина: 0 [text/html]
Сохраняется в каталог: `wget_log/beta_16-10-24_ 9.55.00.05_tracker_crm.txt'.

     0K                                                        0,00 =0s

2016-10-24 09:55:06 (0,00 B/s) - `wget_log/beta_16-10-24_ 9.55.00.05_tracker_crm.txt' сохранён [0/0]

--2016-10-24 09:55:11--  http://localsite/beta_post/update_status_get_tracking.php
Распознаётся localsite... 192.168.0.27
Устанавливается соединение с localsite|192.168.0.27|:80... соединение установлено.
Запрос HTTP послан, ожидается ответ... 200 OK
Длина: нет информации [text/html]
Сохраняется в каталог: `wget_log/beta_16-10-24_ 9.55.00.05_get_tracking.txt'.

     0K .......... .......... .......... .......... ..........  755 
    50K .......... .......... .......... .......... ....        717 =2m12s

2016-10-24 09:57:42 (736 B/s) - `wget_log/beta_16-10-24_ 9.55.00.05_get_tracking.txt' сохранён [97049]

--2016-10-24 09:57:47--  http://localsite/beta_post/update_status_crm.php
Распознаётся localsite... 192.168.0.27
Устанавливается соединение с localsite|192.168.0.27|:80... соединение установлено.
Запрос HTTP послан, ожидается ответ... 200 OK
Длина: 0 [text/html]
Сохраняется в каталог: `wget_log/beta_16-10-24_ 9.55.00.05_status_crm.txt'.

     0K                                                        0,00 =0s

2016-10-24 09:57:47 (0,00 B/s) - `wget_log/beta_16-10-24_ 9.55.00.05_status_crm.txt' сохранён [0/0]

--2016-10-24 12:00:00--  http://localsite/beta_post/update_operation_attr.php
Распознаётся localsite... 192.168.0.27
Устанавливается соединение с localsite|192.168.0.27|:80... соединение установлено.
Запрос HTTP послан, ожидается ответ... 200 OK
Длина: 0 [text/html]
Сохраняется в каталог: `wget_log/beta_16-10-24_12.00.00.03_operation_attr.txt'.

     0K                                                        0,00 =0s

2016-10-24 12:00:00 (0,00 B/s) - `wget_log/beta_16-10-24_12.00.00.03_operation_attr.txt' сохранён [0/0]

--2016-10-24 12:00:05--  http://localsite/beta_post/update_tracker_crm.php
Распознаётся localsite... 192.168.0.27
Устанавливается соединение с localsite|192.168.0.27|:80... соединение установлено.
Запрос HTTP послан, ожидается ответ... 200 OK
Длина: 0 [text/html]
Сохраняется в каталог: `wget_log/beta_16-10-24_12.00.00.03_tracker_crm.txt'.

     0K                                                        0,00 =0s

2016-10-24 12:00:06 (0,00 B/s) - `wget_log/beta_16-10-24_12.00.00.03_tracker_crm.txt' сохранён [0/0]

--2016-10-24 12:00:11--  http://localsite/beta_post/update_status_get_tracking.php
Распознаётся localsite... 192.168.0.27
Устанавливается соединение с localsite|192.168.0.27|:80... соединение установлено.
Запрос HTTP послан, ожидается ответ... 200 OK
Длина: нет информации [text/html]
Сохраняется в каталог: `wget_log/beta_16-10-24_12.00.00.03_get_tracking.txt'.

     0K .......... .......... .......... .......... ..........  588 
    50K .......... .......... .......... .......... ....        843 =2m22s

2016-10-24 12:02:47 (686 B/s) - `wget_log/beta_16-10-24_12.00.00.03_get_tracking.txt' сохранён [97181]

--2016-10-24 12:02:52--  http://localsite/beta_post/update_status_crm.php
Распознаётся localsite... 192.168.0.27
Устанавливается соединение с localsite|192.168.0.27|:80... соединение установлено.
Запрос HTTP послан, ожидается ответ... 200 OK
Длина: 1097 (1,1K) [text/html]
Сохраняется в каталог: `wget_log/beta_16-10-24_12.00.00.03_status_crm.txt'.

     0K .                                                     100%  115M=0s

2016-10-24 12:02:53 (115 MB/s) - `wget_log/beta_16-10-24_12.00.00.03_status_crm.txt' сохранён [1097/1097]

--2016-10-24 13:00:00--  http://localsite/beta_post/update_performer_doc.php
Распознаётся localsite... 192.168.0.27
Устанавливается соединение с localsite|192.168.0.27|:80... соединение установлено.
Запрос HTTP послан, ожидается ответ... 200 OK
Длина: 207 [text/html]
Сохраняется в каталог: `wget_log/beta_16-10-24_13.00.00.02_update_performer_doc.txt'.

     0K                                                       100% 23,6M=0s

2016-10-24 13:00:03 (23,6 MB/s) - `wget_log/beta_16-10-24_13.00.00.02_update_performer_doc.txt' сохранён [207/207]

--2016-10-24 13:00:09--  http://localsite/beta_post/update_performer_doc6.php
Распознаётся localsite... 192.168.0.27
Устанавливается соединение с localsite|192.168.0.27|:80... соединение установлено.
Запрос HTTP послан, ожидается ответ... 200 OK
Длина: нет информации [text/html]
Сохраняется в каталог: `wget_log/beta_16-10-24_13.00.00.02_update_performer_doc6.txt'.

     0K .......... .......... .......... .......... .......... 13,2K
    50K .......... .......... .......... .......... .......... 9,70K
   100K .......... .......... .......... .......... .......... 5,42K
   150K .......... .......... .......... .......... ..........  557K
   200K .......... .......... .......... .......... .......... 6,47K
   250K .......... .......... .......... .......... ..........  673K
   300K .......... .......... .......... .......... ..........  765K
   350K .......... .......... .......... .......... .......... 5,23K
   400K .......... .......... .......... .......... ..........  588K
   450K .......... .......... .......... .......... ..........  581K
   500K .......... .......... .......... .......... .......... 8,18K
   550K .......... .......... .......... .......... .......... 13,1K
   600K .......... .......... .......... .......... .......... 22,0K
   650K .......... .......... .......... .......... .......... 10,7K
   700K .......... .......... .......... .......... ..........  487K
   750K .......... .......... .......... .......... .......... 7,16K
   800K .......... .......... .......... .......... ..........  657K
   850K .......... .......... .......... .......... .......... 6,44K
   900K .......... .......... .......... .......... .......... 18,8K
   950K .......... .......... .......... .......... .......... 19,0K
  1000K .......... .......... .......... .......... .......... 14,5K
  1050K .......... .......... .......... .......... .......... 13,7K
  1100K .......... .......... .......... .......... .......... 13,8K
  1150K .......... .......... .......... .......... .......... 15,2K
  1200K .......... .......... .......... .......... .......... 24,8K
  1250K .......... .......... .......... .......... .......... 9,88K
  1300K .......... .......... .......... .......... ..........  906K
  1350K .......... .......... .......... .......... .......... 10,9K
  1400K .......... .......... .......... .......... .......... 14,3K
  1450K .......... .......... .......... .......... .......... 22,6K
  1500K .......... .......... .......... .......... .......... 14,6K
  1550K .......... .......... .......... .......... .......... 27,2K
  1600K .......... .......... .......... .......... .......... 9,50K
  1650K .......... .......... .......... .......... ..........  500K
  1700K .......... .......... .......... .......... .......... 6,85K
  1750K .......... .......... .......... .......... ..........  797K
  1800K .......... .......... .......... .......... .......... 6,63K
  1850K .......... .......... .......... .......... ..........  941K
  1900K .......... .......... .......... .......... ..........  683K
  1950K .......... .......... .......... .......... .......... 11,6K
  2000K .......... .......... .......... .......... .......... 12,6K
  2050K .......... .......... .......... .......... ..........  633K
  2100K .......... .......... .......... .......... .......... 9,09K
  2150K .......... .......... .......... .......... .......... 13,4K
  2200K .......... .......... .......... .......... .......... 37,8K
  2250K .......... .......... .......... .......... .......... 15,3K
  2300K .......... .......... .......... .......... .......... 21,0K
  2350K .......... .......... .......... .......... .......... 14,9K
  2400K .......... .......... .......... .......... .......... 11,0K
  2450K .......... .......... .......... .......... .......... 18,2K
  2500K .......... .......... .......... .......... .......... 13,4K
  2550K .......... .......... .......... .......... .......... 17,3K
  2600K .......... .......... .......... .......... .......... 11,9K
  2650K .......... .......... .......... .......... .......... 15,9K
  2700K .......... .......... .......... .......... .......... 13,4K
  2750K .......... .......... .......... .......... .......... 19,1K
  2800K .......... .......... .......... .......... .......... 18,1K
  2850K .......... .......... .......... .......... .......... 10,7K
  2900K .......... .......... .......... .......... .......... 21,9K
  2950K .......... .......... .......... .......... .......... 12,2K
  3000K .......... .......... .......... .......... .......... 9,45K
  3050K .......... .......... .......... .......... .......... 20,2K
  3100K .......... .......... .......... .......... .......... 9,76K
  3150K .......... .......... .......... .......... .......... 16,1K
  3200K .......... .......... .......... .......... .......... 15,9K
  3250K .......... .......... .......... .......... .......... 10,1K
  3300K .......... .......... .......... .......... .......... 9,47K
  3350K .......... .......... .......... .......... .......... 16,3K
  3400K .......... .......... .......... .......... .......... 10,3K
  3450K .......... .......... .......... .......... .......... 17,0K
  3500K .......... .......... .......... .......... .......... 11,7K
  3550K .......... .......... .......... .......... .......... 11,7K
  3600K .......... .......... .......... .......... ..........  832K
  3650K .......... .......... .......... .......... .......... 10,7K
  3700K .......... .......... .......... .......... .......... 12,0K
  3750K .......... .......... .......... .......... .......... 13,7K
  3800K .......... .......... .......... .......... .......... 11,6K
  3850K .......... .......... .......... .......... .......... 15,6K
  3900K .......... .......... .......... .......... .......... 8,37K
  3950K .......... .......... .......... .......... .......... 18,6K
  4000K .......... .......... .......... .......... .......... 20,3K
  4050K .......... .......... .......... .......... .......... 11,0K
  4100K .......... .......... .......... .......... ..........  862K
  4150K .......... .......... .......... .......... .......... 9,37K
  4200K .......... .......... .......... .......... .......... 16,6K
  4250K .......... .......... .......... .......... .......... 11,3K
  4300K .......... .......... .......... .......... .......... 20,9K
  4350K .......... .......... .......... .......... .......... 8,46K
  4400K .......... .......... .......... .......... .......... 10,4K
  4450K .......... .......... .......... .......... .......... 24,5K
  4500K .......... .......... .......... .......... .......... 13,5K
  4550K .......... .......... .......... .......... .......... 11,2K
  4600K .......... .......... .......... .......... .......... 13,0K
  4650K .......... .......... .......... .......... .......... 18,2K
  4700K .......... .......... .......... .......... .......... 16,9K
  4750K .......... .......... .......... .......... .......... 6,95K
  4800K .......... .......... .......... .......... .......... 17,2K
  4850K .......... .......... .......... .......... .......... 22,1K
  4900K .......... .......... .......... .......... .......... 10,6K
  4950K .......... .......... .......... .......... ..........  719K
  5000K .......... .......... .......... .......... .......... 7,48K
  5050K .......... .......... .......... .......... .......... 11,4K
  5100K .......... .......... .......... .......... .......... 14,6K
  5150K .......... .......... .......... .......... .......... 13,3K
  5200K .......... .......... .......... .......... .......... 12,0K
  5250K .......... .......... .......... .......... ..........  800K
  5300K .......... .......... .......... .......... .......... 7,67K
  5350K .......... .......... .......... .......... .......... 11,3K
  5400K .......... .......... .......... .......... .......... 14,3K
  5450K .......... .......... .......... .......... .......... 7,55K
  5500K .......... .......... .......... .......... ..........  718K
  5550K .......... .......... .......... .......... .......... 14,1K
  5600K .......... .......... .......... .......... .......... 8,67K
  5650K .......... .......... .......... .......... .......... 17,7K
  5700K .......... .......... .......... .......... .......... 10,5K
  5750K .......... .......... .......... .......... .......... 22,0K
  5800K .......... .......... .......... .......... .......... 13,8K
  5850K .......... .......... .......... .......... ..........  802K
  5900K .......... .......... .......... .......... .......... 7,08K
  5950K .......... .......... .......... .......... .......... 17,0K
  6000K .......... .......... .......... .......... .......... 12,9K
  6050K .......... .......... .......... .......... .......... 13,1K
  6100K .......... .......... .......... .......... ..........  848K
  6150K .......... .......... .......... .......... .......... 7,80K
  6200K .......... .......... .......... .......... .......... 18,1K
  6250K .......... .......... .......... .......... .......... 12,6K
  6300K .......... .......... .......... .......... .......... 10,0K
  6350K .......... .......... .......... .......... .......... 11,8K
  6400K .......... .......... .......... .......... ..........  853K
  6450K .......... .......... .......... .......... .......... 9,19K
  6500K .......... .......... .......... .......... .......... 12,7K
  6550K .......... .......... .......... .......... .......... 16,6K
  6600K .......... .......... .......... .......... .......... 9,83K
  6650K .......... .......... .......... .......... .......... 12,8K
  6700K .......... .......... .......... .......... .......... 9,20K
  6750K .......... .......... .......... .......... ..........  676K
  6800K .......... .......... .......... .......... .......... 8,73K
  6850K .......... .......... .......... .......... .......... 10,7K
  6900K .......... .......... .......... .......... .......... 9,63K
  6950K .......... .......... .......... .......... .......... 10,7K
  7000K .......... .......... .......... .......... .......... 11,6K
  7050K .......... .......... .......... .......... .......... 9,99K
  7100K .......... .......... .......... .......... .......... 14,0K
  7150K .......... .......... .......... .......... .......... 10,8K
  7200K .......... .......... .......... .......... .......... 11,6K
  7250K .......... .......... .......... .......... .......... 10,3K
  7300K .......... .......... .......... .......... .......... 15,3K
  7350K .......... .......... .......... .......... .......... 13,2K
  7400K .......... .......... .......... .......... .......... 11,2K
  7450K .......... .......... .......... .......... .......... 10,9K
  7500K .......... .......... .......... .......... .......... 15,4K
  7550K .......... .......... .......... .......... .......... 15,9K
  7600K .......... .......... .......... .......... .......... 7,45K
  7650K .......... .......... .......... .......... .......... 25,6K
  7700K .......... .......... .......... .......... .......... 7,26K
  7750K .......... .......... .......... .......... .......... 9,45K
  7800K .......... .......... .......... .......... ..........  797K
  7850K .......... .......... .......... .......... .......... 9,26K
  7900K .......... .......... .......... .......... .......... 10,8K
  7950K .......... .......... .......... .......... ..........  669K
  8000K .......... .......... .......... .......... .......... 9,72K
  8050K .......... .......... .......... .......... .......... 13,6K
  8100K .......... .......... .......... .......... .......... 11,6K
  8150K .......... .......... .......... .......... .......... 14,3K
  8200K .......... .......... .......... .......... .......... 10,5K
  8250K .......... .......... .......... .......... ..........  826K
  8300K .......... .......... .......... .......... .......... 9,86K
  8350K .......... .......... .......... .......... .......... 10,6K
  8400K .......... .......... .......... .......... .......... 19,2K
  8450K .......... .......... .......... .......... .......... 8,65K
  8500K .......... .......... .......... .......... .......... 18,8K
  8550K .......... .......... .......... .......... .......... 14,9K
  8600K .......... .......... .......... .......... .......... 10,1K
  8650K .......... .......... .......... .......... .......... 24,3K
  8700K .......... .......... .......... .......... .......... 8,33K
  8750K .......... .......... .......... .......... .......... 13,8K
  8800K .......... .......... .......... .......... ..........  832K
  8850K .......... .......... .......... .......... ..........  617K
  8900K .......... .......... .......... .......... .......... 6,72K
  8950K .......... .......... .......... .......... .......... 8,03K
  9000K .......... .......... .......... .......... .......... 15,6K
  9050K .......... .......... .......... .......... .......... 9,80K
  9100K .......... .......... .......... .......... .......... 11,2K
  9150K .......... .......... .......... .......... .......... 7,30K
  9200K .......... .......... .......... .......... ..........  738K
  9250K .......... .......... .......... .......... ..........  626K
  9300K .......... .......... .......... .......... .......... 7,60K
  9350K .......... .......... .......... .......... .......... 9,13K
  9400K .......... .......... .......... .......... .......... 7,91K
  9450K .......... .......... .......... .......... ..........  746K
  9500K .......... .......... .......... .......... .......... 6,95K
  9550K .......... .......... .......... .......... ..........  809K
  9600K .......... .......... .......... .......... .......... 5,63K
  9650K .......... .......... .......... .......... ..........  878K
  9700K .......... .......... .......... .......... ..........  762K
  9750K .......... .......... .......... .......... .......... 7,18K
  9800K .......... .......... .......... .......... .......... 10,4K
  9850K .......... .......... .......... .......... .......... 8,41K
  9900K .......... .......... .......... .......... ..........  753K
  9950K .......... .......... .......... .......... .......... 8,70K
 10000K .......... .......... .......... .......... .......... 12,0K
 10050K .......... .......... .......... .......... .......... 6,33K
 10100K .......... .......... .......... .......... ..........  870K
 10150K .......... .......... .......... .......... .......... 9,70K
 10200K .......... .......... .......... .......... .......... 16,4K
 10250K .......... .......... .......... .......... .......... 10,1K
 10300K .......... .......... .......... .......... .......... 10,8K
 10350K .......... .......... .......... .......... .......... 9,73K
 10400K .......... .......... .......... .......... .......... 7,72K
 10450K .......... .......... .......... .......... ..........  872K
 10500K .......... .......... .......... .......... .......... 7,82K
 10550K .......... .......... .......... .......... .......... 15,7K
 10600K .......... .......... .......... .......... .......... 8,65K
 10650K .......... .......... .......... .......... .......... 11,1K
 10700K .......... .......... .......... .......... .......... 9,24K
 10750K .......... .......... .......... .......... .......... 8,59K
 10800K .......... .......... .......... .......... .......... 14,5K
 10850K .......... .......... .......... .......... .......... 10,6K
 10900K .......... .......... .......... .......... .......... 7,56K
 10950K .......... .......... .......... .......... ..........  608K
 11000K .......... .......... .......... .......... .......... 7,84K
 11050K .......... .......... .......... .......... .......... 14,8K
 11100K .......... .......... .......... .......... .......... 9,91K
 11150K .......... .......... .......... .......... .......... 6,67K
 11200K .......... .......... .......... .......... .......... 7,18K
 11250K .......... .......... .......... .......... ..........  584K
 11300K .......... .......... .......... .......... ..........  763K
 11350K .......... .......... .......... .......... .......... 6,43K
 11400K .......... .......... .......... .......... .......... 11,4K
 11450K .......... .......... .......... .......... .......... 12,8K
 11500K .......... .......... .......... .......... .......... 10,5K
 11550K .......... .......... .......... .......... .......... 10,9K
 11600K .......... .......... .......... .......... ..........  527K
 11650K .......... .......... .......... .......... .......... 7,31K
 11700K .......... .......... .......... .......... .......... 7,54K
 11750K .......... .......... .......... .......... .......... 10,2K
 11800K .......... .......... .......... .......... .......... 13,6K
 11850K .......... .......... .......... .......... .......... 9,06K
 11900K .......... .......... .......... .......... ......     14,0K=15m8s

2016-10-24 13:15:20 (13,2 KB/s) - `wget_log/beta_16-10-24_13.00.00.02_update_performer_doc6.txt' сохранён [12233559]

--2016-10-24 13:15:25--  http://localsite/beta_post/update_performer_doc8.php
Распознаётся localsite... 192.168.0.27
Устанавливается соединение с localsite|192.168.0.27|:80... соединение установлено.
Запрос HTTP послан, ожидается ответ... 200 OK
Длина: нет информации [text/html]
Сохраняется в каталог: `wget_log/beta_16-10-24_13.00.00.02_update_performer_doc8.txt'.

     0K .......... .......... .......... .......... .......... 3,81K
    50K .......... .......... .......... .......... .......... 4,72K
   100K .......... .......... .......... .......... .......... 3,07K
   150K .......... .......... .......... .......... .......... 3,10K
   200K .......... .......... .......... .......... .......... 3,99K
   250K .......... .......... .......... .......... .......... 3,37K
   300K .......... .......... .......... .......... .......... 3,74K
   350K .......... .......... .......... .......... .......... 4,37K
   400K .......... .......... .......... .......... .......... 3,25K
   450K .......... .......... .......... .......... .......... 3,75K
   500K .......... .......... .......... .......... .......... 4,16K
   550K .......... .......... .......... .......... .......... 4,53K
   600K .......... .......... .......... .......... .......... 3,94K
   650K .......... .......... .......... .......... .......... 4,03K
   700K .......... .......... .......... .......... .......... 3,72K
   750K ........                                               3,33K=3m21s

2016-10-24 13:18:51 (3,77 KB/s) - `wget_log/beta_16-10-24_13.00.00.02_update_performer_doc8.txt' сохранён [776267]

--2016-10-24 14:00:00--  http://localsite/beta_post/update_operation_attr.php
Распознаётся localsite... 192.168.0.27
Устанавливается соединение с localsite|192.168.0.27|:80... соединение установлено.
Запрос HTTP послан, ожидается ответ... 200 OK
Длина: 0 [text/html]
Сохраняется в каталог: `wget_log/beta_16-10-24_14.00.00.02_operation_attr.txt'.

     0K                                                        0,00 =0s

2016-10-24 14:00:00 (0,00 B/s) - `wget_log/beta_16-10-24_14.00.00.02_operation_attr.txt' сохранён [0/0]

--2016-10-24 14:00:05--  http://localsite/beta_post/update_tracker_crm.php
Распознаётся localsite... 192.168.0.27
Устанавливается соединение с localsite|192.168.0.27|:80... соединение установлено.
Запрос HTTP послан, ожидается ответ... 200 OK
Длина: 0 [text/html]
Сохраняется в каталог: `wget_log/beta_16-10-24_14.00.00.02_tracker_crm.txt'.

     0K                                                        0,00 =0s

2016-10-24 14:00:06 (0,00 B/s) - `wget_log/beta_16-10-24_14.00.00.02_tracker_crm.txt' сохранён [0/0]

--2016-10-24 14:00:11--  http://localsite/beta_post/update_status_get_tracking.php
Распознаётся localsite... 192.168.0.27
Устанавливается соединение с localsite|192.168.0.27|:80... соединение установлено.
Запрос HTTP послан, ожидается ответ... 200 OK
Длина: нет информации [text/html]
Сохраняется в каталог: `wget_log/beta_16-10-24_14.00.00.02_get_tracking.txt'.

     0K .......... .......... .......... .......... ..........  955 
    50K .......... .......... .......... .......... ....       1006 =99s

2016-10-24 14:01:58 (978 B/s) - `wget_log/beta_16-10-24_14.00.00.02_get_tracking.txt' сохранён [96546]

--2016-10-24 14:02:03--  http://localsite/beta_post/update_status_crm.php
Распознаётся localsite... 192.168.0.27
Устанавливается соединение с localsite|192.168.0.27|:80... соединение установлено.
Запрос HTTP послан, ожидается ответ... 200 OK
Длина: 2172 (2,1K) [text/html]
Сохраняется в каталог: `wget_log/beta_16-10-24_14.00.00.02_status_crm.txt'.

     0K ..                                                    100%  172M=0s

2016-10-24 14:02:04 (172 MB/s) - `wget_log/beta_16-10-24_14.00.00.02_status_crm.txt' сохранён [2172/2172]

--2016-10-24 16:00:00--  http://localsite/beta_post/update_operation_attr.php
Распознаётся localsite... 192.168.0.27
Устанавливается соединение с localsite|192.168.0.27|:80... соединение установлено.
Запрос HTTP послан, ожидается ответ... 200 OK
Длина: нет информации [text/html]
Сохраняется в каталог: `wget_log/beta_16-10-24_16.00.00.04_operation_attr.txt'.

     0K .......... .......... .......... .......... ..........  123 
    50K .......... .......... .......... .......... ..........  122 
   100K .......... ........                                     140 =16m9s

2016-10-24 16:17:24 (125 B/s) - `wget_log/beta_16-10-24_16.00.00.04_operation_attr.txt' сохранён [121056]

--2016-10-24 16:17:30--  http://localsite/beta_post/update_tracker_crm.php
Распознаётся localsite... 192.168.0.27
Устанавливается соединение с localsite|192.168.0.27|:80... соединение установлено.
Запрос HTTP послан, ожидается ответ... 200 OK
Длина: нет информации [text/html]
Сохраняется в каталог: `wget_log/beta_16-10-24_16.00.00.04_tracker_crm.txt'.

     0K ........                                               55,5 =2m41s

2016-10-24 16:20:18 (55,5 B/s) - `wget_log/beta_16-10-24_16.00.00.04_tracker_crm.txt' сохранён [8970]

--2016-10-24 16:20:23--  http://localsite/beta_post/update_status_get_tracking.php
Распознаётся localsite... 192.168.0.27
Устанавливается соединение с localsite|192.168.0.27|:80... соединение установлено.
Запрос HTTP послан, ожидается ответ... 200 OK
Длина: нет информации [text/html]
Сохраняется в каталог: `wget_log/beta_16-10-24_16.00.00.04_get_tracking.txt'.

     0K .......... .......... .......... .......... ..........  940 
    50K .......... .......... .......... .......... .......    1,04K=1m40s

2016-10-24 16:22:16 (996 B/s) - `wget_log/beta_16-10-24_16.00.00.04_get_tracking.txt' сохранён [99407]

--2016-10-24 16:22:22--  http://localsite/beta_post/update_status_crm.php
Распознаётся localsite... 192.168.0.27
Устанавливается соединение с localsite|192.168.0.27|:80... соединение установлено.
Запрос HTTP послан, ожидается ответ... 200 OK
Длина: 3232 (3,2K) [text/html]
Сохраняется в каталог: `wget_log/beta_16-10-24_16.00.00.04_status_crm.txt'.

     0K ...                                                   100%  249M=0s

2016-10-24 16:22:22 (249 MB/s) - `wget_log/beta_16-10-24_16.00.00.04_status_crm.txt' сохранён [3232/3232]

